[35m[1mScanning dependencies of target simulator_utils[0m
[ 11%] [32mBuilding CXX object CMakeFiles/simulator_utils.dir/src/simulator_utils.cpp.o[0m
[35m[1mScanning dependencies of target _simulator_utils_generate_messages_check_deps_Waypoint[0m
[ 11%] Built target _simulator_utils_generate_messages_check_deps_Waypoint
[35m[1mScanning dependencies of target geometry_msgs_generate_messages_cpp[0m
[ 11%] Built target geometry_msgs_generate_messages_cpp
[35m[1mScanning dependencies of target std_msgs_generate_messages_cpp[0m
[ 11%] Built target std_msgs_generate_messages_cpp
[35m[1mScanning dependencies of target geometry_msgs_generate_messages_nodejs[0m
[ 11%] Built target geometry_msgs_generate_messages_nodejs
[35m[1mScanning dependencies of target std_msgs_generate_messages_nodejs[0m
[ 11%] Built target std_msgs_generate_messages_nodejs
[35m[1mScanning dependencies of target std_msgs_generate_messages_eus[0m
[ 11%] Built target std_msgs_generate_messages_eus
[35m[1mScanning dependencies of target geometry_msgs_generate_messages_eus[0m
[ 11%] Built target geometry_msgs_generate_messages_eus
[35m[1mScanning dependencies of target geometry_msgs_generate_messages_py[0m
[ 11%] Built target geometry_msgs_generate_messages_py
[35m[1mScanning dependencies of target std_msgs_generate_messages_py[0m
[ 11%] Built target std_msgs_generate_messages_py
[35m[1mScanning dependencies of target geometry_msgs_generate_messages_lisp[0m
[ 11%] Built target geometry_msgs_generate_messages_lisp
[35m[1mScanning dependencies of target std_msgs_generate_messages_lisp[0m
[ 11%] Built target std_msgs_generate_messages_lisp
[35m[1mScanning dependencies of target simulator_utils_generate_messages_cpp[0m
[ 22%] [34m[1mGenerating C++ code from simulator_utils/Waypoint.msg[0m
[ 22%] Built target simulator_utils_generate_messages_cpp
[35m[1mScanning dependencies of target simulator_utils_generate_messages_nodejs[0m
[ 33%] [34m[1mGenerating Javascript code from simulator_utils/Waypoint.msg[0m
[ 33%] Built target simulator_utils_generate_messages_nodejs
[35m[1mScanning dependencies of target simulator_utils_generate_messages_eus[0m
[ 44%] [34m[1mGenerating EusLisp code from simulator_utils/Waypoint.msg[0m
[ 55%] [34m[1mGenerating EusLisp manifest code for simulator_utils[0m
[ 55%] Built target simulator_utils_generate_messages_eus
[35m[1mScanning dependencies of target simulator_utils_generate_messages_py[0m
[ 66%] [34m[1mGenerating Python from MSG simulator_utils/Waypoint[0m
[ 77%] [34m[1mGenerating Python msg __init__.py for simulator_utils[0m
[ 77%] Built target simulator_utils_generate_messages_py
[35m[1mScanning dependencies of target simulator_utils_generate_messages_lisp[0m
[ 88%] [34m[1mGenerating Lisp code from simulator_utils/Waypoint.msg[0m
[ 88%] Built target simulator_utils_generate_messages_lisp
[100%] [32m[1mLinking CXX shared library /home/rajendra/drone_ws/devel/.private/simulator_utils/lib/libsimulator_utils.so[0m
[100%] Built target simulator_utils
[35m[1mScanning dependencies of target simulator_utils_generate_messages[0m
[100%] Built target simulator_utils_generate_messages
