[35m[1mScanning dependencies of target global_planner_gencfg[0m
[35m[1mScanning dependencies of target std_msgs_generate_messages_lisp[0m
[35m[1mScanning dependencies of target geometry_msgs_generate_messages_lisp[0m
[  6%] [34m[1mGenerating dynamic reconfigure files from cfg/GlobalPlannerNode.cfg: /home/rajendra/drone_ws/devel/.private/global_planner/include/global_planner/GlobalPlannerNodeConfig.h /home/rajendra/drone_ws/devel/.private/global_planner/lib/python3/dist-packages/global_planner/cfg/GlobalPlannerNodeConfig.py[0m
[  6%] Built target std_msgs_generate_messages_lisp
[  6%] Built target geometry_msgs_generate_messages_lisp
[35m[1mScanning dependencies of target _global_planner_generate_messages_check_deps_PathWithRiskMsg[0m
[35m[1mScanning dependencies of target std_msgs_generate_messages_py[0m
[35m[1mScanning dependencies of target geometry_msgs_generate_messages_py[0m
[  6%] Built target std_msgs_generate_messages_py
[35m[1mScanning dependencies of target std_msgs_generate_messages_nodejs[0m
[  6%] Built target geometry_msgs_generate_messages_py
[  6%] Built target std_msgs_generate_messages_nodejs
[35m[1mScanning dependencies of target geometry_msgs_generate_messages_nodejs[0m
[35m[1mScanning dependencies of target std_msgs_generate_messages_cpp[0m
[35m[1mScanning dependencies of target geometry_msgs_generate_messages_cpp[0m
[  6%] Built target geometry_msgs_generate_messages_nodejs
[  6%] Built target std_msgs_generate_messages_cpp
[  6%] Built target geometry_msgs_generate_messages_cpp
[35m[1mScanning dependencies of target std_msgs_generate_messages_eus[0m
[35m[1mScanning dependencies of target geometry_msgs_generate_messages_eus[0m
[  6%] Built target std_msgs_generate_messages_eus
[35m[1mScanning dependencies of target tf2_msgs_generate_messages_lisp[0m
[  6%] Built target geometry_msgs_generate_messages_eus
[35m[1mScanning dependencies of target actionlib_msgs_generate_messages_nodejs[0m
[  6%] Built target tf2_msgs_generate_messages_lisp
[  6%] Built target actionlib_msgs_generate_messages_nodejs
[35m[1mScanning dependencies of target tf_generate_messages_py[0m
[35m[1mScanning dependencies of target actionlib_generate_messages_py[0m
[  6%] Built target tf_generate_messages_py
[  6%] Built target actionlib_generate_messages_py
[  6%] Built target _global_planner_generate_messages_check_deps_PathWithRiskMsg
[35m[1mScanning dependencies of target diagnostic_msgs_generate_messages_lisp[0m
[35m[1mScanning dependencies of target nodelet_generate_messages_eus[0m
[35m[1mScanning dependencies of target actionlib_msgs_generate_messages_cpp[0m
[  6%] Built target diagnostic_msgs_generate_messages_lisp
[35m[1mScanning dependencies of target actionlib_generate_messages_eus[0m
[  6%] Built target actionlib_msgs_generate_messages_cpp
[  6%] Built target nodelet_generate_messages_eus
[35m[1mScanning dependencies of target rosgraph_msgs_generate_messages_cpp[0m
[  6%] Built target actionlib_generate_messages_eus
[35m[1mScanning dependencies of target sensor_msgs_generate_messages_eus[0m
[35m[1mScanning dependencies of target trajectory_msgs_generate_messages_py[0m
[35m[1mScanning dependencies of target nodelet_topic_tools_gencfg[0m
[  6%] Built target rosgraph_msgs_generate_messages_cpp
[35m[1mScanning dependencies of target sensor_msgs_generate_messages_py[0m
[  6%] Built target trajectory_msgs_generate_messages_py
[35m[1mScanning dependencies of target tf2_msgs_generate_messages_eus[0m
[  6%] Built target sensor_msgs_generate_messages_eus
[  6%] Built target nodelet_topic_tools_gencfg
[  6%] Built target tf2_msgs_generate_messages_eus
[35m[1mScanning dependencies of target dynamic_reconfigure_generate_messages_eus[0m
[35m[1mScanning dependencies of target tf2_msgs_generate_messages_py[0m
[  6%] Built target sensor_msgs_generate_messages_py
[35m[1mScanning dependencies of target dynamic_reconfigure_generate_messages_nodejs[0m
[35m[1mScanning dependencies of target bond_generate_messages_cpp[0m
[  6%] Built target dynamic_reconfigure_generate_messages_eus
[  6%] Built target tf2_msgs_generate_messages_py
[35m[1mScanning dependencies of target mavros_msgs_generate_messages_cpp[0m
Generating reconfiguration files for GlobalPlannerNode in global_planner
[  6%] Built target dynamic_reconfigure_generate_messages_nodejs
[35m[1mScanning dependencies of target pcl_ros_gencfg[0m
[  6%] Built target mavros_msgs_generate_messages_cpp
Wrote header file in /home/rajendra/drone_ws/devel/.private/global_planner/include/global_planner/GlobalPlannerNodeConfig.h
[  6%] Built target bond_generate_messages_cpp
[35m[1mScanning dependencies of target rosgraph_msgs_generate_messages_eus[0m
[35m[1mScanning dependencies of target roscpp_generate_messages_nodejs[0m
[  6%] Built target pcl_ros_gencfg
[35m[1mScanning dependencies of target tf_generate_messages_lisp[0m
[35m[1mScanning dependencies of target nav_msgs_generate_messages_py[0m
[  6%] Built target roscpp_generate_messages_nodejs
[  6%] Built target rosgraph_msgs_generate_messages_eus
[  6%] Built target tf_generate_messages_lisp
[35m[1mScanning dependencies of target roscpp_generate_messages_eus[0m
[  6%] Built target nav_msgs_generate_messages_py
[35m[1mScanning dependencies of target uuid_msgs_generate_messages_cpp[0m
[35m[1mScanning dependencies of target roscpp_generate_messages_cpp[0m
[35m[1mScanning dependencies of target tf_generate_messages_nodejs[0m
[35m[1mScanning dependencies of target topic_tools_generate_messages_py[0m
[  6%] Built target uuid_msgs_generate_messages_cpp
[  6%] Built target roscpp_generate_messages_eus
[  6%] Built target roscpp_generate_messages_cpp
[  6%] Built target tf_generate_messages_nodejs
[35m[1mScanning dependencies of target sensor_msgs_generate_messages_nodejs[0m
[  6%] Built target topic_tools_generate_messages_py
[35m[1mScanning dependencies of target roscpp_generate_messages_py[0m
[  6%] Built target global_planner_gencfg
[35m[1mScanning dependencies of target diagnostic_msgs_generate_messages_cpp[0m
[35m[1mScanning dependencies of target uuid_msgs_generate_messages_eus[0m
[35m[1mScanning dependencies of target dynamic_reconfigure_generate_messages_py[0m
[35m[1mScanning dependencies of target rosgraph_msgs_generate_messages_lisp[0m
[  6%] Built target sensor_msgs_generate_messages_nodejs
[35m[1mScanning dependencies of target visualization_msgs_generate_messages_cpp[0m
[  6%] Built target uuid_msgs_generate_messages_eus
[  6%] Built target roscpp_generate_messages_py
[  6%] Built target diagnostic_msgs_generate_messages_cpp
[  6%] Built target dynamic_reconfigure_generate_messages_py
[35m[1mScanning dependencies of target tf_generate_messages_eus[0m
[  6%] Built target rosgraph_msgs_generate_messages_lisp
[35m[1mScanning dependencies of target trajectory_msgs_generate_messages_eus[0m
[35m[1mScanning dependencies of target std_srvs_generate_messages_cpp[0m
[35m[1mScanning dependencies of target actionlib_generate_messages_lisp[0m
[  6%] Built target visualization_msgs_generate_messages_cpp
[35m[1mScanning dependencies of target actionlib_msgs_generate_messages_py[0m
[35m[1mScanning dependencies of target mavros_msgs_generate_messages_lisp[0m
[  6%] Built target tf_generate_messages_eus
[35m[1mScanning dependencies of target actionlib_generate_messages_cpp[0m
[  6%] Built target trajectory_msgs_generate_messages_eus
[  6%] Built target std_srvs_generate_messages_cpp
[35m[1mScanning dependencies of target rosgraph_msgs_generate_messages_nodejs[0m
[  6%] Built target actionlib_generate_messages_lisp
[  6%] Built target actionlib_msgs_generate_messages_py
[  6%] Built target mavros_msgs_generate_messages_lisp
[  6%] Built target actionlib_generate_messages_cpp
[35m[1mScanning dependencies of target geographic_msgs_generate_messages_cpp[0m
[35m[1mScanning dependencies of target nodelet_generate_messages_lisp[0m
[  6%] Built target rosgraph_msgs_generate_messages_nodejs
[35m[1mScanning dependencies of target sensor_msgs_generate_messages_cpp[0m
[35m[1mScanning dependencies of target dynamic_reconfigure_generate_messages_cpp[0m
[  6%] Built target geographic_msgs_generate_messages_cpp
[  6%] Built target nodelet_generate_messages_lisp
[35m[1mScanning dependencies of target diagnostic_msgs_generate_messages_py[0m
[  6%] Built target sensor_msgs_generate_messages_cpp
[  6%] Built target dynamic_reconfigure_generate_messages_cpp
[35m[1mScanning dependencies of target nav_msgs_generate_messages_nodejs[0m
[  6%] Built target diagnostic_msgs_generate_messages_py
[35m[1mScanning dependencies of target sensor_msgs_generate_messages_lisp[0m
[35m[1mScanning dependencies of target tf2_msgs_generate_messages_nodejs[0m
[  6%] Built target nav_msgs_generate_messages_nodejs
[35m[1mScanning dependencies of target nodelet_generate_messages_cpp[0m
[35m[1mScanning dependencies of target nodelet_generate_messages_nodejs[0m
[  6%] Built target sensor_msgs_generate_messages_lisp
[  6%] Built target tf2_msgs_generate_messages_nodejs
[  6%] Built target nodelet_generate_messages_cpp
[35m[1mScanning dependencies of target geographic_msgs_generate_messages_lisp[0m
[  6%] Built target nodelet_generate_messages_nodejs
[35m[1mScanning dependencies of target nodelet_generate_messages_py[0m
[  6%] Built target geographic_msgs_generate_messages_lisp
[35m[1mScanning dependencies of target std_srvs_generate_messages_nodejs[0m
[  6%] Built target nodelet_generate_messages_py
[35m[1mScanning dependencies of target bond_generate_messages_eus[0m
[35m[1mScanning dependencies of target bond_generate_messages_lisp[0m
[  6%] Built target std_srvs_generate_messages_nodejs
[35m[1mScanning dependencies of target bond_generate_messages_nodejs[0m
[  6%] Built target bond_generate_messages_eus
[35m[1mScanning dependencies of target bond_generate_messages_py[0m
[  6%] Built target bond_generate_messages_lisp
[35m[1mScanning dependencies of target dynamic_reconfigure_generate_messages_lisp[0m
[35m[1mScanning dependencies of target uuid_msgs_generate_messages_py[0m
[  6%] Built target bond_generate_messages_nodejs
[35m[1mScanning dependencies of target dynamic_reconfigure_gencfg[0m
[  6%] Built target bond_generate_messages_py
[35m[1mScanning dependencies of target pcl_msgs_generate_messages_cpp[0m
[  6%] Built target dynamic_reconfigure_generate_messages_lisp
[35m[1mScanning dependencies of target pcl_msgs_generate_messages_eus[0m
[  6%] Built target uuid_msgs_generate_messages_py
[  6%] Built target dynamic_reconfigure_gencfg
[35m[1mScanning dependencies of target pcl_msgs_generate_messages_nodejs[0m
[  6%] Built target pcl_msgs_generate_messages_eus
[  6%] Built target pcl_msgs_generate_messages_cpp
[35m[1mScanning dependencies of target pcl_msgs_generate_messages_py[0m
[  6%] Built target pcl_msgs_generate_messages_nodejs
[35m[1mScanning dependencies of target std_srvs_generate_messages_eus[0m
[35m[1mScanning dependencies of target roscpp_generate_messages_lisp[0m
[  6%] Built target pcl_msgs_generate_messages_py
[35m[1mScanning dependencies of target std_srvs_generate_messages_lisp[0m
[  6%] Built target std_srvs_generate_messages_eus
[35m[1mScanning dependencies of target topic_tools_generate_messages_cpp[0m
[  6%] Built target roscpp_generate_messages_lisp
[35m[1mScanning dependencies of target visualization_msgs_generate_messages_py[0m
[35m[1mScanning dependencies of target topic_tools_generate_messages_eus[0m
[35m[1mScanning dependencies of target topic_tools_generate_messages_lisp[0m
[  6%] Built target topic_tools_generate_messages_cpp
[  6%] Built target std_srvs_generate_messages_lisp
[  6%] Built target visualization_msgs_generate_messages_py
[  6%] Built target topic_tools_generate_messages_eus
[35m[1mScanning dependencies of target topic_tools_generate_messages_nodejs[0m
[  6%] Built target topic_tools_generate_messages_lisp
[  6%] Built target topic_tools_generate_messages_nodejs
[35m[1mScanning dependencies of target mavros_msgs_generate_messages_eus[0m
[  6%] Built target mavros_msgs_generate_messages_eus
[35m[1mScanning dependencies of target mavros_msgs_generate_messages_py[0m
[  6%] Built target mavros_msgs_generate_messages_py
[35m[1mScanning dependencies of target geographic_msgs_generate_messages_eus[0m
[  6%] Built target geographic_msgs_generate_messages_eus
[35m[1mScanning dependencies of target tf_generate_messages_cpp[0m
[  6%] Built target tf_generate_messages_cpp
[35m[1mScanning dependencies of target geographic_msgs_generate_messages_nodejs[0m
[  6%] Built target geographic_msgs_generate_messages_nodejs
[35m[1mScanning dependencies of target actionlib_generate_messages_nodejs[0m
[  6%] Built target actionlib_generate_messages_nodejs
[35m[1mScanning dependencies of target std_srvs_generate_messages_py[0m
[  6%] Built target std_srvs_generate_messages_py
[35m[1mScanning dependencies of target geographic_msgs_generate_messages_py[0m
[  6%] Built target geographic_msgs_generate_messages_py
[35m[1mScanning dependencies of target actionlib_msgs_generate_messages_lisp[0m
[  6%] Built target actionlib_msgs_generate_messages_lisp
[35m[1mScanning dependencies of target diagnostic_msgs_generate_messages_nodejs[0m
[35m[1mScanning dependencies of target uuid_msgs_generate_messages_lisp[0m
[  6%] Built target diagnostic_msgs_generate_messages_nodejs
[35m[1mScanning dependencies of target uuid_msgs_generate_messages_nodejs[0m
[  6%] Built target uuid_msgs_generate_messages_lisp
[  6%] Built target uuid_msgs_generate_messages_nodejs
[35m[1mScanning dependencies of target diagnostic_msgs_generate_messages_eus[0m
[  6%] Built target diagnostic_msgs_generate_messages_eus
[35m[1mScanning dependencies of target nav_msgs_generate_messages_cpp[0m
[  6%] Built target nav_msgs_generate_messages_cpp
[35m[1mScanning dependencies of target visualization_msgs_generate_messages_eus[0m
[35m[1mScanning dependencies of target mavros_msgs_generate_messages_nodejs[0m
[  6%] Built target visualization_msgs_generate_messages_eus
[  6%] Built target mavros_msgs_generate_messages_nodejs
[35m[1mScanning dependencies of target nav_msgs_generate_messages_eus[0m
[35m[1mScanning dependencies of target tf2_msgs_generate_messages_cpp[0m
[  6%] Built target tf2_msgs_generate_messages_cpp
[  6%] Built target nav_msgs_generate_messages_eus
[35m[1mScanning dependencies of target nav_msgs_generate_messages_lisp[0m
[35m[1mScanning dependencies of target trajectory_msgs_generate_messages_cpp[0m
[  6%] Built target nav_msgs_generate_messages_lisp
[  6%] Built target trajectory_msgs_generate_messages_cpp
[35m[1mScanning dependencies of target trajectory_msgs_generate_messages_nodejs[0m
[35m[1mScanning dependencies of target trajectory_msgs_generate_messages_lisp[0m
[  6%] Built target trajectory_msgs_generate_messages_nodejs
[  6%] Built target trajectory_msgs_generate_messages_lisp
[35m[1mScanning dependencies of target visualization_msgs_generate_messages_lisp[0m
[  6%] Built target visualization_msgs_generate_messages_lisp
[35m[1mScanning dependencies of target rosgraph_msgs_generate_messages_py[0m
[35m[1mScanning dependencies of target visualization_msgs_generate_messages_nodejs[0m
[  6%] Built target rosgraph_msgs_generate_messages_py
[  6%] Built target visualization_msgs_generate_messages_nodejs
[35m[1mScanning dependencies of target pcl_msgs_generate_messages_lisp[0m
[35m[1mScanning dependencies of target actionlib_msgs_generate_messages_eus[0m
[  6%] Built target pcl_msgs_generate_messages_lisp
[  6%] Built target actionlib_msgs_generate_messages_eus
[35m[1mScanning dependencies of target global_planner_generate_messages_lisp[0m
[ 13%] [34m[1mGenerating Lisp code from global_planner/PathWithRiskMsg.msg[0m
[35m[1mScanning dependencies of target global_planner_generate_messages_nodejs[0m
[35m[1mScanning dependencies of target global_planner_generate_messages_py[0m
[ 20%] [34m[1mGenerating Javascript code from global_planner/PathWithRiskMsg.msg[0m
[ 26%] [34m[1mGenerating Python from MSG global_planner/PathWithRiskMsg[0m
[ 26%] Built target global_planner_generate_messages_lisp
[35m[1mScanning dependencies of target global_planner_generate_messages_cpp[0m
[ 26%] Built target global_planner_generate_messages_nodejs
[ 33%] [34m[1mGenerating C++ code from global_planner/PathWithRiskMsg.msg[0m
[35m[1mScanning dependencies of target global_planner_generate_messages_eus[0m
[ 40%] [34m[1mGenerating EusLisp code from global_planner/PathWithRiskMsg.msg[0m
[ 46%] [34m[1mGenerating EusLisp manifest code for global_planner[0m
[ 46%] Built target global_planner_generate_messages_cpp
[ 53%] [34m[1mGenerating Python msg __init__.py for global_planner[0m
[ 53%] Built target global_planner_generate_messages_py
[ 53%] Built target global_planner_generate_messages_eus
[35m[1mScanning dependencies of target global_planner_generate_messages[0m
[35m[1mScanning dependencies of target global_planner[0m
[ 53%] Built target global_planner_generate_messages
[ 66%] [32mBuilding CXX object CMakeFiles/global_planner.dir/src/library/cell.cpp.o[0m
[ 66%] [32mBuilding CXX object CMakeFiles/global_planner.dir/src/library/node.cpp.o[0m
[ 73%] [32mBuilding CXX object CMakeFiles/global_planner.dir/src/library/global_planner.cpp.o[0m
[ 80%] [32mBuilding CXX object CMakeFiles/global_planner.dir/src/nodes/global_planner_node.cpp.o[0m
In file included from /home/rajendra/drone_ws/src/PX4-Avoidance/global_planner/include/global_planner/global_planner.h:27,
                 from /home/rajendra/drone_ws/src/PX4-Avoidance/global_planner/src/library/global_planner.cpp:1:
/home/rajendra/drone_ws/src/PX4-Avoidance/global_planner/include/global_planner/search_tools.h: In function ‘bool global_planner::reverseSearch(GlobalPlanner*, const global_planner::Cell&)’:
/home/rajendra/drone_ws/src/PX4-Avoidance/global_planner/include/global_planner/search_tools.h:262:1: warning: no return statement in function returning non-void [-Wreturn-type]
  262 | }
      | ^
In file included from /home/rajendra/drone_ws/src/PX4-Avoidance/global_planner/include/global_planner/global_planner.h:27,
                 from /home/rajendra/drone_ws/src/PX4-Avoidance/global_planner/include/global_planner/global_planner_node.h:32,
                 from /home/rajendra/drone_ws/src/PX4-Avoidance/global_planner/src/nodes/global_planner_node.cpp:1:
/home/rajendra/drone_ws/src/PX4-Avoidance/global_planner/include/global_planner/search_tools.h: In function ‘bool global_planner::reverseSearch(GlobalPlanner*, const global_planner::Cell&)’:
/home/rajendra/drone_ws/src/PX4-Avoidance/global_planner/include/global_planner/search_tools.h:262:1: warning: no return statement in function returning non-void [-Wreturn-type]
  262 | }
      | ^
[ 86%] [32m[1mLinking CXX shared library /home/rajendra/drone_ws/devel/.private/global_planner/lib/libglobal_planner.so[0m
[ 86%] Built target global_planner
[35m[1mScanning dependencies of target global_planner_node[0m
[ 93%] [32mBuilding CXX object CMakeFiles/global_planner_node.dir/src/nodes/global_planner_node_main.cpp.o[0m
In file included from /home/rajendra/drone_ws/src/PX4-Avoidance/global_planner/include/global_planner/global_planner.h:27,
                 from /home/rajendra/drone_ws/src/PX4-Avoidance/global_planner/include/global_planner/global_planner_node.h:32,
                 from /home/rajendra/drone_ws/src/PX4-Avoidance/global_planner/src/nodes/global_planner_node_main.cpp:1:
/home/rajendra/drone_ws/src/PX4-Avoidance/global_planner/include/global_planner/search_tools.h: In function ‘bool global_planner::reverseSearch(GlobalPlanner*, const global_planner::Cell&)’:
/home/rajendra/drone_ws/src/PX4-Avoidance/global_planner/include/global_planner/search_tools.h:262:1: warning: no return statement in function returning non-void [-Wreturn-type]
  262 | }
      | ^
[100%] [32m[1mLinking CXX executable /home/rajendra/drone_ws/devel/.private/global_planner/lib/global_planner/global_planner_node[0m
[100%] Built target global_planner_node
