[ 28%] Built target gtest
[ 28%] Built target trajectory_msgs_generate_messages_lisp
[ 28%] Built target trajectory_msgs_generate_messages_nodejs
[ 28%] Built target trajectory_msgs_generate_messages_cpp
[ 28%] Built target gazebo_msgs_generate_messages_py
[ 28%] Built target gazebo_msgs_generate_messages_nodejs
[ 28%] Built target gazebo_msgs_generate_messages_cpp
[ 28%] Built target dynamic_reconfigure_gencfg
[ 28%] Built target std_srvs_generate_messages_lisp
[ 28%] Built target std_srvs_generate_messages_eus
[ 28%] Built target geometry_msgs_generate_messages_eus
[ 28%] Built target std_msgs_generate_messages_nodejs
[ 28%] Built target std_msgs_generate_messages_py
[ 28%] Built target std_msgs_generate_messages_cpp
[ 28%] Built target dynamic_reconfigure_generate_messages_lisp
[ 28%] Built target tf2_msgs_generate_messages_cpp
[ 28%] Built target rosgraph_msgs_generate_messages_nodejs
[ 28%] Built target actionlib_generate_messages_cpp
[ 28%] Built target actionlib_msgs_generate_messages_py
[ 28%] Built target roscpp_generate_messages_lisp
[ 28%] Built target std_msgs_generate_messages_lisp
[ 28%] Built target actionlib_generate_messages_lisp
[ 28%] Built target std_srvs_generate_messages_nodejs
[ 28%] Built target std_srvs_generate_messages_cpp
[ 28%] Built target tf_generate_messages_eus
[ 28%] Built target rosgraph_msgs_generate_messages_lisp
[ 28%] Built target dynamic_reconfigure_generate_messages_py
[ 28%] Built target actionlib_msgs_generate_messages_eus
[ 28%] Built target trajectory_msgs_generate_messages_eus
[ 28%] Built target rosgraph_msgs_generate_messages_py
[ 28%] Built target roscpp_generate_messages_py
[ 28%] Built target geometry_msgs_generate_messages_py
[ 28%] Built target gazebo_ros_gencfg
[ 28%] Built target roscpp_generate_messages_cpp
[ 28%] Built target roscpp_generate_messages_eus
[ 28%] Built target sensor_msgs_generate_messages_py
[ 28%] Built target tf2_msgs_generate_messages_eus
[ 28%] Built target geometry_msgs_generate_messages_cpp
[ 28%] Built target gazebo_msgs_generate_messages_lisp
[ 28%] Built target dynamic_reconfigure_generate_messages_nodejs
[ 28%] Built target tf2_msgs_generate_messages_py
[ 28%] Built target geometry_msgs_generate_messages_lisp
[ 28%] Built target roscpp_generate_messages_nodejs
[ 28%] Built target tf_generate_messages_cpp
[ 28%] Built target std_srvs_generate_messages_py
[ 28%] Built target tf_generate_messages_lisp
[ 28%] Built target rosgraph_msgs_generate_messages_eus
[ 28%] Built target dynamic_reconfigure_generate_messages_cpp
[ 28%] Built target sensor_msgs_generate_messages_eus
[ 28%] Built target sensor_msgs_generate_messages_cpp
[ 28%] Built target tf_generate_messages_nodejs
[ 28%] Built target sensor_msgs_generate_messages_lisp
[ 28%] Built target trajectory_msgs_generate_messages_py
[ 28%] Built target sensor_msgs_generate_messages_nodejs
[ 28%] Built target actionlib_generate_messages_eus
[ 28%] Built target rosgraph_msgs_generate_messages_cpp
[ 28%] Built target actionlib_msgs_generate_messages_cpp
[ 28%] Built target actionlib_generate_messages_py
[ 28%] Built target actionlib_generate_messages_nodejs
[ 28%] Built target std_msgs_generate_messages_eus
[ 28%] Built target actionlib_msgs_generate_messages_nodejs
[ 28%] Built target actionlib_msgs_generate_messages_lisp
[ 28%] Built target tf_generate_messages_py
[ 28%] Built target tf2_msgs_generate_messages_nodejs
[ 28%] Built target gazebo_msgs_generate_messages_eus
[ 28%] Built target tf2_msgs_generate_messages_lisp
[ 28%] Built target geometry_msgs_generate_messages_nodejs
[ 28%] Built target dynamic_reconfigure_generate_messages_eus
[ 57%] Built target test_realsense_streams
[100%] Built target realsense_gazebo_plugin
