[  0%] Built target _rosbridge_library_generate_messages_check_deps_TestRequestOnly
[  0%] Built target _rosbridge_library_generate_messages_check_deps_TestHeaderTwo
[  0%] Built target _rosbridge_library_generate_messages_check_deps_TestTimeArray
[  0%] Built target geometry_msgs_generate_messages_py
[  0%] Built target _rosbridge_library_generate_messages_check_deps_TestHeaderArray
[  0%] Built target _rosbridge_library_generate_messages_check_deps_TestChar
[  0%] Built target _rosbridge_library_generate_messages_check_deps_TestHeader
[  0%] Built target _rosbridge_library_generate_messages_check_deps_TestUInt8FixedSizeArray16
[  0%] Built target _rosbridge_library_generate_messages_check_deps_TestRequestAndResponse
[  0%] Built target _rosbridge_library_generate_messages_check_deps_TestDurationArray
[  0%] Built target _rosbridge_library_generate_messages_check_deps_SendBytes
[  0%] Built target _rosbridge_library_generate_messages_check_deps_TestResponseOnly
[  0%] Built target _rosbridge_library_generate_messages_check_deps_TestArrayRequest
[  0%] Built target _rosbridge_library_generate_messages_check_deps_TestEmpty
[  0%] Built target _rosbridge_library_generate_messages_check_deps_AddTwoInts
[  0%] Built target _rosbridge_library_generate_messages_check_deps_TestNestedService
[  0%] Built target std_msgs_generate_messages_py
[  0%] Built target _rosbridge_library_generate_messages_check_deps_TestUInt8
[  0%] Built target _rosbridge_library_generate_messages_check_deps_TestMultipleRequestFields
[  0%] Built target geometry_msgs_generate_messages_lisp
[  0%] Built target _rosbridge_library_generate_messages_check_deps_Num
[  0%] Built target _rosbridge_library_generate_messages_check_deps_TestMultipleResponseFields
[  0%] Built target std_msgs_generate_messages_lisp
[  0%] Built target geometry_msgs_generate_messages_cpp
[  0%] Built target std_msgs_generate_messages_cpp
[  0%] Built target std_msgs_generate_messages_nodejs
[  0%] Built target geometry_msgs_generate_messages_nodejs
[  0%] Built target geometry_msgs_generate_messages_eus
[  0%] Built target std_msgs_generate_messages_eus
[ 34%] Built target rosbridge_library_generate_messages_lisp
[ 46%] Built target rosbridge_library_generate_messages_py
[ 60%] Built target rosbridge_library_generate_messages_cpp
[ 79%] Built target rosbridge_library_generate_messages_nodejs
[100%] Built target rosbridge_library_generate_messages_eus
[100%] Built target rosbridge_library_generate_messages
