[35m[1mScanning dependencies of target _rosbridge_library_generate_messages_check_deps_TestRequestOnly[0m
[  0%] Built target _rosbridge_library_generate_messages_check_deps_TestRequestOnly
[35m[1mScanning dependencies of target _rosbridge_library_generate_messages_check_deps_TestHeaderTwo[0m
[  0%] Built target _rosbridge_library_generate_messages_check_deps_TestHeaderTwo
[35m[1mScanning dependencies of target _rosbridge_library_generate_messages_check_deps_TestTimeArray[0m
[  0%] Built target _rosbridge_library_generate_messages_check_deps_TestTimeArray
[35m[1mScanning dependencies of target _rosbridge_library_generate_messages_check_deps_TestHeaderArray[0m
[  0%] Built target _rosbridge_library_generate_messages_check_deps_TestHeaderArray
[35m[1mScanning dependencies of target geometry_msgs_generate_messages_py[0m
[  0%] Built target geometry_msgs_generate_messages_py
[35m[1mScanning dependencies of target _rosbridge_library_generate_messages_check_deps_TestChar[0m
[  0%] Built target _rosbridge_library_generate_messages_check_deps_TestChar
[35m[1mScanning dependencies of target _rosbridge_library_generate_messages_check_deps_TestHeader[0m
[  0%] Built target _rosbridge_library_generate_messages_check_deps_TestHeader
[35m[1mScanning dependencies of target _rosbridge_library_generate_messages_check_deps_TestUInt8FixedSizeArray16[0m
[35m[1mScanning dependencies of target _rosbridge_library_generate_messages_check_deps_TestRequestAndResponse[0m
[  0%] Built target _rosbridge_library_generate_messages_check_deps_TestUInt8FixedSizeArray16
[  0%] Built target _rosbridge_library_generate_messages_check_deps_TestRequestAndResponse
[35m[1mScanning dependencies of target _rosbridge_library_generate_messages_check_deps_TestDurationArray[0m
[  0%] Built target _rosbridge_library_generate_messages_check_deps_TestDurationArray
[35m[1mScanning dependencies of target _rosbridge_library_generate_messages_check_deps_TestResponseOnly[0m
[  0%] Built target _rosbridge_library_generate_messages_check_deps_TestResponseOnly
[35m[1mScanning dependencies of target _rosbridge_library_generate_messages_check_deps_SendBytes[0m
[  0%] Built target _rosbridge_library_generate_messages_check_deps_SendBytes
[35m[1mScanning dependencies of target _rosbridge_library_generate_messages_check_deps_TestArrayRequest[0m
[  0%] Built target _rosbridge_library_generate_messages_check_deps_TestArrayRequest
[35m[1mScanning dependencies of target _rosbridge_library_generate_messages_check_deps_TestEmpty[0m
[  0%] Built target _rosbridge_library_generate_messages_check_deps_TestEmpty
[35m[1mScanning dependencies of target _rosbridge_library_generate_messages_check_deps_AddTwoInts[0m
[  0%] Built target _rosbridge_library_generate_messages_check_deps_AddTwoInts
[35m[1mScanning dependencies of target _rosbridge_library_generate_messages_check_deps_TestNestedService[0m
[35m[1mScanning dependencies of target _rosbridge_library_generate_messages_check_deps_TestUInt8[0m
[  0%] Built target _rosbridge_library_generate_messages_check_deps_TestNestedService
[35m[1mScanning dependencies of target std_msgs_generate_messages_py[0m
[  0%] Built target std_msgs_generate_messages_py
[  0%] Built target _rosbridge_library_generate_messages_check_deps_TestUInt8
[35m[1mScanning dependencies of target _rosbridge_library_generate_messages_check_deps_TestMultipleRequestFields[0m
[  0%] Built target _rosbridge_library_generate_messages_check_deps_TestMultipleRequestFields
[35m[1mScanning dependencies of target _rosbridge_library_generate_messages_check_deps_Num[0m
[  0%] Built target _rosbridge_library_generate_messages_check_deps_Num
[35m[1mScanning dependencies of target _rosbridge_library_generate_messages_check_deps_TestMultipleResponseFields[0m
[  0%] Built target _rosbridge_library_generate_messages_check_deps_TestMultipleResponseFields
[35m[1mScanning dependencies of target geometry_msgs_generate_messages_lisp[0m
[  0%] Built target geometry_msgs_generate_messages_lisp
[35m[1mScanning dependencies of target std_msgs_generate_messages_lisp[0m
[35m[1mScanning dependencies of target geometry_msgs_generate_messages_cpp[0m
[  0%] Built target std_msgs_generate_messages_lisp
[  0%] Built target geometry_msgs_generate_messages_cpp
[35m[1mScanning dependencies of target std_msgs_generate_messages_cpp[0m
[  0%] Built target std_msgs_generate_messages_cpp
[35m[1mScanning dependencies of target std_msgs_generate_messages_nodejs[0m
[  0%] Built target std_msgs_generate_messages_nodejs
[35m[1mScanning dependencies of target geometry_msgs_generate_messages_nodejs[0m
[  0%] Built target geometry_msgs_generate_messages_nodejs
[35m[1mScanning dependencies of target geometry_msgs_generate_messages_eus[0m
[  0%] Built target geometry_msgs_generate_messages_eus
[35m[1mScanning dependencies of target std_msgs_generate_messages_eus[0m
[  0%] Built target std_msgs_generate_messages_eus
[35m[1mScanning dependencies of target rosbridge_library_generate_messages_py[0m
[  1%] [34m[1mGenerating Python from MSG rosbridge_library/Num[0m
[  2%] [34m[1mGenerating Python from MSG rosbridge_library/TestChar[0m
[  3%] [34m[1mGenerating Python from MSG rosbridge_library/TestDurationArray[0m
[  3%] [34m[1mGenerating Python from MSG rosbridge_library/TestHeaderArray[0m
[  4%] [34m[1mGenerating Python from MSG rosbridge_library/TestHeader[0m
[  5%] [34m[1mGenerating Python from MSG rosbridge_library/TestHeaderTwo[0m
[  6%] [34m[1mGenerating Python from MSG rosbridge_library/TestTimeArray[0m
[  7%] [34m[1mGenerating Python from MSG rosbridge_library/TestUInt8[0m
[  8%] [34m[1mGenerating Python from MSG rosbridge_library/TestUInt8FixedSizeArray16[0m
[  9%] [34m[1mGenerating Python code from SRV rosbridge_library/AddTwoInts[0m
[ 10%] [34m[1mGenerating Python code from SRV rosbridge_library/SendBytes[0m
[ 11%] [34m[1mGenerating Python code from SRV rosbridge_library/TestArrayRequest[0m
[ 12%] [34m[1mGenerating Python code from SRV rosbridge_library/TestEmpty[0m
[ 13%] [34m[1mGenerating Python code from SRV rosbridge_library/TestMultipleRequestFields[0m
[ 15%] [34m[1mGenerating Python code from SRV rosbridge_library/TestMultipleResponseFields[0m
[ 16%] [34m[1mGenerating Python code from SRV rosbridge_library/TestNestedService[0m
[ 17%] [34m[1mGenerating Python code from SRV rosbridge_library/TestRequestAndResponse[0m
[ 18%] [34m[1mGenerating Python code from SRV rosbridge_library/TestRequestOnly[0m
[ 19%] [34m[1mGenerating Python code from SRV rosbridge_library/TestResponseOnly[0m
[ 20%] [34m[1mGenerating Python msg __init__.py for rosbridge_library[0m
[ 21%] [34m[1mGenerating Python srv __init__.py for rosbridge_library[0m
[35m[1mScanning dependencies of target rosbridge_library_generate_messages_lisp[0m
[ 22%] [34m[1mGenerating Lisp code from rosbridge_library/Num.msg[0m
[ 23%] [34m[1mGenerating Lisp code from rosbridge_library/TestChar.msg[0m
[ 23%] Built target rosbridge_library_generate_messages_py
[ 24%] [34m[1mGenerating Lisp code from rosbridge_library/TestDurationArray.msg[0m
[ 25%] [34m[1mGenerating Lisp code from rosbridge_library/TestHeaderArray.msg[0m
[ 26%] [34m[1mGenerating Lisp code from rosbridge_library/TestHeader.msg[0m
[ 27%] [34m[1mGenerating Lisp code from rosbridge_library/TestHeaderTwo.msg[0m
[ 27%] [34m[1mGenerating Lisp code from rosbridge_library/TestTimeArray.msg[0m
[ 29%] [34m[1mGenerating Lisp code from rosbridge_library/TestUInt8.msg[0m
[ 30%] [34m[1mGenerating Lisp code from rosbridge_library/TestUInt8FixedSizeArray16.msg[0m
[ 31%] [34m[1mGenerating Lisp code from rosbridge_library/AddTwoInts.srv[0m
[ 32%] [34m[1mGenerating Lisp code from rosbridge_library/SendBytes.srv[0m
[ 33%] [34m[1mGenerating Lisp code from rosbridge_library/TestArrayRequest.srv[0m
[ 34%] [34m[1mGenerating Lisp code from rosbridge_library/TestEmpty.srv[0m
[ 35%] [34m[1mGenerating Lisp code from rosbridge_library/TestMultipleRequestFields.srv[0m
[ 36%] [34m[1mGenerating Lisp code from rosbridge_library/TestMultipleResponseFields.srv[0m
[ 37%] [34m[1mGenerating Lisp code from rosbridge_library/TestNestedService.srv[0m
[ 38%] [34m[1mGenerating Lisp code from rosbridge_library/TestRequestAndResponse.srv[0m
[ 39%] [34m[1mGenerating Lisp code from rosbridge_library/TestRequestOnly.srv[0m
[ 40%] [34m[1mGenerating Lisp code from rosbridge_library/TestResponseOnly.srv[0m
[ 40%] Built target rosbridge_library_generate_messages_lisp
[35m[1mScanning dependencies of target rosbridge_library_generate_messages_cpp[0m
[ 41%] [34m[1mGenerating C++ code from rosbridge_library/Num.msg[0m
[ 43%] [34m[1mGenerating C++ code from rosbridge_library/TestChar.msg[0m
[ 44%] [34m[1mGenerating C++ code from rosbridge_library/TestDurationArray.msg[0m
[ 45%] [34m[1mGenerating C++ code from rosbridge_library/TestHeaderArray.msg[0m
[ 46%] [34m[1mGenerating C++ code from rosbridge_library/TestHeader.msg[0m
[ 47%] [34m[1mGenerating C++ code from rosbridge_library/TestHeaderTwo.msg[0m
[ 48%] [34m[1mGenerating C++ code from rosbridge_library/TestTimeArray.msg[0m
[ 49%] [34m[1mGenerating C++ code from rosbridge_library/TestUInt8.msg[0m
[ 50%] [34m[1mGenerating C++ code from rosbridge_library/TestUInt8FixedSizeArray16.msg[0m
[ 50%] [34m[1mGenerating C++ code from rosbridge_library/AddTwoInts.srv[0m
[ 51%] [34m[1mGenerating C++ code from rosbridge_library/SendBytes.srv[0m
[ 52%] [34m[1mGenerating C++ code from rosbridge_library/TestArrayRequest.srv[0m
[ 53%] [34m[1mGenerating C++ code from rosbridge_library/TestEmpty.srv[0m
[ 54%] [34m[1mGenerating C++ code from rosbridge_library/TestMultipleRequestFields.srv[0m
[ 55%] [34m[1mGenerating C++ code from rosbridge_library/TestMultipleResponseFields.srv[0m
[ 56%] [34m[1mGenerating C++ code from rosbridge_library/TestNestedService.srv[0m
[ 58%] [34m[1mGenerating C++ code from rosbridge_library/TestRequestAndResponse.srv[0m
[ 59%] [34m[1mGenerating C++ code from rosbridge_library/TestRequestOnly.srv[0m
[ 60%] [34m[1mGenerating C++ code from rosbridge_library/TestResponseOnly.srv[0m
[ 60%] Built target rosbridge_library_generate_messages_cpp
[35m[1mScanning dependencies of target rosbridge_library_generate_messages_nodejs[0m
[ 61%] [34m[1mGenerating Javascript code from rosbridge_library/Num.msg[0m
[ 62%] [34m[1mGenerating Javascript code from rosbridge_library/TestChar.msg[0m
[ 63%] [34m[1mGenerating Javascript code from rosbridge_library/TestDurationArray.msg[0m
[ 64%] [34m[1mGenerating Javascript code from rosbridge_library/TestHeaderArray.msg[0m
[ 64%] [34m[1mGenerating Javascript code from rosbridge_library/TestHeader.msg[0m
[ 65%] [34m[1mGenerating Javascript code from rosbridge_library/TestHeaderTwo.msg[0m
[ 66%] [34m[1mGenerating Javascript code from rosbridge_library/TestTimeArray.msg[0m
[ 67%] [34m[1mGenerating Javascript code from rosbridge_library/TestUInt8.msg[0m
[ 68%] [34m[1mGenerating Javascript code from rosbridge_library/TestUInt8FixedSizeArray16.msg[0m
[ 69%] [34m[1mGenerating Javascript code from rosbridge_library/AddTwoInts.srv[0m
[ 70%] [34m[1mGenerating Javascript code from rosbridge_library/SendBytes.srv[0m
[ 72%] [34m[1mGenerating Javascript code from rosbridge_library/TestArrayRequest.srv[0m
[ 73%] [34m[1mGenerating Javascript code from rosbridge_library/TestEmpty.srv[0m
[ 74%] [34m[1mGenerating Javascript code from rosbridge_library/TestMultipleRequestFields.srv[0m
[ 75%] [34m[1mGenerating Javascript code from rosbridge_library/TestMultipleResponseFields.srv[0m
[ 76%] [34m[1mGenerating Javascript code from rosbridge_library/TestNestedService.srv[0m
[ 77%] [34m[1mGenerating Javascript code from rosbridge_library/TestRequestAndResponse.srv[0m
[ 78%] [34m[1mGenerating Javascript code from rosbridge_library/TestRequestOnly.srv[0m
[ 79%] [34m[1mGenerating Javascript code from rosbridge_library/TestResponseOnly.srv[0m
[ 79%] Built target rosbridge_library_generate_messages_nodejs
[35m[1mScanning dependencies of target rosbridge_library_generate_messages_eus[0m
[ 80%] [34m[1mGenerating EusLisp code from rosbridge_library/Num.msg[0m
[ 81%] [34m[1mGenerating EusLisp code from rosbridge_library/TestChar.msg[0m
[ 82%] [34m[1mGenerating EusLisp code from rosbridge_library/TestDurationArray.msg[0m
[ 83%] [34m[1mGenerating EusLisp code from rosbridge_library/TestHeaderArray.msg[0m
[ 84%] [34m[1mGenerating EusLisp code from rosbridge_library/TestHeader.msg[0m
[ 86%] [34m[1mGenerating EusLisp code from rosbridge_library/TestHeaderTwo.msg[0m
[ 87%] [34m[1mGenerating EusLisp code from rosbridge_library/TestTimeArray.msg[0m
[ 88%] [34m[1mGenerating EusLisp code from rosbridge_library/TestUInt8.msg[0m
[ 88%] [34m[1mGenerating EusLisp code from rosbridge_library/TestUInt8FixedSizeArray16.msg[0m
[ 89%] [34m[1mGenerating EusLisp code from rosbridge_library/AddTwoInts.srv[0m
[ 90%] [34m[1mGenerating EusLisp code from rosbridge_library/SendBytes.srv[0m
[ 91%] [34m[1mGenerating EusLisp code from rosbridge_library/TestArrayRequest.srv[0m
[ 92%] [34m[1mGenerating EusLisp code from rosbridge_library/TestEmpty.srv[0m
[ 93%] [34m[1mGenerating EusLisp code from rosbridge_library/TestMultipleRequestFields.srv[0m
[ 94%] [34m[1mGenerating EusLisp code from rosbridge_library/TestMultipleResponseFields.srv[0m
[ 95%] [34m[1mGenerating EusLisp code from rosbridge_library/TestNestedService.srv[0m
[ 96%] [34m[1mGenerating EusLisp code from rosbridge_library/TestRequestAndResponse.srv[0m
[ 97%] [34m[1mGenerating EusLisp code from rosbridge_library/TestRequestOnly.srv[0m
[ 98%] [34m[1mGenerating EusLisp code from rosbridge_library/TestResponseOnly.srv[0m
[100%] [34m[1mGenerating EusLisp manifest code for rosbridge_library[0m
[100%] Built target rosbridge_library_generate_messages_eus
[35m[1mScanning dependencies of target rosbridge_library_generate_messages[0m
[100%] Built target rosbridge_library_generate_messages
