[35m[1mScanning dependencies of target _rosbridge_msgs_generate_messages_check_deps_ConnectedClients[0m
[  0%] Built target _rosbridge_msgs_generate_messages_check_deps_ConnectedClients
[35m[1mScanning dependencies of target _rosbridge_msgs_generate_messages_check_deps_ConnectedClient[0m
[  0%] Built target _rosbridge_msgs_generate_messages_check_deps_ConnectedClient
[35m[1mScanning dependencies of target std_msgs_generate_messages_eus[0m
[  0%] Built target std_msgs_generate_messages_eus
[35m[1mScanning dependencies of target std_msgs_generate_messages_lisp[0m
[  0%] Built target std_msgs_generate_messages_lisp
[35m[1mScanning dependencies of target std_msgs_generate_messages_py[0m
[  0%] Built target std_msgs_generate_messages_py
[35m[1mScanning dependencies of target std_msgs_generate_messages_cpp[0m
[  0%] Built target std_msgs_generate_messages_cpp
[35m[1mScanning dependencies of target std_msgs_generate_messages_nodejs[0m
[  0%] Built target std_msgs_generate_messages_nodejs
[35m[1mScanning dependencies of target rosbridge_msgs_generate_messages_eus[0m
[  8%] [34m[1mGenerating EusLisp code from rosbridge_msgs/ConnectedClient.msg[0m
[ 16%] [34m[1mGenerating EusLisp code from rosbridge_msgs/ConnectedClients.msg[0m
[ 25%] [34m[1mGenerating EusLisp manifest code for rosbridge_msgs[0m
[35m[1mScanning dependencies of target rosbridge_msgs_generate_messages_lisp[0m
[ 33%] [34m[1mGenerating Lisp code from rosbridge_msgs/ConnectedClient.msg[0m
[ 41%] [34m[1mGenerating Lisp code from rosbridge_msgs/ConnectedClients.msg[0m
[ 41%] Built target rosbridge_msgs_generate_messages_lisp
[35m[1mScanning dependencies of target rosbridge_msgs_generate_messages_py[0m
[ 50%] [34m[1mGenerating Python from MSG rosbridge_msgs/ConnectedClient[0m
[ 50%] Built target rosbridge_msgs_generate_messages_eus
[ 58%] [34m[1mGenerating Python from MSG rosbridge_msgs/ConnectedClients[0m
[35m[1mScanning dependencies of target rosbridge_msgs_generate_messages_cpp[0m
[ 66%] [34m[1mGenerating C++ code from rosbridge_msgs/ConnectedClient.msg[0m
[ 75%] [34m[1mGenerating Python msg __init__.py for rosbridge_msgs[0m
[ 83%] [34m[1mGenerating C++ code from rosbridge_msgs/ConnectedClients.msg[0m
[ 83%] Built target rosbridge_msgs_generate_messages_cpp
[ 83%] Built target rosbridge_msgs_generate_messages_py
[35m[1mScanning dependencies of target rosbridge_msgs_generate_messages_nodejs[0m
[ 91%] [34m[1mGenerating Javascript code from rosbridge_msgs/ConnectedClient.msg[0m
[100%] [34m[1mGenerating Javascript code from rosbridge_msgs/ConnectedClients.msg[0m
[100%] Built target rosbridge_msgs_generate_messages_nodejs
[35m[1mScanning dependencies of target rosbridge_msgs_generate_messages[0m
[100%] Built target rosbridge_msgs_generate_messages
