Linked: (/home/rajendra/drone_ws/devel/.private/plan_manage/share/plan_manage/cmake/plan_manage-msg-paths.cmake, /home/rajendra/drone_ws/devel/share/plan_manage/cmake/plan_manage-msg-paths.cmake)
Linked: (/home/rajendra/drone_ws/devel/.private/plan_manage/share/plan_manage/cmake/plan_manage-msg-extras.cmake, /home/rajendra/drone_ws/devel/share/plan_manage/cmake/plan_manage-msg-extras.cmake)
Linked: (/home/rajendra/drone_ws/devel/.private/plan_manage/share/plan_manage/cmake/plan_manageConfig.cmake, /home/rajendra/drone_ws/devel/share/plan_manage/cmake/plan_manageConfig.cmake)
Linked: (/home/rajendra/drone_ws/devel/.private/plan_manage/share/plan_manage/cmake/plan_manageConfig-version.cmake, /home/rajendra/drone_ws/devel/share/plan_manage/cmake/plan_manageConfig-version.cmake)
Linked: (/home/rajendra/drone_ws/devel/.private/plan_manage/share/roseus/ros/plan_manage/manifest.l, /home/rajendra/drone_ws/devel/share/roseus/ros/plan_manage/manifest.l)
Linked: (/home/rajendra/drone_ws/devel/.private/plan_manage/share/roseus/ros/plan_manage/msg/Bspline.l, /home/rajendra/drone_ws/devel/share/roseus/ros/plan_manage/msg/Bspline.l)
Linked: (/home/rajendra/drone_ws/devel/.private/plan_manage/share/gennodejs/ros/plan_manage/_index.js, /home/rajendra/drone_ws/devel/share/gennodejs/ros/plan_manage/_index.js)
Linked: (/home/rajendra/drone_ws/devel/.private/plan_manage/share/gennodejs/ros/plan_manage/msg/Bspline.js, /home/rajendra/drone_ws/devel/share/gennodejs/ros/plan_manage/msg/Bspline.js)
Linked: (/home/rajendra/drone_ws/devel/.private/plan_manage/share/gennodejs/ros/plan_manage/msg/_index.js, /home/rajendra/drone_ws/devel/share/gennodejs/ros/plan_manage/msg/_index.js)
Linked: (/home/rajendra/drone_ws/devel/.private/plan_manage/share/common-lisp/ros/plan_manage/msg/_package_Bspline.lisp, /home/rajendra/drone_ws/devel/share/common-lisp/ros/plan_manage/msg/_package_Bspline.lisp)
Linked: (/home/rajendra/drone_ws/devel/.private/plan_manage/share/common-lisp/ros/plan_manage/msg/plan_manage-msg.asd, /home/rajendra/drone_ws/devel/share/common-lisp/ros/plan_manage/msg/plan_manage-msg.asd)
Linked: (/home/rajendra/drone_ws/devel/.private/plan_manage/share/common-lisp/ros/plan_manage/msg/Bspline.lisp, /home/rajendra/drone_ws/devel/share/common-lisp/ros/plan_manage/msg/Bspline.lisp)
Linked: (/home/rajendra/drone_ws/devel/.private/plan_manage/share/common-lisp/ros/plan_manage/msg/_package.lisp, /home/rajendra/drone_ws/devel/share/common-lisp/ros/plan_manage/msg/_package.lisp)
Linked: (/home/rajendra/drone_ws/devel/.private/plan_manage/include/plan_manage/Bspline.h, /home/rajendra/drone_ws/devel/include/plan_manage/Bspline.h)
Linked: (/home/rajendra/drone_ws/devel/.private/plan_manage/lib/python3/dist-packages/plan_manage/__init__.py, /home/rajendra/drone_ws/devel/lib/python3/dist-packages/plan_manage/__init__.py)
Linked: (/home/rajendra/drone_ws/devel/.private/plan_manage/lib/python3/dist-packages/plan_manage/msg/_Bspline.py, /home/rajendra/drone_ws/devel/lib/python3/dist-packages/plan_manage/msg/_Bspline.py)
Linked: (/home/rajendra/drone_ws/devel/.private/plan_manage/lib/python3/dist-packages/plan_manage/msg/__init__.py, /home/rajendra/drone_ws/devel/lib/python3/dist-packages/plan_manage/msg/__init__.py)
Linked: (/home/rajendra/drone_ws/devel/.private/plan_manage/lib/plan_manage/traj_server, /home/rajendra/drone_ws/devel/lib/plan_manage/traj_server)
Linked: (/home/rajendra/drone_ws/devel/.private/plan_manage/lib/plan_manage/fast_planner_node, /home/rajendra/drone_ws/devel/lib/plan_manage/fast_planner_node)
Linked: (/home/rajendra/drone_ws/devel/.private/plan_manage/lib/pkgconfig/plan_manage.pc, /home/rajendra/drone_ws/devel/lib/pkgconfig/plan_manage.pc)
