Symlinking /home/rajendra/drone_ws/devel/share/plan_manage/cmake/plan_manage-msg-paths.cmake
Symlinking /home/rajendra/drone_ws/devel/share/plan_manage/cmake/plan_manage-msg-extras.cmake
Symlinking /home/rajendra/drone_ws/devel/share/plan_manage/cmake/plan_manageConfig.cmake
Symlinking /home/rajendra/drone_ws/devel/share/plan_manage/cmake/plan_manageConfig-version.cmake
Symlinking /home/rajendra/drone_ws/devel/share/roseus/ros/plan_manage/manifest.l
Symlinking /home/rajendra/drone_ws/devel/share/roseus/ros/plan_manage/msg/Bspline.l
Symlinking /home/rajendra/drone_ws/devel/share/gennodejs/ros/plan_manage/_index.js
Symlinking /home/rajendra/drone_ws/devel/share/gennodejs/ros/plan_manage/msg/Bspline.js
Symlinking /home/rajendra/drone_ws/devel/share/gennodejs/ros/plan_manage/msg/_index.js
Symlinking /home/rajendra/drone_ws/devel/share/common-lisp/ros/plan_manage/msg/_package_Bspline.lisp
Symlinking /home/rajendra/drone_ws/devel/share/common-lisp/ros/plan_manage/msg/plan_manage-msg.asd
Symlinking /home/rajendra/drone_ws/devel/share/common-lisp/ros/plan_manage/msg/Bspline.lisp
Symlinking /home/rajendra/drone_ws/devel/share/common-lisp/ros/plan_manage/msg/_package.lisp
Symlinking /home/rajendra/drone_ws/devel/include/plan_manage/Bspline.h
Symlinking /home/rajendra/drone_ws/devel/lib/python3/dist-packages/plan_manage/__init__.py
Symlinking /home/rajendra/drone_ws/devel/lib/python3/dist-packages/plan_manage/msg/_Bspline.py
Symlinking /home/rajendra/drone_ws/devel/lib/python3/dist-packages/plan_manage/msg/__init__.py
Symlinking /home/rajendra/drone_ws/devel/lib/plan_manage/traj_server
Symlinking /home/rajendra/drone_ws/devel/lib/plan_manage/fast_planner_node
Symlinking /home/rajendra/drone_ws/devel/lib/pkgconfig/plan_manage.pc
