[  0%] Built target std_msgs_generate_messages_cpp
[  0%] Built target _clover_generate_messages_check_deps_GetTelemetry
[  0%] Built target _clover_generate_messages_check_deps_SetLEDEffect
[  0%] Built target _clover_generate_messages_check_deps_SetRates
[  0%] Built target _clover_generate_messages_check_deps_SetAttitude
[  0%] Built target _clover_generate_messages_check_deps_SetPosition
[  0%] Built target _clover_generate_messages_check_deps_Execute
[  0%] Built target _clover_generate_messages_check_deps_Navigate
[  0%] Built target _clover_generate_messages_check_deps_SetVelocity
[  0%] Built target std_msgs_generate_messages_lisp
[  3%] Built target vpe_publisher
[  3%] Built target std_msgs_generate_messages_nodejs
[  3%] Built target _clover_generate_messages_check_deps_NavigateGlobal
[  3%] Built target std_msgs_generate_messages_eus
[  6%] Built target clover
[  6%] Built target std_msgs_generate_messages_py
[  9%] Built target clover_rc
[ 13%] Built target camera_markers
[ 29%] Built target clover_generate_messages_cpp
[ 42%] Built target clover_generate_messages_lisp
[ 59%] Built target clover_generate_messages_eus
[ 73%] Built target clover_generate_messages_nodejs
[ 90%] Built target clover_generate_messages_py
[ 91%] [32mBuilding CXX object CMakeFiles/clover_led.dir/src/led.cpp.o[0m
[ 95%] Built target shell
[ 95%] Built target clover_generate_messages
[ 98%] Built target simple_offboard
[01m[K/home/rajendra/drone_ws/src/clover/clover/src/led.cpp:19:10:[m[K [01;31m[Kfatal error: [m[Kled_msgs/SetLEDs.h: No such file or directory
   19 | #include [01;31m[K<led_msgs/SetLEDs.h>[m[K
      |          [01;31m[K^~~~~~~~~~~~~~~~~~~~[m[K
compilation terminated.
make[2]: *** [CMakeFiles/clover_led.dir/build.make:82: CMakeFiles/clover_led.dir/src/led.cpp.o] Error 1
make[1]: *** [CMakeFiles/Makefile2:291: CMakeFiles/clover_led.dir/all] Error 2
make: *** [Makefile:160: all] Error 2
