[35m[1mScanning dependencies of target _mav_planning_msgs_generate_messages_check_deps_PolygonService[0m
[  0%] Built target _mav_planning_msgs_generate_messages_check_deps_PolygonService
[35m[1mScanning dependencies of target mav_msgs_generate_messages_py[0m
[  0%] Built target mav_msgs_generate_messages_py
[35m[1mScanning dependencies of target _mav_planning_msgs_generate_messages_check_deps_Polygon2D[0m
[  0%] Built target _mav_planning_msgs_generate_messages_check_deps_Polygon2D
[35m[1mScanning dependencies of target _mav_planning_msgs_generate_messages_check_deps_PolygonWithHoles[0m
[  0%] Built target _mav_planning_msgs_generate_messages_check_deps_PolygonWithHoles
[35m[1mScanning dependencies of target geometry_msgs_generate_messages_py[0m
[  0%] Built target geometry_msgs_generate_messages_py
[35m[1mScanning dependencies of target sensor_msgs_generate_messages_py[0m
[  0%] Built target sensor_msgs_generate_messages_py
[35m[1mScanning dependencies of target _mav_planning_msgs_generate_messages_check_deps_PolynomialTrajectory4D[0m
[  0%] Built target _mav_planning_msgs_generate_messages_check_deps_PolynomialTrajectory4D
[35m[1mScanning dependencies of target _mav_planning_msgs_generate_messages_check_deps_PolynomialTrajectory[0m
[  0%] Built target _mav_planning_msgs_generate_messages_check_deps_PolynomialTrajectory
[35m[1mScanning dependencies of target _mav_planning_msgs_generate_messages_check_deps_PolynomialSegment[0m
[  0%] Built target _mav_planning_msgs_generate_messages_check_deps_PolynomialSegment
[35m[1mScanning dependencies of target _mav_planning_msgs_generate_messages_check_deps_ChangeNameService[0m
[  0%] Built target _mav_planning_msgs_generate_messages_check_deps_ChangeNameService
[35m[1mScanning dependencies of target std_msgs_generate_messages_py[0m
[  0%] Built target std_msgs_generate_messages_py
[35m[1mScanning dependencies of target _mav_planning_msgs_generate_messages_check_deps_Point2D[0m
[  0%] Built target _mav_planning_msgs_generate_messages_check_deps_Point2D
[35m[1mScanning dependencies of target trajectory_msgs_generate_messages_py[0m
[  0%] Built target trajectory_msgs_generate_messages_py
[35m[1mScanning dependencies of target _mav_planning_msgs_generate_messages_check_deps_PointCloudWithPose[0m
[  0%] Built target _mav_planning_msgs_generate_messages_check_deps_PointCloudWithPose
[35m[1mScanning dependencies of target _mav_planning_msgs_generate_messages_check_deps_PolygonWithHolesStamped[0m
[  0%] Built target _mav_planning_msgs_generate_messages_check_deps_PolygonWithHolesStamped
[35m[1mScanning dependencies of target _mav_planning_msgs_generate_messages_check_deps_PolynomialSegment4D[0m
[  0%] Built target _mav_planning_msgs_generate_messages_check_deps_PolynomialSegment4D
[35m[1mScanning dependencies of target _mav_planning_msgs_generate_messages_check_deps_PlannerService[0m
[  0%] Built target _mav_planning_msgs_generate_messages_check_deps_PlannerService
[35m[1mScanning dependencies of target sensor_msgs_generate_messages_nodejs[0m
[  0%] Built target sensor_msgs_generate_messages_nodejs
[35m[1mScanning dependencies of target mav_msgs_generate_messages_nodejs[0m
[  0%] Built target mav_msgs_generate_messages_nodejs
[35m[1mScanning dependencies of target std_msgs_generate_messages_nodejs[0m
[  0%] Built target std_msgs_generate_messages_nodejs
[35m[1mScanning dependencies of target geometry_msgs_generate_messages_nodejs[0m
[  0%] Built target geometry_msgs_generate_messages_nodejs
[35m[1mScanning dependencies of target trajectory_msgs_generate_messages_nodejs[0m
[  0%] Built target trajectory_msgs_generate_messages_nodejs
[35m[1mScanning dependencies of target sensor_msgs_generate_messages_lisp[0m
[  0%] Built target sensor_msgs_generate_messages_lisp
[35m[1mScanning dependencies of target mav_msgs_generate_messages_lisp[0m
[  0%] Built target mav_msgs_generate_messages_lisp
[35m[1mScanning dependencies of target trajectory_msgs_generate_messages_lisp[0m
[  0%] Built target trajectory_msgs_generate_messages_lisp
[35m[1mScanning dependencies of target geometry_msgs_generate_messages_lisp[0m
[  0%] Built target geometry_msgs_generate_messages_lisp
[35m[1mScanning dependencies of target std_msgs_generate_messages_lisp[0m
[  0%] Built target std_msgs_generate_messages_lisp
[35m[1mScanning dependencies of target sensor_msgs_generate_messages_cpp[0m
[  0%] Built target sensor_msgs_generate_messages_cpp
[35m[1mScanning dependencies of target std_msgs_generate_messages_cpp[0m
[  0%] Built target std_msgs_generate_messages_cpp
[35m[1mScanning dependencies of target geometry_msgs_generate_messages_cpp[0m
[  0%] Built target geometry_msgs_generate_messages_cpp
[35m[1mScanning dependencies of target trajectory_msgs_generate_messages_cpp[0m
[  0%] Built target trajectory_msgs_generate_messages_cpp
[35m[1mScanning dependencies of target mav_msgs_generate_messages_cpp[0m
[  0%] Built target mav_msgs_generate_messages_cpp
[35m[1mScanning dependencies of target sensor_msgs_generate_messages_eus[0m
[  0%] Built target sensor_msgs_generate_messages_eus
[35m[1mScanning dependencies of target trajectory_msgs_generate_messages_eus[0m
[  0%] Built target trajectory_msgs_generate_messages_eus
[35m[1mScanning dependencies of target geometry_msgs_generate_messages_eus[0m
[  0%] Built target geometry_msgs_generate_messages_eus
[35m[1mScanning dependencies of target std_msgs_generate_messages_eus[0m
[  0%] Built target std_msgs_generate_messages_eus
[35m[1mScanning dependencies of target mav_msgs_generate_messages_eus[0m
[  0%] Built target mav_msgs_generate_messages_eus
[35m[1mScanning dependencies of target mav_planning_msgs_generate_messages_py[0m
[  1%] [34m[1mGenerating Python from MSG mav_planning_msgs/Point2D[0m
[  3%] [34m[1mGenerating Python from MSG mav_planning_msgs/PointCloudWithPose[0m
[  4%] [34m[1mGenerating Python from MSG mav_planning_msgs/Polygon2D[0m
[  6%] [34m[1mGenerating Python from MSG mav_planning_msgs/PolygonWithHoles[0m
[  7%] [34m[1mGenerating Python from MSG mav_planning_msgs/PolygonWithHolesStamped[0m
[  9%] [34m[1mGenerating Python from MSG mav_planning_msgs/PolynomialSegment[0m
[ 11%] [34m[1mGenerating Python from MSG mav_planning_msgs/PolynomialTrajectory[0m
[ 12%] [34m[1mGenerating Python from MSG mav_planning_msgs/PolynomialSegment4D[0m
[ 14%] [34m[1mGenerating Python from MSG mav_planning_msgs/PolynomialTrajectory4D[0m
[ 15%] [34m[1mGenerating Python code from SRV mav_planning_msgs/PlannerService[0m
[ 17%] [34m[1mGenerating Python code from SRV mav_planning_msgs/PolygonService[0m
[ 19%] [34m[1mGenerating Python code from SRV mav_planning_msgs/ChangeNameService[0m
[ 20%] [34m[1mGenerating Python msg __init__.py for mav_planning_msgs[0m
[ 22%] [34m[1mGenerating Python srv __init__.py for mav_planning_msgs[0m
[ 22%] Built target mav_planning_msgs_generate_messages_py
[35m[1mScanning dependencies of target mav_planning_msgs_generate_messages_nodejs[0m
[ 23%] [34m[1mGenerating Javascript code from mav_planning_msgs/Point2D.msg[0m
[ 25%] [34m[1mGenerating Javascript code from mav_planning_msgs/PointCloudWithPose.msg[0m
[ 26%] [34m[1mGenerating Javascript code from mav_planning_msgs/Polygon2D.msg[0m
[ 28%] [34m[1mGenerating Javascript code from mav_planning_msgs/PolygonWithHoles.msg[0m
[ 30%] [34m[1mGenerating Javascript code from mav_planning_msgs/PolygonWithHolesStamped.msg[0m
[ 31%] [34m[1mGenerating Javascript code from mav_planning_msgs/PolynomialSegment.msg[0m
[ 33%] [34m[1mGenerating Javascript code from mav_planning_msgs/PolynomialTrajectory.msg[0m
[ 34%] [34m[1mGenerating Javascript code from mav_planning_msgs/PolynomialSegment4D.msg[0m
[ 36%] [34m[1mGenerating Javascript code from mav_planning_msgs/PolynomialTrajectory4D.msg[0m
[ 38%] [34m[1mGenerating Javascript code from mav_planning_msgs/PlannerService.srv[0m
[ 39%] [34m[1mGenerating Javascript code from mav_planning_msgs/PolygonService.srv[0m
[ 41%] [34m[1mGenerating Javascript code from mav_planning_msgs/ChangeNameService.srv[0m
[ 41%] Built target mav_planning_msgs_generate_messages_nodejs
[35m[1mScanning dependencies of target mav_planning_msgs_generate_messages_lisp[0m
[ 42%] [34m[1mGenerating Lisp code from mav_planning_msgs/Point2D.msg[0m
[ 44%] [34m[1mGenerating Lisp code from mav_planning_msgs/PointCloudWithPose.msg[0m
[ 46%] [34m[1mGenerating Lisp code from mav_planning_msgs/Polygon2D.msg[0m
[ 47%] [34m[1mGenerating Lisp code from mav_planning_msgs/PolygonWithHoles.msg[0m
[ 49%] [34m[1mGenerating Lisp code from mav_planning_msgs/PolygonWithHolesStamped.msg[0m
[ 50%] [34m[1mGenerating Lisp code from mav_planning_msgs/PolynomialSegment.msg[0m
[ 52%] [34m[1mGenerating Lisp code from mav_planning_msgs/PolynomialTrajectory.msg[0m
[ 53%] [34m[1mGenerating Lisp code from mav_planning_msgs/PolynomialSegment4D.msg[0m
[ 55%] [34m[1mGenerating Lisp code from mav_planning_msgs/PolynomialTrajectory4D.msg[0m
[ 57%] [34m[1mGenerating Lisp code from mav_planning_msgs/PlannerService.srv[0m
[ 58%] [34m[1mGenerating Lisp code from mav_planning_msgs/PolygonService.srv[0m
[ 60%] [34m[1mGenerating Lisp code from mav_planning_msgs/ChangeNameService.srv[0m
[ 60%] Built target mav_planning_msgs_generate_messages_lisp
[35m[1mScanning dependencies of target mav_planning_msgs_generate_messages_cpp[0m
[ 61%] [34m[1mGenerating C++ code from mav_planning_msgs/Point2D.msg[0m
[ 63%] [34m[1mGenerating C++ code from mav_planning_msgs/PointCloudWithPose.msg[0m
[ 65%] [34m[1mGenerating C++ code from mav_planning_msgs/Polygon2D.msg[0m
[ 66%] [34m[1mGenerating C++ code from mav_planning_msgs/PolygonWithHoles.msg[0m
[ 68%] [34m[1mGenerating C++ code from mav_planning_msgs/PolygonWithHolesStamped.msg[0m
[ 69%] [34m[1mGenerating C++ code from mav_planning_msgs/PolynomialSegment.msg[0m
[ 71%] [34m[1mGenerating C++ code from mav_planning_msgs/PolynomialTrajectory.msg[0m
[ 73%] [34m[1mGenerating C++ code from mav_planning_msgs/PolynomialSegment4D.msg[0m
[ 74%] [34m[1mGenerating C++ code from mav_planning_msgs/PolynomialTrajectory4D.msg[0m
[ 76%] [34m[1mGenerating C++ code from mav_planning_msgs/PlannerService.srv[0m
[ 77%] [34m[1mGenerating C++ code from mav_planning_msgs/PolygonService.srv[0m
[ 79%] [34m[1mGenerating C++ code from mav_planning_msgs/ChangeNameService.srv[0m
[ 79%] Built target mav_planning_msgs_generate_messages_cpp
[35m[1mScanning dependencies of target mav_planning_msgs_generate_messages_eus[0m
[ 80%] [34m[1mGenerating EusLisp code from mav_planning_msgs/Point2D.msg[0m
[ 82%] [34m[1mGenerating EusLisp code from mav_planning_msgs/PointCloudWithPose.msg[0m
[ 84%] [34m[1mGenerating EusLisp code from mav_planning_msgs/Polygon2D.msg[0m
[ 85%] [34m[1mGenerating EusLisp code from mav_planning_msgs/PolygonWithHoles.msg[0m
[ 87%] [34m[1mGenerating EusLisp code from mav_planning_msgs/PolygonWithHolesStamped.msg[0m
[ 88%] [34m[1mGenerating EusLisp code from mav_planning_msgs/PolynomialSegment.msg[0m
[ 90%] [34m[1mGenerating EusLisp code from mav_planning_msgs/PolynomialTrajectory.msg[0m
[ 92%] [34m[1mGenerating EusLisp code from mav_planning_msgs/PolynomialSegment4D.msg[0m
[ 93%] [34m[1mGenerating EusLisp code from mav_planning_msgs/PolynomialTrajectory4D.msg[0m
[ 95%] [34m[1mGenerating EusLisp code from mav_planning_msgs/PlannerService.srv[0m
[ 96%] [34m[1mGenerating EusLisp code from mav_planning_msgs/PolygonService.srv[0m
[ 98%] [34m[1mGenerating EusLisp code from mav_planning_msgs/ChangeNameService.srv[0m
[100%] [34m[1mGenerating EusLisp manifest code for mav_planning_msgs[0m
[100%] Built target mav_planning_msgs_generate_messages_eus
[35m[1mScanning dependencies of target mav_planning_msgs_generate_messages[0m
[100%] Built target mav_planning_msgs_generate_messages
