In file included from /home/rajendra/drone_ws/src/mavros/mavros/include/mavros/utils.h:22,
                 from /home/rajendra/drone_ws/src/mavros/mavros/src/lib/enum_to_string.cpp:19:
/home/rajendra/drone_ws/src/mavros/mavros_msgs/include/mavros_msgs/mavlink_convert.h: In function ‘bool mavros_msgs::mavlink::convert(const Mavlink&, mavlink::mavlink_message_t&)’:
/home/rajendra/drone_ws/src/mavros/mavros_msgs/include/mavros_msgs/mavlink_convert.h:74:63: warning: taking address of packed member of ‘mavlink::__mavlink_message’ may result in an unaligned pointer value [-Waddress-of-packed-member]
   74 |  std::copy(rmsg.payload64.begin(), rmsg.payload64.end(), mmsg.payload64);
      |                                                          ~~~~~^~~~~~~~~
In file included from /home/rajendra/drone_ws/src/mavros/mavros/include/mavros/utils.h:22,
                 from /home/rajendra/drone_ws/src/mavros/mavros/src/lib/enum_to_string.cpp:19:
/home/rajendra/drone_ws/src/mavros/mavros_msgs/include/mavros_msgs/mavlink_convert.h: In function ‘bool mavros_msgs::mavlink::convert(const mavlink_message_t&, mavros_msgs::Mavlink&, uint8_t)’:
/home/rajendra/drone_ws/src/mavros/mavros_msgs/include/mavros_msgs/mavlink_convert.h:108:62: warning: taking address of packed member of ‘mavlink::__mavlink_message’ may result in an unaligned pointer value [-Waddress-of-packed-member]
  108 |  rmsg.payload64 = mavros_msgs::Mavlink::_payload64_type(mmsg.payload64, mmsg.payload64 + payload64_len);
      |                                                         ~~~~~^~~~~~~~~
In file included from /home/rajendra/drone_ws/src/mavros/mavros/include/mavros/utils.h:22,
                 from /home/rajendra/drone_ws/src/mavros/mavros/src/lib/enum_sensor_orientation.cpp:17:
/home/rajendra/drone_ws/src/mavros/mavros_msgs/include/mavros_msgs/mavlink_convert.h: In function ‘bool mavros_msgs::mavlink::convert(const Mavlink&, mavlink::mavlink_message_t&)’:
/home/rajendra/drone_ws/src/mavros/mavros_msgs/include/mavros_msgs/mavlink_convert.h:74:63: warning: taking address of packed member of ‘mavlink::__mavlink_message’ may result in an unaligned pointer value [-Waddress-of-packed-member]
   74 |  std::copy(rmsg.payload64.begin(), rmsg.payload64.end(), mmsg.payload64);
      |                                                          ~~~~~^~~~~~~~~
In file included from /home/rajendra/drone_ws/src/mavros/mavros/include/mavros/utils.h:22,
                 from /home/rajendra/drone_ws/src/mavros/mavros/src/lib/enum_sensor_orientation.cpp:17:
/home/rajendra/drone_ws/src/mavros/mavros_msgs/include/mavros_msgs/mavlink_convert.h: In function ‘bool mavros_msgs::mavlink::convert(const mavlink_message_t&, mavros_msgs::Mavlink&, uint8_t)’:
/home/rajendra/drone_ws/src/mavros/mavros_msgs/include/mavros_msgs/mavlink_convert.h:108:62: warning: taking address of packed member of ‘mavlink::__mavlink_message’ may result in an unaligned pointer value [-Waddress-of-packed-member]
  108 |  rmsg.payload64 = mavros_msgs::Mavlink::_payload64_type(mmsg.payload64, mmsg.payload64 + payload64_len);
      |                                                         ~~~~~^~~~~~~~~
In file included from /home/rajendra/drone_ws/src/mavros/mavros/include/mavros/utils.h:22,
                 from /home/rajendra/drone_ws/src/mavros/mavros/include/mavros/mavros_uas.h:30,
                 from /home/rajendra/drone_ws/src/mavros/mavros/include/mavros/mavros_plugin.h:25,
                 from /home/rajendra/drone_ws/src/mavros/mavros/include/mavros/mavros.h:24,
                 from /home/rajendra/drone_ws/src/mavros/mavros/src/lib/mavros.cpp:15:
/home/rajendra/drone_ws/src/mavros/mavros_msgs/include/mavros_msgs/mavlink_convert.h: In function ‘bool mavros_msgs::mavlink::convert(const Mavlink&, mavlink::mavlink_message_t&)’:
/home/rajendra/drone_ws/src/mavros/mavros_msgs/include/mavros_msgs/mavlink_convert.h:74:63: warning: taking address of packed member of ‘mavlink::__mavlink_message’ may result in an unaligned pointer value [-Waddress-of-packed-member]
   74 |  std::copy(rmsg.payload64.begin(), rmsg.payload64.end(), mmsg.payload64);
      |                                                          ~~~~~^~~~~~~~~
In file included from /home/rajendra/drone_ws/src/mavros/mavros/include/mavros/utils.h:22,
                 from /home/rajendra/drone_ws/src/mavros/mavros/include/mavros/mavros_uas.h:30,
                 from /home/rajendra/drone_ws/src/mavros/mavros/include/mavros/mavros_plugin.h:25,
                 from /home/rajendra/drone_ws/src/mavros/mavros/include/mavros/mavros.h:24,
                 from /home/rajendra/drone_ws/src/mavros/mavros/src/lib/mavros.cpp:15:
/home/rajendra/drone_ws/src/mavros/mavros_msgs/include/mavros_msgs/mavlink_convert.h: In function ‘bool mavros_msgs::mavlink::convert(const mavlink_message_t&, mavros_msgs::Mavlink&, uint8_t)’:
/home/rajendra/drone_ws/src/mavros/mavros_msgs/include/mavros_msgs/mavlink_convert.h:108:62: warning: taking address of packed member of ‘mavlink::__mavlink_message’ may result in an unaligned pointer value [-Waddress-of-packed-member]
  108 |  rmsg.payload64 = mavros_msgs::Mavlink::_payload64_type(mmsg.payload64, mmsg.payload64 + payload64_len);
      |                                                         ~~~~~^~~~~~~~~
In file included from /home/rajendra/drone_ws/src/mavros/mavros/include/mavros/utils.h:22,
                 from /home/rajendra/drone_ws/src/mavros/mavros/include/mavros/mavros_uas.h:30,
                 from /home/rajendra/drone_ws/src/mavros/mavros/src/lib/uas_data.cpp:17:
/home/rajendra/drone_ws/src/mavros/mavros_msgs/include/mavros_msgs/mavlink_convert.h: In function ‘bool mavros_msgs::mavlink::convert(const Mavlink&, mavlink::mavlink_message_t&)’:
/home/rajendra/drone_ws/src/mavros/mavros_msgs/include/mavros_msgs/mavlink_convert.h:74:63: warning: taking address of packed member of ‘mavlink::__mavlink_message’ may result in an unaligned pointer value [-Waddress-of-packed-member]
   74 |  std::copy(rmsg.payload64.begin(), rmsg.payload64.end(), mmsg.payload64);
      |                                                          ~~~~~^~~~~~~~~
In file included from /home/rajendra/drone_ws/src/mavros/mavros/include/mavros/utils.h:22,
                 from /home/rajendra/drone_ws/src/mavros/mavros/include/mavros/mavros_uas.h:30,
                 from /home/rajendra/drone_ws/src/mavros/mavros/src/lib/uas_data.cpp:17:
/home/rajendra/drone_ws/src/mavros/mavros_msgs/include/mavros_msgs/mavlink_convert.h: In function ‘bool mavros_msgs::mavlink::convert(const mavlink_message_t&, mavros_msgs::Mavlink&, uint8_t)’:
/home/rajendra/drone_ws/src/mavros/mavros_msgs/include/mavros_msgs/mavlink_convert.h:108:62: warning: taking address of packed member of ‘mavlink::__mavlink_message’ may result in an unaligned pointer value [-Waddress-of-packed-member]
  108 |  rmsg.payload64 = mavros_msgs::Mavlink::_payload64_type(mmsg.payload64, mmsg.payload64 + payload64_len);
      |                                                         ~~~~~^~~~~~~~~
In file included from /home/rajendra/drone_ws/src/mavros/mavros/include/mavros/utils.h:22,
                 from /home/rajendra/drone_ws/src/mavros/mavros/include/mavros/mavros_uas.h:30,
                 from /home/rajendra/drone_ws/src/mavros/mavros/src/lib/uas_timesync.cpp:17:
/home/rajendra/drone_ws/src/mavros/mavros_msgs/include/mavros_msgs/mavlink_convert.h: In function ‘bool mavros_msgs::mavlink::convert(const Mavlink&, mavlink::mavlink_message_t&)’:
/home/rajendra/drone_ws/src/mavros/mavros_msgs/include/mavros_msgs/mavlink_convert.h:74:63: warning: taking address of packed member of ‘mavlink::__mavlink_message’ may result in an unaligned pointer value [-Waddress-of-packed-member]
   74 |  std::copy(rmsg.payload64.begin(), rmsg.payload64.end(), mmsg.payload64);
      |                                                          ~~~~~^~~~~~~~~
In file included from /home/rajendra/drone_ws/src/mavros/mavros/include/mavros/utils.h:22,
                 from /home/rajendra/drone_ws/src/mavros/mavros/include/mavros/mavros_uas.h:30,
                 from /home/rajendra/drone_ws/src/mavros/mavros/src/lib/uas_timesync.cpp:17:
/home/rajendra/drone_ws/src/mavros/mavros_msgs/include/mavros_msgs/mavlink_convert.h: In function ‘bool mavros_msgs::mavlink::convert(const mavlink_message_t&, mavros_msgs::Mavlink&, uint8_t)’:
/home/rajendra/drone_ws/src/mavros/mavros_msgs/include/mavros_msgs/mavlink_convert.h:108:62: warning: taking address of packed member of ‘mavlink::__mavlink_message’ may result in an unaligned pointer value [-Waddress-of-packed-member]
  108 |  rmsg.payload64 = mavros_msgs::Mavlink::_payload64_type(mmsg.payload64, mmsg.payload64 + payload64_len);
      |                                                         ~~~~~^~~~~~~~~
In file included from /home/rajendra/drone_ws/src/mavros/mavros/include/mavros/utils.h:22,
                 from /home/rajendra/drone_ws/src/mavros/mavros/include/mavros/mavros_uas.h:30,
                 from /home/rajendra/drone_ws/src/mavros/mavros/src/lib/uas_stringify.cpp:17:
/home/rajendra/drone_ws/src/mavros/mavros_msgs/include/mavros_msgs/mavlink_convert.h: In function ‘bool mavros_msgs::mavlink::convert(const Mavlink&, mavlink::mavlink_message_t&)’:
/home/rajendra/drone_ws/src/mavros/mavros_msgs/include/mavros_msgs/mavlink_convert.h:74:63: warning: taking address of packed member of ‘mavlink::__mavlink_message’ may result in an unaligned pointer value [-Waddress-of-packed-member]
   74 |  std::copy(rmsg.payload64.begin(), rmsg.payload64.end(), mmsg.payload64);
      |                                                          ~~~~~^~~~~~~~~
In file included from /home/rajendra/drone_ws/src/mavros/mavros/include/mavros/utils.h:22,
                 from /home/rajendra/drone_ws/src/mavros/mavros/include/mavros/mavros_uas.h:30,
                 from /home/rajendra/drone_ws/src/mavros/mavros/src/lib/uas_stringify.cpp:17:
/home/rajendra/drone_ws/src/mavros/mavros_msgs/include/mavros_msgs/mavlink_convert.h: In function ‘bool mavros_msgs::mavlink::convert(const mavlink_message_t&, mavros_msgs::Mavlink&, uint8_t)’:
/home/rajendra/drone_ws/src/mavros/mavros_msgs/include/mavros_msgs/mavlink_convert.h:108:62: warning: taking address of packed member of ‘mavlink::__mavlink_message’ may result in an unaligned pointer value [-Waddress-of-packed-member]
  108 |  rmsg.payload64 = mavros_msgs::Mavlink::_payload64_type(mmsg.payload64, mmsg.payload64 + payload64_len);
      |                                                         ~~~~~^~~~~~~~~
In file included from /home/rajendra/drone_ws/src/mavros/mavros/include/mavros/utils.h:22,
                 from /home/rajendra/drone_ws/src/mavros/mavros/src/gcs_bridge.cpp:17:
/home/rajendra/drone_ws/src/mavros/mavros_msgs/include/mavros_msgs/mavlink_convert.h: In function ‘bool mavros_msgs::mavlink::convert(const Mavlink&, mavlink::mavlink_message_t&)’:
/home/rajendra/drone_ws/src/mavros/mavros_msgs/include/mavros_msgs/mavlink_convert.h:74:63: warning: taking address of packed member of ‘mavlink::__mavlink_message’ may result in an unaligned pointer value [-Waddress-of-packed-member]
   74 |  std::copy(rmsg.payload64.begin(), rmsg.payload64.end(), mmsg.payload64);
      |                                                          ~~~~~^~~~~~~~~
In file included from /home/rajendra/drone_ws/src/mavros/mavros/include/mavros/utils.h:22,
                 from /home/rajendra/drone_ws/src/mavros/mavros/src/gcs_bridge.cpp:17:
/home/rajendra/drone_ws/src/mavros/mavros_msgs/include/mavros_msgs/mavlink_convert.h: In function ‘bool mavros_msgs::mavlink::convert(const mavlink_message_t&, mavros_msgs::Mavlink&, uint8_t)’:
/home/rajendra/drone_ws/src/mavros/mavros_msgs/include/mavros_msgs/mavlink_convert.h:108:62: warning: taking address of packed member of ‘mavlink::__mavlink_message’ may result in an unaligned pointer value [-Waddress-of-packed-member]
  108 |  rmsg.payload64 = mavros_msgs::Mavlink::_payload64_type(mmsg.payload64, mmsg.payload64 + payload64_len);
      |                                                         ~~~~~^~~~~~~~~
In file included from /home/rajendra/drone_ws/src/mavros/mavros/include/mavros/utils.h:22,
                 from /home/rajendra/drone_ws/src/mavros/mavros/include/mavros/mavros_uas.h:30,
                 from /home/rajendra/drone_ws/src/mavros/mavros/include/mavros/mavros_plugin.h:25,
                 from /home/rajendra/drone_ws/src/mavros/mavros/include/mavros/mavros.h:24,
                 from /home/rajendra/drone_ws/src/mavros/mavros/src/mavros_node.cpp:14:
/home/rajendra/drone_ws/src/mavros/mavros_msgs/include/mavros_msgs/mavlink_convert.h: In function ‘bool mavros_msgs::mavlink::convert(const Mavlink&, mavlink::mavlink_message_t&)’:
/home/rajendra/drone_ws/src/mavros/mavros_msgs/include/mavros_msgs/mavlink_convert.h:74:63: warning: taking address of packed member of ‘mavlink::__mavlink_message’ may result in an unaligned pointer value [-Waddress-of-packed-member]
   74 |  std::copy(rmsg.payload64.begin(), rmsg.payload64.end(), mmsg.payload64);
      |                                                          ~~~~~^~~~~~~~~
In file included from /home/rajendra/drone_ws/src/mavros/mavros/include/mavros/utils.h:22,
                 from /home/rajendra/drone_ws/src/mavros/mavros/include/mavros/mavros_uas.h:30,
                 from /home/rajendra/drone_ws/src/mavros/mavros/include/mavros/mavros_plugin.h:25,
                 from /home/rajendra/drone_ws/src/mavros/mavros/include/mavros/mavros.h:24,
                 from /home/rajendra/drone_ws/src/mavros/mavros/src/mavros_node.cpp:14:
/home/rajendra/drone_ws/src/mavros/mavros_msgs/include/mavros_msgs/mavlink_convert.h: In function ‘bool mavros_msgs::mavlink::convert(const mavlink_message_t&, mavros_msgs::Mavlink&, uint8_t)’:
/home/rajendra/drone_ws/src/mavros/mavros_msgs/include/mavros_msgs/mavlink_convert.h:108:62: warning: taking address of packed member of ‘mavlink::__mavlink_message’ may result in an unaligned pointer value [-Waddress-of-packed-member]
  108 |  rmsg.payload64 = mavros_msgs::Mavlink::_payload64_type(mmsg.payload64, mmsg.payload64 + payload64_len);
      |                                                         ~~~~~^~~~~~~~~
In file included from /home/rajendra/drone_ws/src/mavros/mavros/include/mavros/utils.h:22,
                 from /home/rajendra/drone_ws/src/mavros/mavros/include/mavros/mavros_uas.h:30,
                 from /home/rajendra/drone_ws/src/mavros/mavros/include/mavros/mavros_plugin.h:25,
                 from /home/rajendra/drone_ws/src/mavros/mavros/src/plugins/3dr_radio.cpp:17:
/home/rajendra/drone_ws/src/mavros/mavros_msgs/include/mavros_msgs/mavlink_convert.h: In function ‘bool mavros_msgs::mavlink::convert(const Mavlink&, mavlink::mavlink_message_t&)’:
/home/rajendra/drone_ws/src/mavros/mavros_msgs/include/mavros_msgs/mavlink_convert.h:74:63: warning: taking address of packed member of ‘mavlink::__mavlink_message’ may result in an unaligned pointer value [-Waddress-of-packed-member]
   74 |  std::copy(rmsg.payload64.begin(), rmsg.payload64.end(), mmsg.payload64);
      |                                                          ~~~~~^~~~~~~~~
In file included from /home/rajendra/drone_ws/src/mavros/mavros/include/mavros/utils.h:22,
                 from /home/rajendra/drone_ws/src/mavros/mavros/include/mavros/mavros_uas.h:30,
                 from /home/rajendra/drone_ws/src/mavros/mavros/include/mavros/mavros_plugin.h:25,
                 from /home/rajendra/drone_ws/src/mavros/mavros/src/plugins/3dr_radio.cpp:17:
/home/rajendra/drone_ws/src/mavros/mavros_msgs/include/mavros_msgs/mavlink_convert.h: In function ‘bool mavros_msgs::mavlink::convert(const mavlink_message_t&, mavros_msgs::Mavlink&, uint8_t)’:
/home/rajendra/drone_ws/src/mavros/mavros_msgs/include/mavros_msgs/mavlink_convert.h:108:62: warning: taking address of packed member of ‘mavlink::__mavlink_message’ may result in an unaligned pointer value [-Waddress-of-packed-member]
  108 |  rmsg.payload64 = mavros_msgs::Mavlink::_payload64_type(mmsg.payload64, mmsg.payload64 + payload64_len);
      |                                                         ~~~~~^~~~~~~~~
In file included from /home/rajendra/drone_ws/src/mavros/mavros/include/mavros/utils.h:22,
                 from /home/rajendra/drone_ws/src/mavros/mavros/include/mavros/mavros_uas.h:30,
                 from /home/rajendra/drone_ws/src/mavros/mavros/include/mavros/mavros_plugin.h:25,
                 from /home/rajendra/drone_ws/src/mavros/mavros/src/plugins/actuator_control.cpp:17:
/home/rajendra/drone_ws/src/mavros/mavros_msgs/include/mavros_msgs/mavlink_convert.h: In function ‘bool mavros_msgs::mavlink::convert(const Mavlink&, mavlink::mavlink_message_t&)’:
/home/rajendra/drone_ws/src/mavros/mavros_msgs/include/mavros_msgs/mavlink_convert.h:74:63: warning: taking address of packed member of ‘mavlink::__mavlink_message’ may result in an unaligned pointer value [-Waddress-of-packed-member]
   74 |  std::copy(rmsg.payload64.begin(), rmsg.payload64.end(), mmsg.payload64);
      |                                                          ~~~~~^~~~~~~~~
In file included from /home/rajendra/drone_ws/src/mavros/mavros/include/mavros/utils.h:22,
                 from /home/rajendra/drone_ws/src/mavros/mavros/include/mavros/mavros_uas.h:30,
                 from /home/rajendra/drone_ws/src/mavros/mavros/include/mavros/mavros_plugin.h:25,
                 from /home/rajendra/drone_ws/src/mavros/mavros/src/plugins/actuator_control.cpp:17:
/home/rajendra/drone_ws/src/mavros/mavros_msgs/include/mavros_msgs/mavlink_convert.h: In function ‘bool mavros_msgs::mavlink::convert(const mavlink_message_t&, mavros_msgs::Mavlink&, uint8_t)’:
/home/rajendra/drone_ws/src/mavros/mavros_msgs/include/mavros_msgs/mavlink_convert.h:108:62: warning: taking address of packed member of ‘mavlink::__mavlink_message’ may result in an unaligned pointer value [-Waddress-of-packed-member]
  108 |  rmsg.payload64 = mavros_msgs::Mavlink::_payload64_type(mmsg.payload64, mmsg.payload64 + payload64_len);
      |                                                         ~~~~~^~~~~~~~~
In file included from /home/rajendra/drone_ws/src/mavros/mavros/include/mavros/utils.h:22,
                 from /home/rajendra/drone_ws/src/mavros/mavros/include/mavros/mavros_uas.h:30,
                 from /home/rajendra/drone_ws/src/mavros/mavros/include/mavros/mavros_plugin.h:25,
                 from /home/rajendra/drone_ws/src/mavros/mavros/src/plugins/altitude.cpp:17:
/home/rajendra/drone_ws/src/mavros/mavros_msgs/include/mavros_msgs/mavlink_convert.h: In function ‘bool mavros_msgs::mavlink::convert(const Mavlink&, mavlink::mavlink_message_t&)’:
/home/rajendra/drone_ws/src/mavros/mavros_msgs/include/mavros_msgs/mavlink_convert.h:74:63: warning: taking address of packed member of ‘mavlink::__mavlink_message’ may result in an unaligned pointer value [-Waddress-of-packed-member]
   74 |  std::copy(rmsg.payload64.begin(), rmsg.payload64.end(), mmsg.payload64);
      |                                                          ~~~~~^~~~~~~~~
In file included from /home/rajendra/drone_ws/src/mavros/mavros/include/mavros/utils.h:22,
                 from /home/rajendra/drone_ws/src/mavros/mavros/include/mavros/mavros_uas.h:30,
                 from /home/rajendra/drone_ws/src/mavros/mavros/include/mavros/mavros_plugin.h:25,
                 from /home/rajendra/drone_ws/src/mavros/mavros/src/plugins/altitude.cpp:17:
/home/rajendra/drone_ws/src/mavros/mavros_msgs/include/mavros_msgs/mavlink_convert.h: In function ‘bool mavros_msgs::mavlink::convert(const mavlink_message_t&, mavros_msgs::Mavlink&, uint8_t)’:
/home/rajendra/drone_ws/src/mavros/mavros_msgs/include/mavros_msgs/mavlink_convert.h:108:62: warning: taking address of packed member of ‘mavlink::__mavlink_message’ may result in an unaligned pointer value [-Waddress-of-packed-member]
  108 |  rmsg.payload64 = mavros_msgs::Mavlink::_payload64_type(mmsg.payload64, mmsg.payload64 + payload64_len);
      |                                                         ~~~~~^~~~~~~~~
In file included from /home/rajendra/drone_ws/src/mavros/mavros/include/mavros/utils.h:22,
                 from /home/rajendra/drone_ws/src/mavros/mavros/include/mavros/mavros_uas.h:30,
                 from /home/rajendra/drone_ws/src/mavros/mavros/include/mavros/mavros_plugin.h:25,
                 from /home/rajendra/drone_ws/src/mavros/mavros/src/plugins/dummy.cpp:18:
/home/rajendra/drone_ws/src/mavros/mavros_msgs/include/mavros_msgs/mavlink_convert.h: In function ‘bool mavros_msgs::mavlink::convert(const Mavlink&, mavlink::mavlink_message_t&)’:
/home/rajendra/drone_ws/src/mavros/mavros_msgs/include/mavros_msgs/mavlink_convert.h:74:63: warning: taking address of packed member of ‘mavlink::__mavlink_message’ may result in an unaligned pointer value [-Waddress-of-packed-member]
   74 |  std::copy(rmsg.payload64.begin(), rmsg.payload64.end(), mmsg.payload64);
      |                                                          ~~~~~^~~~~~~~~
In file included from /home/rajendra/drone_ws/src/mavros/mavros/include/mavros/utils.h:22,
                 from /home/rajendra/drone_ws/src/mavros/mavros/include/mavros/mavros_uas.h:30,
                 from /home/rajendra/drone_ws/src/mavros/mavros/include/mavros/mavros_plugin.h:25,
                 from /home/rajendra/drone_ws/src/mavros/mavros/src/plugins/dummy.cpp:18:
/home/rajendra/drone_ws/src/mavros/mavros_msgs/include/mavros_msgs/mavlink_convert.h: In function ‘bool mavros_msgs::mavlink::convert(const mavlink_message_t&, mavros_msgs::Mavlink&, uint8_t)’:
/home/rajendra/drone_ws/src/mavros/mavros_msgs/include/mavros_msgs/mavlink_convert.h:108:62: warning: taking address of packed member of ‘mavlink::__mavlink_message’ may result in an unaligned pointer value [-Waddress-of-packed-member]
  108 |  rmsg.payload64 = mavros_msgs::Mavlink::_payload64_type(mmsg.payload64, mmsg.payload64 + payload64_len);
      |                                                         ~~~~~^~~~~~~~~
In file included from /home/rajendra/drone_ws/src/mavros/mavros/include/mavros/utils.h:22,
                 from /home/rajendra/drone_ws/src/mavros/mavros/include/mavros/mavros_uas.h:30,
                 from /home/rajendra/drone_ws/src/mavros/mavros/include/mavros/mavros_plugin.h:25,
                 from /home/rajendra/drone_ws/src/mavros/mavros/src/plugins/command.cpp:19:
/home/rajendra/drone_ws/src/mavros/mavros_msgs/include/mavros_msgs/mavlink_convert.h: In function ‘bool mavros_msgs::mavlink::convert(const Mavlink&, mavlink::mavlink_message_t&)’:
/home/rajendra/drone_ws/src/mavros/mavros_msgs/include/mavros_msgs/mavlink_convert.h:74:63: warning: taking address of packed member of ‘mavlink::__mavlink_message’ may result in an unaligned pointer value [-Waddress-of-packed-member]
   74 |  std::copy(rmsg.payload64.begin(), rmsg.payload64.end(), mmsg.payload64);
      |                                                          ~~~~~^~~~~~~~~
In file included from /home/rajendra/drone_ws/src/mavros/mavros/include/mavros/utils.h:22,
                 from /home/rajendra/drone_ws/src/mavros/mavros/include/mavros/mavros_uas.h:30,
                 from /home/rajendra/drone_ws/src/mavros/mavros/include/mavros/mavros_plugin.h:25,
                 from /home/rajendra/drone_ws/src/mavros/mavros/src/plugins/command.cpp:19:
/home/rajendra/drone_ws/src/mavros/mavros_msgs/include/mavros_msgs/mavlink_convert.h: In function ‘bool mavros_msgs::mavlink::convert(const mavlink_message_t&, mavros_msgs::Mavlink&, uint8_t)’:
/home/rajendra/drone_ws/src/mavros/mavros_msgs/include/mavros_msgs/mavlink_convert.h:108:62: warning: taking address of packed member of ‘mavlink::__mavlink_message’ may result in an unaligned pointer value [-Waddress-of-packed-member]
  108 |  rmsg.payload64 = mavros_msgs::Mavlink::_payload64_type(mmsg.payload64, mmsg.payload64 + payload64_len);
      |                                                         ~~~~~^~~~~~~~~
In file included from /home/rajendra/drone_ws/src/mavros/mavros/include/mavros/utils.h:22,
                 from /home/rajendra/drone_ws/src/mavros/mavros/include/mavros/mavros_uas.h:30,
                 from /home/rajendra/drone_ws/src/mavros/mavros/include/mavros/mavros_plugin.h:25,
                 from /home/rajendra/drone_ws/src/mavros/mavros/src/plugins/ftp.cpp:20:
/home/rajendra/drone_ws/src/mavros/mavros_msgs/include/mavros_msgs/mavlink_convert.h: In function ‘bool mavros_msgs::mavlink::convert(const Mavlink&, mavlink::mavlink_message_t&)’:
/home/rajendra/drone_ws/src/mavros/mavros_msgs/include/mavros_msgs/mavlink_convert.h:74:63: warning: taking address of packed member of ‘mavlink::__mavlink_message’ may result in an unaligned pointer value [-Waddress-of-packed-member]
   74 |  std::copy(rmsg.payload64.begin(), rmsg.payload64.end(), mmsg.payload64);
      |                                                          ~~~~~^~~~~~~~~
In file included from /home/rajendra/drone_ws/src/mavros/mavros/include/mavros/utils.h:22,
                 from /home/rajendra/drone_ws/src/mavros/mavros/include/mavros/mavros_uas.h:30,
                 from /home/rajendra/drone_ws/src/mavros/mavros/include/mavros/mavros_plugin.h:25,
                 from /home/rajendra/drone_ws/src/mavros/mavros/src/plugins/ftp.cpp:20:
/home/rajendra/drone_ws/src/mavros/mavros_msgs/include/mavros_msgs/mavlink_convert.h: In function ‘bool mavros_msgs::mavlink::convert(const mavlink_message_t&, mavros_msgs::Mavlink&, uint8_t)’:
/home/rajendra/drone_ws/src/mavros/mavros_msgs/include/mavros_msgs/mavlink_convert.h:108:62: warning: taking address of packed member of ‘mavlink::__mavlink_message’ may result in an unaligned pointer value [-Waddress-of-packed-member]
  108 |  rmsg.payload64 = mavros_msgs::Mavlink::_payload64_type(mmsg.payload64, mmsg.payload64 + payload64_len);
      |                                                         ~~~~~^~~~~~~~~
In file included from /home/rajendra/drone_ws/src/mavros/mavros/include/mavros/utils.h:22,
                 from /home/rajendra/drone_ws/src/mavros/mavros/include/mavros/mavros_uas.h:30,
                 from /home/rajendra/drone_ws/src/mavros/mavros/include/mavros/mavros_plugin.h:25,
                 from /home/rajendra/drone_ws/src/mavros/mavros/include/mavros/mission_protocol_base.h:27,
                 from /home/rajendra/drone_ws/src/mavros/mavros/src/plugins/geofence.cpp:17:
/home/rajendra/drone_ws/src/mavros/mavros_msgs/include/mavros_msgs/mavlink_convert.h: In function ‘bool mavros_msgs::mavlink::convert(const Mavlink&, mavlink::mavlink_message_t&)’:
/home/rajendra/drone_ws/src/mavros/mavros_msgs/include/mavros_msgs/mavlink_convert.h:74:63: warning: taking address of packed member of ‘mavlink::__mavlink_message’ may result in an unaligned pointer value [-Waddress-of-packed-member]
   74 |  std::copy(rmsg.payload64.begin(), rmsg.payload64.end(), mmsg.payload64);
      |                                                          ~~~~~^~~~~~~~~
In file included from /home/rajendra/drone_ws/src/mavros/mavros/include/mavros/utils.h:22,
                 from /home/rajendra/drone_ws/src/mavros/mavros/include/mavros/mavros_uas.h:30,
                 from /home/rajendra/drone_ws/src/mavros/mavros/include/mavros/mavros_plugin.h:25,
                 from /home/rajendra/drone_ws/src/mavros/mavros/include/mavros/mission_protocol_base.h:27,
                 from /home/rajendra/drone_ws/src/mavros/mavros/src/plugins/geofence.cpp:17:
/home/rajendra/drone_ws/src/mavros/mavros_msgs/include/mavros_msgs/mavlink_convert.h: In function ‘bool mavros_msgs::mavlink::convert(const mavlink_message_t&, mavros_msgs::Mavlink&, uint8_t)’:
/home/rajendra/drone_ws/src/mavros/mavros_msgs/include/mavros_msgs/mavlink_convert.h:108:62: warning: taking address of packed member of ‘mavlink::__mavlink_message’ may result in an unaligned pointer value [-Waddress-of-packed-member]
  108 |  rmsg.payload64 = mavros_msgs::Mavlink::_payload64_type(mmsg.payload64, mmsg.payload64 + payload64_len);
      |                                                         ~~~~~^~~~~~~~~
In file included from /home/rajendra/drone_ws/src/mavros/mavros/include/mavros/utils.h:22,
                 from /home/rajendra/drone_ws/src/mavros/mavros/include/mavros/mavros_uas.h:30,
                 from /home/rajendra/drone_ws/src/mavros/mavros/include/mavros/mavros_plugin.h:25,
                 from /home/rajendra/drone_ws/src/mavros/mavros/src/plugins/global_position.cpp:20:
/home/rajendra/drone_ws/src/mavros/mavros_msgs/include/mavros_msgs/mavlink_convert.h: In function ‘bool mavros_msgs::mavlink::convert(const Mavlink&, mavlink::mavlink_message_t&)’:
/home/rajendra/drone_ws/src/mavros/mavros_msgs/include/mavros_msgs/mavlink_convert.h:74:63: warning: taking address of packed member of ‘mavlink::__mavlink_message’ may result in an unaligned pointer value [-Waddress-of-packed-member]
   74 |  std::copy(rmsg.payload64.begin(), rmsg.payload64.end(), mmsg.payload64);
      |                                                          ~~~~~^~~~~~~~~
In file included from /home/rajendra/drone_ws/src/mavros/mavros/include/mavros/utils.h:22,
                 from /home/rajendra/drone_ws/src/mavros/mavros/include/mavros/mavros_uas.h:30,
                 from /home/rajendra/drone_ws/src/mavros/mavros/include/mavros/mavros_plugin.h:25,
                 from /home/rajendra/drone_ws/src/mavros/mavros/src/plugins/global_position.cpp:20:
/home/rajendra/drone_ws/src/mavros/mavros_msgs/include/mavros_msgs/mavlink_convert.h: In function ‘bool mavros_msgs::mavlink::convert(const mavlink_message_t&, mavros_msgs::Mavlink&, uint8_t)’:
/home/rajendra/drone_ws/src/mavros/mavros_msgs/include/mavros_msgs/mavlink_convert.h:108:62: warning: taking address of packed member of ‘mavlink::__mavlink_message’ may result in an unaligned pointer value [-Waddress-of-packed-member]
  108 |  rmsg.payload64 = mavros_msgs::Mavlink::_payload64_type(mmsg.payload64, mmsg.payload64 + payload64_len);
      |                                                         ~~~~~^~~~~~~~~
In file included from /home/rajendra/drone_ws/src/mavros/mavros/include/mavros/utils.h:22,
                 from /home/rajendra/drone_ws/src/mavros/mavros/include/mavros/mavros_uas.h:30,
                 from /home/rajendra/drone_ws/src/mavros/mavros/include/mavros/mavros_plugin.h:25,
                 from /home/rajendra/drone_ws/src/mavros/mavros/src/plugins/hil.cpp:19:
/home/rajendra/drone_ws/src/mavros/mavros_msgs/include/mavros_msgs/mavlink_convert.h: In function ‘bool mavros_msgs::mavlink::convert(const Mavlink&, mavlink::mavlink_message_t&)’:
/home/rajendra/drone_ws/src/mavros/mavros_msgs/include/mavros_msgs/mavlink_convert.h:74:63: warning: taking address of packed member of ‘mavlink::__mavlink_message’ may result in an unaligned pointer value [-Waddress-of-packed-member]
   74 |  std::copy(rmsg.payload64.begin(), rmsg.payload64.end(), mmsg.payload64);
      |                                                          ~~~~~^~~~~~~~~
In file included from /home/rajendra/drone_ws/src/mavros/mavros/include/mavros/utils.h:22,
                 from /home/rajendra/drone_ws/src/mavros/mavros/include/mavros/mavros_uas.h:30,
                 from /home/rajendra/drone_ws/src/mavros/mavros/include/mavros/mavros_plugin.h:25,
                 from /home/rajendra/drone_ws/src/mavros/mavros/src/plugins/hil.cpp:19:
/home/rajendra/drone_ws/src/mavros/mavros_msgs/include/mavros_msgs/mavlink_convert.h: In function ‘bool mavros_msgs::mavlink::convert(const mavlink_message_t&, mavros_msgs::Mavlink&, uint8_t)’:
/home/rajendra/drone_ws/src/mavros/mavros_msgs/include/mavros_msgs/mavlink_convert.h:108:62: warning: taking address of packed member of ‘mavlink::__mavlink_message’ may result in an unaligned pointer value [-Waddress-of-packed-member]
  108 |  rmsg.payload64 = mavros_msgs::Mavlink::_payload64_type(mmsg.payload64, mmsg.payload64 + payload64_len);
      |                                                         ~~~~~^~~~~~~~~
In file included from /home/rajendra/drone_ws/src/mavros/mavros/include/mavros/utils.h:22,
                 from /home/rajendra/drone_ws/src/mavros/mavros/include/mavros/mavros_uas.h:30,
                 from /home/rajendra/drone_ws/src/mavros/mavros/include/mavros/mavros_plugin.h:25,
                 from /home/rajendra/drone_ws/src/mavros/mavros/src/plugins/imu.cpp:18:
/home/rajendra/drone_ws/src/mavros/mavros_msgs/include/mavros_msgs/mavlink_convert.h: In function ‘bool mavros_msgs::mavlink::convert(const Mavlink&, mavlink::mavlink_message_t&)’:
/home/rajendra/drone_ws/src/mavros/mavros_msgs/include/mavros_msgs/mavlink_convert.h:74:63: warning: taking address of packed member of ‘mavlink::__mavlink_message’ may result in an unaligned pointer value [-Waddress-of-packed-member]
   74 |  std::copy(rmsg.payload64.begin(), rmsg.payload64.end(), mmsg.payload64);
      |                                                          ~~~~~^~~~~~~~~
In file included from /home/rajendra/drone_ws/src/mavros/mavros/include/mavros/utils.h:22,
                 from /home/rajendra/drone_ws/src/mavros/mavros/include/mavros/mavros_uas.h:30,
                 from /home/rajendra/drone_ws/src/mavros/mavros/include/mavros/mavros_plugin.h:25,
                 from /home/rajendra/drone_ws/src/mavros/mavros/src/plugins/imu.cpp:18:
/home/rajendra/drone_ws/src/mavros/mavros_msgs/include/mavros_msgs/mavlink_convert.h: In function ‘bool mavros_msgs::mavlink::convert(const mavlink_message_t&, mavros_msgs::Mavlink&, uint8_t)’:
/home/rajendra/drone_ws/src/mavros/mavros_msgs/include/mavros_msgs/mavlink_convert.h:108:62: warning: taking address of packed member of ‘mavlink::__mavlink_message’ may result in an unaligned pointer value [-Waddress-of-packed-member]
  108 |  rmsg.payload64 = mavros_msgs::Mavlink::_payload64_type(mmsg.payload64, mmsg.payload64 + payload64_len);
      |                                                         ~~~~~^~~~~~~~~
In file included from /home/rajendra/drone_ws/src/mavros/mavros/include/mavros/utils.h:22,
                 from /home/rajendra/drone_ws/src/mavros/mavros/include/mavros/mavros_uas.h:30,
                 from /home/rajendra/drone_ws/src/mavros/mavros/include/mavros/mavros_plugin.h:25,
                 from /home/rajendra/drone_ws/src/mavros/mavros/src/plugins/home_position.cpp:17:
/home/rajendra/drone_ws/src/mavros/mavros_msgs/include/mavros_msgs/mavlink_convert.h: In function ‘bool mavros_msgs::mavlink::convert(const Mavlink&, mavlink::mavlink_message_t&)’:
/home/rajendra/drone_ws/src/mavros/mavros_msgs/include/mavros_msgs/mavlink_convert.h:74:63: warning: taking address of packed member of ‘mavlink::__mavlink_message’ may result in an unaligned pointer value [-Waddress-of-packed-member]
   74 |  std::copy(rmsg.payload64.begin(), rmsg.payload64.end(), mmsg.payload64);
      |                                                          ~~~~~^~~~~~~~~
In file included from /home/rajendra/drone_ws/src/mavros/mavros/include/mavros/utils.h:22,
                 from /home/rajendra/drone_ws/src/mavros/mavros/include/mavros/mavros_uas.h:30,
                 from /home/rajendra/drone_ws/src/mavros/mavros/include/mavros/mavros_plugin.h:25,
                 from /home/rajendra/drone_ws/src/mavros/mavros/src/plugins/home_position.cpp:17:
/home/rajendra/drone_ws/src/mavros/mavros_msgs/include/mavros_msgs/mavlink_convert.h: In function ‘bool mavros_msgs::mavlink::convert(const mavlink_message_t&, mavros_msgs::Mavlink&, uint8_t)’:
/home/rajendra/drone_ws/src/mavros/mavros_msgs/include/mavros_msgs/mavlink_convert.h:108:62: warning: taking address of packed member of ‘mavlink::__mavlink_message’ may result in an unaligned pointer value [-Waddress-of-packed-member]
  108 |  rmsg.payload64 = mavros_msgs::Mavlink::_payload64_type(mmsg.payload64, mmsg.payload64 + payload64_len);
      |                                                         ~~~~~^~~~~~~~~
In file included from /home/rajendra/drone_ws/src/mavros/mavros/include/mavros/utils.h:22,
                 from /home/rajendra/drone_ws/src/mavros/mavros/include/mavros/mavros_uas.h:30,
                 from /home/rajendra/drone_ws/src/mavros/mavros/include/mavros/mavros_plugin.h:25,
                 from /home/rajendra/drone_ws/src/mavros/mavros/src/plugins/local_position.cpp:19:
/home/rajendra/drone_ws/src/mavros/mavros_msgs/include/mavros_msgs/mavlink_convert.h: In function ‘bool mavros_msgs::mavlink::convert(const Mavlink&, mavlink::mavlink_message_t&)’:
/home/rajendra/drone_ws/src/mavros/mavros_msgs/include/mavros_msgs/mavlink_convert.h:74:63: warning: taking address of packed member of ‘mavlink::__mavlink_message’ may result in an unaligned pointer value [-Waddress-of-packed-member]
   74 |  std::copy(rmsg.payload64.begin(), rmsg.payload64.end(), mmsg.payload64);
      |                                                          ~~~~~^~~~~~~~~
In file included from /home/rajendra/drone_ws/src/mavros/mavros/include/mavros/utils.h:22,
                 from /home/rajendra/drone_ws/src/mavros/mavros/include/mavros/mavros_uas.h:30,
                 from /home/rajendra/drone_ws/src/mavros/mavros/include/mavros/mavros_plugin.h:25,
                 from /home/rajendra/drone_ws/src/mavros/mavros/src/plugins/local_position.cpp:19:
/home/rajendra/drone_ws/src/mavros/mavros_msgs/include/mavros_msgs/mavlink_convert.h: In function ‘bool mavros_msgs::mavlink::convert(const mavlink_message_t&, mavros_msgs::Mavlink&, uint8_t)’:
/home/rajendra/drone_ws/src/mavros/mavros_msgs/include/mavros_msgs/mavlink_convert.h:108:62: warning: taking address of packed member of ‘mavlink::__mavlink_message’ may result in an unaligned pointer value [-Waddress-of-packed-member]
  108 |  rmsg.payload64 = mavros_msgs::Mavlink::_payload64_type(mmsg.payload64, mmsg.payload64 + payload64_len);
      |                                                         ~~~~~^~~~~~~~~
In file included from /home/rajendra/drone_ws/src/mavros/mavros/include/mavros/utils.h:22,
                 from /home/rajendra/drone_ws/src/mavros/mavros/include/mavros/mavros_uas.h:30,
                 from /home/rajendra/drone_ws/src/mavros/mavros/include/mavros/mavros_plugin.h:25,
                 from /home/rajendra/drone_ws/src/mavros/mavros/src/plugins/manual_control.cpp:17:
/home/rajendra/drone_ws/src/mavros/mavros_msgs/include/mavros_msgs/mavlink_convert.h: In function ‘bool mavros_msgs::mavlink::convert(const Mavlink&, mavlink::mavlink_message_t&)’:
/home/rajendra/drone_ws/src/mavros/mavros_msgs/include/mavros_msgs/mavlink_convert.h:74:63: warning: taking address of packed member of ‘mavlink::__mavlink_message’ may result in an unaligned pointer value [-Waddress-of-packed-member]
   74 |  std::copy(rmsg.payload64.begin(), rmsg.payload64.end(), mmsg.payload64);
      |                                                          ~~~~~^~~~~~~~~
In file included from /home/rajendra/drone_ws/src/mavros/mavros/include/mavros/utils.h:22,
                 from /home/rajendra/drone_ws/src/mavros/mavros/include/mavros/mavros_uas.h:30,
                 from /home/rajendra/drone_ws/src/mavros/mavros/include/mavros/mavros_plugin.h:25,
                 from /home/rajendra/drone_ws/src/mavros/mavros/src/plugins/manual_control.cpp:17:
/home/rajendra/drone_ws/src/mavros/mavros_msgs/include/mavros_msgs/mavlink_convert.h: In function ‘bool mavros_msgs::mavlink::convert(const mavlink_message_t&, mavros_msgs::Mavlink&, uint8_t)’:
/home/rajendra/drone_ws/src/mavros/mavros_msgs/include/mavros_msgs/mavlink_convert.h:108:62: warning: taking address of packed member of ‘mavlink::__mavlink_message’ may result in an unaligned pointer value [-Waddress-of-packed-member]
  108 |  rmsg.payload64 = mavros_msgs::Mavlink::_payload64_type(mmsg.payload64, mmsg.payload64 + payload64_len);
      |                                                         ~~~~~^~~~~~~~~
In file included from /home/rajendra/drone_ws/src/mavros/mavros/include/mavros/utils.h:22,
                 from /home/rajendra/drone_ws/src/mavros/mavros/include/mavros/mavros_uas.h:30,
                 from /home/rajendra/drone_ws/src/mavros/mavros/include/mavros/mavros_plugin.h:25,
                 from /home/rajendra/drone_ws/src/mavros/mavros/include/mavros/mission_protocol_base.h:27,
                 from /home/rajendra/drone_ws/src/mavros/mavros/src/plugins/mission_protocol_base.cpp:17:
/home/rajendra/drone_ws/src/mavros/mavros_msgs/include/mavros_msgs/mavlink_convert.h: In function ‘bool mavros_msgs::mavlink::convert(const Mavlink&, mavlink::mavlink_message_t&)’:
/home/rajendra/drone_ws/src/mavros/mavros_msgs/include/mavros_msgs/mavlink_convert.h:74:63: warning: taking address of packed member of ‘mavlink::__mavlink_message’ may result in an unaligned pointer value [-Waddress-of-packed-member]
   74 |  std::copy(rmsg.payload64.begin(), rmsg.payload64.end(), mmsg.payload64);
      |                                                          ~~~~~^~~~~~~~~
In file included from /home/rajendra/drone_ws/src/mavros/mavros/include/mavros/utils.h:22,
                 from /home/rajendra/drone_ws/src/mavros/mavros/include/mavros/mavros_uas.h:30,
                 from /home/rajendra/drone_ws/src/mavros/mavros/include/mavros/mavros_plugin.h:25,
                 from /home/rajendra/drone_ws/src/mavros/mavros/include/mavros/mission_protocol_base.h:27,
                 from /home/rajendra/drone_ws/src/mavros/mavros/src/plugins/mission_protocol_base.cpp:17:
/home/rajendra/drone_ws/src/mavros/mavros_msgs/include/mavros_msgs/mavlink_convert.h: In function ‘bool mavros_msgs::mavlink::convert(const mavlink_message_t&, mavros_msgs::Mavlink&, uint8_t)’:
/home/rajendra/drone_ws/src/mavros/mavros_msgs/include/mavros_msgs/mavlink_convert.h:108:62: warning: taking address of packed member of ‘mavlink::__mavlink_message’ may result in an unaligned pointer value [-Waddress-of-packed-member]
  108 |  rmsg.payload64 = mavros_msgs::Mavlink::_payload64_type(mmsg.payload64, mmsg.payload64 + payload64_len);
      |                                                         ~~~~~^~~~~~~~~
In file included from /home/rajendra/drone_ws/src/mavros/mavros/include/mavros/utils.h:22,
                 from /home/rajendra/drone_ws/src/mavros/mavros/include/mavros/mavros_uas.h:30,
                 from /home/rajendra/drone_ws/src/mavros/mavros/include/mavros/mavros_plugin.h:25,
                 from /home/rajendra/drone_ws/src/mavros/mavros/src/plugins/nav_controller_output.cpp:17:
/home/rajendra/drone_ws/src/mavros/mavros_msgs/include/mavros_msgs/mavlink_convert.h: In function ‘bool mavros_msgs::mavlink::convert(const Mavlink&, mavlink::mavlink_message_t&)’:
/home/rajendra/drone_ws/src/mavros/mavros_msgs/include/mavros_msgs/mavlink_convert.h:74:63: warning: taking address of packed member of ‘mavlink::__mavlink_message’ may result in an unaligned pointer value [-Waddress-of-packed-member]
   74 |  std::copy(rmsg.payload64.begin(), rmsg.payload64.end(), mmsg.payload64);
      |                                                          ~~~~~^~~~~~~~~
In file included from /home/rajendra/drone_ws/src/mavros/mavros/include/mavros/utils.h:22,
                 from /home/rajendra/drone_ws/src/mavros/mavros/include/mavros/mavros_uas.h:30,
                 from /home/rajendra/drone_ws/src/mavros/mavros/include/mavros/mavros_plugin.h:25,
                 from /home/rajendra/drone_ws/src/mavros/mavros/src/plugins/nav_controller_output.cpp:17:
/home/rajendra/drone_ws/src/mavros/mavros_msgs/include/mavros_msgs/mavlink_convert.h: In function ‘bool mavros_msgs::mavlink::convert(const mavlink_message_t&, mavros_msgs::Mavlink&, uint8_t)’:
/home/rajendra/drone_ws/src/mavros/mavros_msgs/include/mavros_msgs/mavlink_convert.h:108:62: warning: taking address of packed member of ‘mavlink::__mavlink_message’ may result in an unaligned pointer value [-Waddress-of-packed-member]
  108 |  rmsg.payload64 = mavros_msgs::Mavlink::_payload64_type(mmsg.payload64, mmsg.payload64 + payload64_len);
      |                                                         ~~~~~^~~~~~~~~
In file included from /home/rajendra/drone_ws/src/mavros/mavros/include/mavros/utils.h:22,
                 from /home/rajendra/drone_ws/src/mavros/mavros/include/mavros/mavros_uas.h:30,
                 from /home/rajendra/drone_ws/src/mavros/mavros/include/mavros/mavros_plugin.h:25,
                 from /home/rajendra/drone_ws/src/mavros/mavros/src/plugins/param.cpp:19:
/home/rajendra/drone_ws/src/mavros/mavros_msgs/include/mavros_msgs/mavlink_convert.h: In function ‘bool mavros_msgs::mavlink::convert(const Mavlink&, mavlink::mavlink_message_t&)’:
/home/rajendra/drone_ws/src/mavros/mavros_msgs/include/mavros_msgs/mavlink_convert.h:74:63: warning: taking address of packed member of ‘mavlink::__mavlink_message’ may result in an unaligned pointer value [-Waddress-of-packed-member]
   74 |  std::copy(rmsg.payload64.begin(), rmsg.payload64.end(), mmsg.payload64);
      |                                                          ~~~~~^~~~~~~~~
In file included from /home/rajendra/drone_ws/src/mavros/mavros/include/mavros/utils.h:22,
                 from /home/rajendra/drone_ws/src/mavros/mavros/include/mavros/mavros_uas.h:30,
                 from /home/rajendra/drone_ws/src/mavros/mavros/include/mavros/mavros_plugin.h:25,
                 from /home/rajendra/drone_ws/src/mavros/mavros/src/plugins/param.cpp:19:
/home/rajendra/drone_ws/src/mavros/mavros_msgs/include/mavros_msgs/mavlink_convert.h: In function ‘bool mavros_msgs::mavlink::convert(const mavlink_message_t&, mavros_msgs::Mavlink&, uint8_t)’:
/home/rajendra/drone_ws/src/mavros/mavros_msgs/include/mavros_msgs/mavlink_convert.h:108:62: warning: taking address of packed member of ‘mavlink::__mavlink_message’ may result in an unaligned pointer value [-Waddress-of-packed-member]
  108 |  rmsg.payload64 = mavros_msgs::Mavlink::_payload64_type(mmsg.payload64, mmsg.payload64 + payload64_len);
      |                                                         ~~~~~^~~~~~~~~
In file included from /home/rajendra/drone_ws/src/mavros/mavros/include/mavros/utils.h:22,
                 from /home/rajendra/drone_ws/src/mavros/mavros/include/mavros/mavros_uas.h:30,
                 from /home/rajendra/drone_ws/src/mavros/mavros/include/mavros/mavros_plugin.h:25,
                 from /home/rajendra/drone_ws/src/mavros/mavros/include/mavros/mission_protocol_base.h:27,
                 from /home/rajendra/drone_ws/src/mavros/mavros/src/plugins/rallypoint.cpp:17:
/home/rajendra/drone_ws/src/mavros/mavros_msgs/include/mavros_msgs/mavlink_convert.h: In function ‘bool mavros_msgs::mavlink::convert(const Mavlink&, mavlink::mavlink_message_t&)’:
/home/rajendra/drone_ws/src/mavros/mavros_msgs/include/mavros_msgs/mavlink_convert.h:74:63: warning: taking address of packed member of ‘mavlink::__mavlink_message’ may result in an unaligned pointer value [-Waddress-of-packed-member]
   74 |  std::copy(rmsg.payload64.begin(), rmsg.payload64.end(), mmsg.payload64);
      |                                                          ~~~~~^~~~~~~~~
In file included from /home/rajendra/drone_ws/src/mavros/mavros/include/mavros/utils.h:22,
                 from /home/rajendra/drone_ws/src/mavros/mavros/include/mavros/mavros_uas.h:30,
                 from /home/rajendra/drone_ws/src/mavros/mavros/include/mavros/mavros_plugin.h:25,
                 from /home/rajendra/drone_ws/src/mavros/mavros/include/mavros/mission_protocol_base.h:27,
                 from /home/rajendra/drone_ws/src/mavros/mavros/src/plugins/rallypoint.cpp:17:
/home/rajendra/drone_ws/src/mavros/mavros_msgs/include/mavros_msgs/mavlink_convert.h: In function ‘bool mavros_msgs::mavlink::convert(const mavlink_message_t&, mavros_msgs::Mavlink&, uint8_t)’:
/home/rajendra/drone_ws/src/mavros/mavros_msgs/include/mavros_msgs/mavlink_convert.h:108:62: warning: taking address of packed member of ‘mavlink::__mavlink_message’ may result in an unaligned pointer value [-Waddress-of-packed-member]
  108 |  rmsg.payload64 = mavros_msgs::Mavlink::_payload64_type(mmsg.payload64, mmsg.payload64 + payload64_len);
      |                                                         ~~~~~^~~~~~~~~
In file included from /home/rajendra/drone_ws/src/mavros/mavros/include/mavros/utils.h:22,
                 from /home/rajendra/drone_ws/src/mavros/mavros/include/mavros/mavros_uas.h:30,
                 from /home/rajendra/drone_ws/src/mavros/mavros/include/mavros/mavros_plugin.h:25,
                 from /home/rajendra/drone_ws/src/mavros/mavros/src/plugins/rc_io.cpp:17:
/home/rajendra/drone_ws/src/mavros/mavros_msgs/include/mavros_msgs/mavlink_convert.h: In function ‘bool mavros_msgs::mavlink::convert(const Mavlink&, mavlink::mavlink_message_t&)’:
/home/rajendra/drone_ws/src/mavros/mavros_msgs/include/mavros_msgs/mavlink_convert.h:74:63: warning: taking address of packed member of ‘mavlink::__mavlink_message’ may result in an unaligned pointer value [-Waddress-of-packed-member]
   74 |  std::copy(rmsg.payload64.begin(), rmsg.payload64.end(), mmsg.payload64);
      |                                                          ~~~~~^~~~~~~~~
In file included from /home/rajendra/drone_ws/src/mavros/mavros/include/mavros/utils.h:22,
                 from /home/rajendra/drone_ws/src/mavros/mavros/include/mavros/mavros_uas.h:30,
                 from /home/rajendra/drone_ws/src/mavros/mavros/include/mavros/mavros_plugin.h:25,
                 from /home/rajendra/drone_ws/src/mavros/mavros/src/plugins/rc_io.cpp:17:
/home/rajendra/drone_ws/src/mavros/mavros_msgs/include/mavros_msgs/mavlink_convert.h: In function ‘bool mavros_msgs::mavlink::convert(const mavlink_message_t&, mavros_msgs::Mavlink&, uint8_t)’:
/home/rajendra/drone_ws/src/mavros/mavros_msgs/include/mavros_msgs/mavlink_convert.h:108:62: warning: taking address of packed member of ‘mavlink::__mavlink_message’ may result in an unaligned pointer value [-Waddress-of-packed-member]
  108 |  rmsg.payload64 = mavros_msgs::Mavlink::_payload64_type(mmsg.payload64, mmsg.payload64 + payload64_len);
      |                                                         ~~~~~^~~~~~~~~
In file included from /home/rajendra/drone_ws/src/mavros/mavros/include/mavros/utils.h:22,
                 from /home/rajendra/drone_ws/src/mavros/mavros/include/mavros/mavros_uas.h:30,
                 from /home/rajendra/drone_ws/src/mavros/mavros/include/mavros/mavros_plugin.h:25,
                 from /home/rajendra/drone_ws/src/mavros/mavros/src/plugins/safety_area.cpp:18:
/home/rajendra/drone_ws/src/mavros/mavros_msgs/include/mavros_msgs/mavlink_convert.h: In function ‘bool mavros_msgs::mavlink::convert(const Mavlink&, mavlink::mavlink_message_t&)’:
/home/rajendra/drone_ws/src/mavros/mavros_msgs/include/mavros_msgs/mavlink_convert.h:74:63: warning: taking address of packed member of ‘mavlink::__mavlink_message’ may result in an unaligned pointer value [-Waddress-of-packed-member]
   74 |  std::copy(rmsg.payload64.begin(), rmsg.payload64.end(), mmsg.payload64);
      |                                                          ~~~~~^~~~~~~~~
In file included from /home/rajendra/drone_ws/src/mavros/mavros/include/mavros/utils.h:22,
                 from /home/rajendra/drone_ws/src/mavros/mavros/include/mavros/mavros_uas.h:30,
                 from /home/rajendra/drone_ws/src/mavros/mavros/include/mavros/mavros_plugin.h:25,
                 from /home/rajendra/drone_ws/src/mavros/mavros/src/plugins/safety_area.cpp:18:
/home/rajendra/drone_ws/src/mavros/mavros_msgs/include/mavros_msgs/mavlink_convert.h: In function ‘bool mavros_msgs::mavlink::convert(const mavlink_message_t&, mavros_msgs::Mavlink&, uint8_t)’:
/home/rajendra/drone_ws/src/mavros/mavros_msgs/include/mavros_msgs/mavlink_convert.h:108:62: warning: taking address of packed member of ‘mavlink::__mavlink_message’ may result in an unaligned pointer value [-Waddress-of-packed-member]
  108 |  rmsg.payload64 = mavros_msgs::Mavlink::_payload64_type(mmsg.payload64, mmsg.payload64 + payload64_len);
      |                                                         ~~~~~^~~~~~~~~
In file included from /home/rajendra/drone_ws/src/mavros/mavros/include/mavros/utils.h:22,
                 from /home/rajendra/drone_ws/src/mavros/mavros/src/plugins/setpoint_accel.cpp:18:
/home/rajendra/drone_ws/src/mavros/mavros_msgs/include/mavros_msgs/mavlink_convert.h: In function ‘bool mavros_msgs::mavlink::convert(const Mavlink&, mavlink::mavlink_message_t&)’:
/home/rajendra/drone_ws/src/mavros/mavros_msgs/include/mavros_msgs/mavlink_convert.h:74:63: warning: taking address of packed member of ‘mavlink::__mavlink_message’ may result in an unaligned pointer value [-Waddress-of-packed-member]
   74 |  std::copy(rmsg.payload64.begin(), rmsg.payload64.end(), mmsg.payload64);
      |                                                          ~~~~~^~~~~~~~~
In file included from /home/rajendra/drone_ws/src/mavros/mavros/include/mavros/utils.h:22,
                 from /home/rajendra/drone_ws/src/mavros/mavros/src/plugins/setpoint_accel.cpp:18:
/home/rajendra/drone_ws/src/mavros/mavros_msgs/include/mavros_msgs/mavlink_convert.h: In function ‘bool mavros_msgs::mavlink::convert(const mavlink_message_t&, mavros_msgs::Mavlink&, uint8_t)’:
/home/rajendra/drone_ws/src/mavros/mavros_msgs/include/mavros_msgs/mavlink_convert.h:108:62: warning: taking address of packed member of ‘mavlink::__mavlink_message’ may result in an unaligned pointer value [-Waddress-of-packed-member]
  108 |  rmsg.payload64 = mavros_msgs::Mavlink::_payload64_type(mmsg.payload64, mmsg.payload64 + payload64_len);
      |                                                         ~~~~~^~~~~~~~~
In file included from /home/rajendra/drone_ws/src/mavros/mavros/include/mavros/utils.h:22,
                 from /home/rajendra/drone_ws/src/mavros/mavros/include/mavros/mavros_uas.h:30,
                 from /home/rajendra/drone_ws/src/mavros/mavros/include/mavros/mavros_plugin.h:25,
                 from /home/rajendra/drone_ws/src/mavros/mavros/src/plugins/setpoint_position.cpp:17:
/home/rajendra/drone_ws/src/mavros/mavros_msgs/include/mavros_msgs/mavlink_convert.h: In function ‘bool mavros_msgs::mavlink::convert(const Mavlink&, mavlink::mavlink_message_t&)’:
/home/rajendra/drone_ws/src/mavros/mavros_msgs/include/mavros_msgs/mavlink_convert.h:74:63: warning: taking address of packed member of ‘mavlink::__mavlink_message’ may result in an unaligned pointer value [-Waddress-of-packed-member]
   74 |  std::copy(rmsg.payload64.begin(), rmsg.payload64.end(), mmsg.payload64);
      |                                                          ~~~~~^~~~~~~~~
In file included from /home/rajendra/drone_ws/src/mavros/mavros/include/mavros/utils.h:22,
                 from /home/rajendra/drone_ws/src/mavros/mavros/include/mavros/mavros_uas.h:30,
                 from /home/rajendra/drone_ws/src/mavros/mavros/include/mavros/mavros_plugin.h:25,
                 from /home/rajendra/drone_ws/src/mavros/mavros/src/plugins/setpoint_position.cpp:17:
/home/rajendra/drone_ws/src/mavros/mavros_msgs/include/mavros_msgs/mavlink_convert.h: In function ‘bool mavros_msgs::mavlink::convert(const mavlink_message_t&, mavros_msgs::Mavlink&, uint8_t)’:
/home/rajendra/drone_ws/src/mavros/mavros_msgs/include/mavros_msgs/mavlink_convert.h:108:62: warning: taking address of packed member of ‘mavlink::__mavlink_message’ may result in an unaligned pointer value [-Waddress-of-packed-member]
  108 |  rmsg.payload64 = mavros_msgs::Mavlink::_payload64_type(mmsg.payload64, mmsg.payload64 + payload64_len);
      |                                                         ~~~~~^~~~~~~~~
In file included from /home/rajendra/drone_ws/src/mavros/mavros/include/mavros/utils.h:22,
                 from /home/rajendra/drone_ws/src/mavros/mavros/include/mavros/mavros_uas.h:30,
                 from /home/rajendra/drone_ws/src/mavros/mavros/include/mavros/mavros_plugin.h:25,
                 from /home/rajendra/drone_ws/src/mavros/mavros/src/plugins/setpoint_attitude.cpp:18:
/home/rajendra/drone_ws/src/mavros/mavros_msgs/include/mavros_msgs/mavlink_convert.h: In function ‘bool mavros_msgs::mavlink::convert(const Mavlink&, mavlink::mavlink_message_t&)’:
/home/rajendra/drone_ws/src/mavros/mavros_msgs/include/mavros_msgs/mavlink_convert.h:74:63: warning: taking address of packed member of ‘mavlink::__mavlink_message’ may result in an unaligned pointer value [-Waddress-of-packed-member]
   74 |  std::copy(rmsg.payload64.begin(), rmsg.payload64.end(), mmsg.payload64);
      |                                                          ~~~~~^~~~~~~~~
In file included from /home/rajendra/drone_ws/src/mavros/mavros/include/mavros/utils.h:22,
                 from /home/rajendra/drone_ws/src/mavros/mavros/include/mavros/mavros_uas.h:30,
                 from /home/rajendra/drone_ws/src/mavros/mavros/include/mavros/mavros_plugin.h:25,
                 from /home/rajendra/drone_ws/src/mavros/mavros/src/plugins/setpoint_attitude.cpp:18:
/home/rajendra/drone_ws/src/mavros/mavros_msgs/include/mavros_msgs/mavlink_convert.h: In function ‘bool mavros_msgs::mavlink::convert(const mavlink_message_t&, mavros_msgs::Mavlink&, uint8_t)’:
/home/rajendra/drone_ws/src/mavros/mavros_msgs/include/mavros_msgs/mavlink_convert.h:108:62: warning: taking address of packed member of ‘mavlink::__mavlink_message’ may result in an unaligned pointer value [-Waddress-of-packed-member]
  108 |  rmsg.payload64 = mavros_msgs::Mavlink::_payload64_type(mmsg.payload64, mmsg.payload64 + payload64_len);
      |                                                         ~~~~~^~~~~~~~~
In file included from /home/rajendra/drone_ws/src/mavros/mavros/include/mavros/utils.h:22,
                 from /home/rajendra/drone_ws/src/mavros/mavros/include/mavros/mavros_uas.h:30,
                 from /home/rajendra/drone_ws/src/mavros/mavros/include/mavros/mavros_plugin.h:25,
                 from /home/rajendra/drone_ws/src/mavros/mavros/src/plugins/setpoint_raw.cpp:17:
/home/rajendra/drone_ws/src/mavros/mavros_msgs/include/mavros_msgs/mavlink_convert.h: In function ‘bool mavros_msgs::mavlink::convert(const Mavlink&, mavlink::mavlink_message_t&)’:
/home/rajendra/drone_ws/src/mavros/mavros_msgs/include/mavros_msgs/mavlink_convert.h:74:63: warning: taking address of packed member of ‘mavlink::__mavlink_message’ may result in an unaligned pointer value [-Waddress-of-packed-member]
   74 |  std::copy(rmsg.payload64.begin(), rmsg.payload64.end(), mmsg.payload64);
      |                                                          ~~~~~^~~~~~~~~
In file included from /home/rajendra/drone_ws/src/mavros/mavros/include/mavros/utils.h:22,
                 from /home/rajendra/drone_ws/src/mavros/mavros/include/mavros/mavros_uas.h:30,
                 from /home/rajendra/drone_ws/src/mavros/mavros/include/mavros/mavros_plugin.h:25,
                 from /home/rajendra/drone_ws/src/mavros/mavros/src/plugins/setpoint_raw.cpp:17:
/home/rajendra/drone_ws/src/mavros/mavros_msgs/include/mavros_msgs/mavlink_convert.h: In function ‘bool mavros_msgs::mavlink::convert(const mavlink_message_t&, mavros_msgs::Mavlink&, uint8_t)’:
/home/rajendra/drone_ws/src/mavros/mavros_msgs/include/mavros_msgs/mavlink_convert.h:108:62: warning: taking address of packed member of ‘mavlink::__mavlink_message’ may result in an unaligned pointer value [-Waddress-of-packed-member]
  108 |  rmsg.payload64 = mavros_msgs::Mavlink::_payload64_type(mmsg.payload64, mmsg.payload64 + payload64_len);
      |                                                         ~~~~~^~~~~~~~~
In file included from /home/rajendra/drone_ws/src/mavros/mavros/include/mavros/utils.h:22,
                 from /home/rajendra/drone_ws/src/mavros/mavros/include/mavros/mavros_uas.h:30,
                 from /home/rajendra/drone_ws/src/mavros/mavros/include/mavros/mavros_plugin.h:25,
                 from /home/rajendra/drone_ws/src/mavros/mavros/src/plugins/setpoint_velocity.cpp:18:
/home/rajendra/drone_ws/src/mavros/mavros_msgs/include/mavros_msgs/mavlink_convert.h: In function ‘bool mavros_msgs::mavlink::convert(const Mavlink&, mavlink::mavlink_message_t&)’:
/home/rajendra/drone_ws/src/mavros/mavros_msgs/include/mavros_msgs/mavlink_convert.h:74:63: warning: taking address of packed member of ‘mavlink::__mavlink_message’ may result in an unaligned pointer value [-Waddress-of-packed-member]
   74 |  std::copy(rmsg.payload64.begin(), rmsg.payload64.end(), mmsg.payload64);
      |                                                          ~~~~~^~~~~~~~~
In file included from /home/rajendra/drone_ws/src/mavros/mavros/include/mavros/utils.h:22,
                 from /home/rajendra/drone_ws/src/mavros/mavros/include/mavros/mavros_uas.h:30,
                 from /home/rajendra/drone_ws/src/mavros/mavros/include/mavros/mavros_plugin.h:25,
                 from /home/rajendra/drone_ws/src/mavros/mavros/src/plugins/setpoint_velocity.cpp:18:
/home/rajendra/drone_ws/src/mavros/mavros_msgs/include/mavros_msgs/mavlink_convert.h: In function ‘bool mavros_msgs::mavlink::convert(const mavlink_message_t&, mavros_msgs::Mavlink&, uint8_t)’:
/home/rajendra/drone_ws/src/mavros/mavros_msgs/include/mavros_msgs/mavlink_convert.h:108:62: warning: taking address of packed member of ‘mavlink::__mavlink_message’ may result in an unaligned pointer value [-Waddress-of-packed-member]
  108 |  rmsg.payload64 = mavros_msgs::Mavlink::_payload64_type(mmsg.payload64, mmsg.payload64 + payload64_len);
      |                                                         ~~~~~^~~~~~~~~
In file included from /home/rajendra/drone_ws/src/mavros/mavros/include/mavros/utils.h:22,
                 from /home/rajendra/drone_ws/src/mavros/mavros/include/mavros/mavros_uas.h:30,
                 from /home/rajendra/drone_ws/src/mavros/mavros/include/mavros/mavros_plugin.h:25,
                 from /home/rajendra/drone_ws/src/mavros/mavros/src/plugins/setpoint_trajectory.cpp:17:
/home/rajendra/drone_ws/src/mavros/mavros_msgs/include/mavros_msgs/mavlink_convert.h: In function ‘bool mavros_msgs::mavlink::convert(const Mavlink&, mavlink::mavlink_message_t&)’:
/home/rajendra/drone_ws/src/mavros/mavros_msgs/include/mavros_msgs/mavlink_convert.h:74:63: warning: taking address of packed member of ‘mavlink::__mavlink_message’ may result in an unaligned pointer value [-Waddress-of-packed-member]
   74 |  std::copy(rmsg.payload64.begin(), rmsg.payload64.end(), mmsg.payload64);
      |                                                          ~~~~~^~~~~~~~~
In file included from /home/rajendra/drone_ws/src/mavros/mavros/include/mavros/utils.h:22,
                 from /home/rajendra/drone_ws/src/mavros/mavros/include/mavros/mavros_uas.h:30,
                 from /home/rajendra/drone_ws/src/mavros/mavros/include/mavros/mavros_plugin.h:25,
                 from /home/rajendra/drone_ws/src/mavros/mavros/src/plugins/setpoint_trajectory.cpp:17:
/home/rajendra/drone_ws/src/mavros/mavros_msgs/include/mavros_msgs/mavlink_convert.h: In function ‘bool mavros_msgs::mavlink::convert(const mavlink_message_t&, mavros_msgs::Mavlink&, uint8_t)’:
/home/rajendra/drone_ws/src/mavros/mavros_msgs/include/mavros_msgs/mavlink_convert.h:108:62: warning: taking address of packed member of ‘mavlink::__mavlink_message’ may result in an unaligned pointer value [-Waddress-of-packed-member]
  108 |  rmsg.payload64 = mavros_msgs::Mavlink::_payload64_type(mmsg.payload64, mmsg.payload64 + payload64_len);
      |                                                         ~~~~~^~~~~~~~~
In file included from /home/rajendra/drone_ws/src/mavros/mavros/include/mavros/utils.h:22,
                 from /home/rajendra/drone_ws/src/mavros/mavros/include/mavros/mavros_uas.h:30,
                 from /home/rajendra/drone_ws/src/mavros/mavros/include/mavros/mavros_plugin.h:25,
                 from /home/rajendra/drone_ws/src/mavros/mavros/src/plugins/sys_status.cpp:17:
/home/rajendra/drone_ws/src/mavros/mavros_msgs/include/mavros_msgs/mavlink_convert.h: In function ‘bool mavros_msgs::mavlink::convert(const Mavlink&, mavlink::mavlink_message_t&)’:
/home/rajendra/drone_ws/src/mavros/mavros_msgs/include/mavros_msgs/mavlink_convert.h:74:63: warning: taking address of packed member of ‘mavlink::__mavlink_message’ may result in an unaligned pointer value [-Waddress-of-packed-member]
   74 |  std::copy(rmsg.payload64.begin(), rmsg.payload64.end(), mmsg.payload64);
      |                                                          ~~~~~^~~~~~~~~
In file included from /home/rajendra/drone_ws/src/mavros/mavros/include/mavros/utils.h:22,
                 from /home/rajendra/drone_ws/src/mavros/mavros/include/mavros/mavros_uas.h:30,
                 from /home/rajendra/drone_ws/src/mavros/mavros/include/mavros/mavros_plugin.h:25,
                 from /home/rajendra/drone_ws/src/mavros/mavros/src/plugins/sys_status.cpp:17:
/home/rajendra/drone_ws/src/mavros/mavros_msgs/include/mavros_msgs/mavlink_convert.h: In function ‘bool mavros_msgs::mavlink::convert(const mavlink_message_t&, mavros_msgs::Mavlink&, uint8_t)’:
/home/rajendra/drone_ws/src/mavros/mavros_msgs/include/mavros_msgs/mavlink_convert.h:108:62: warning: taking address of packed member of ‘mavlink::__mavlink_message’ may result in an unaligned pointer value [-Waddress-of-packed-member]
  108 |  rmsg.payload64 = mavros_msgs::Mavlink::_payload64_type(mmsg.payload64, mmsg.payload64 + payload64_len);
      |                                                         ~~~~~^~~~~~~~~
In file included from /home/rajendra/drone_ws/src/mavros/mavros/include/mavros/utils.h:22,
                 from /home/rajendra/drone_ws/src/mavros/mavros/include/mavros/mavros_uas.h:30,
                 from /home/rajendra/drone_ws/src/mavros/mavros/include/mavros/mavros_plugin.h:25,
                 from /home/rajendra/drone_ws/src/mavros/mavros/src/plugins/sys_time.cpp:17:
/home/rajendra/drone_ws/src/mavros/mavros_msgs/include/mavros_msgs/mavlink_convert.h: In function ‘bool mavros_msgs::mavlink::convert(const Mavlink&, mavlink::mavlink_message_t&)’:
/home/rajendra/drone_ws/src/mavros/mavros_msgs/include/mavros_msgs/mavlink_convert.h:74:63: warning: taking address of packed member of ‘mavlink::__mavlink_message’ may result in an unaligned pointer value [-Waddress-of-packed-member]
   74 |  std::copy(rmsg.payload64.begin(), rmsg.payload64.end(), mmsg.payload64);
      |                                                          ~~~~~^~~~~~~~~
In file included from /home/rajendra/drone_ws/src/mavros/mavros/include/mavros/utils.h:22,
                 from /home/rajendra/drone_ws/src/mavros/mavros/include/mavros/mavros_uas.h:30,
                 from /home/rajendra/drone_ws/src/mavros/mavros/include/mavros/mavros_plugin.h:25,
                 from /home/rajendra/drone_ws/src/mavros/mavros/src/plugins/sys_time.cpp:17:
/home/rajendra/drone_ws/src/mavros/mavros_msgs/include/mavros_msgs/mavlink_convert.h: In function ‘bool mavros_msgs::mavlink::convert(const mavlink_message_t&, mavros_msgs::Mavlink&, uint8_t)’:
/home/rajendra/drone_ws/src/mavros/mavros_msgs/include/mavros_msgs/mavlink_convert.h:108:62: warning: taking address of packed member of ‘mavlink::__mavlink_message’ may result in an unaligned pointer value [-Waddress-of-packed-member]
  108 |  rmsg.payload64 = mavros_msgs::Mavlink::_payload64_type(mmsg.payload64, mmsg.payload64 + payload64_len);
      |                                                         ~~~~~^~~~~~~~~
In file included from /home/rajendra/drone_ws/src/mavros/mavros/include/mavros/utils.h:22,
                 from /home/rajendra/drone_ws/src/mavros/mavros/include/mavros/mavros_uas.h:30,
                 from /home/rajendra/drone_ws/src/mavros/mavros/include/mavros/mavros_plugin.h:25,
                 from /home/rajendra/drone_ws/src/mavros/mavros/src/plugins/vfr_hud.cpp:18:
/home/rajendra/drone_ws/src/mavros/mavros_msgs/include/mavros_msgs/mavlink_convert.h: In function ‘bool mavros_msgs::mavlink::convert(const Mavlink&, mavlink::mavlink_message_t&)’:
/home/rajendra/drone_ws/src/mavros/mavros_msgs/include/mavros_msgs/mavlink_convert.h:74:63: warning: taking address of packed member of ‘mavlink::__mavlink_message’ may result in an unaligned pointer value [-Waddress-of-packed-member]
   74 |  std::copy(rmsg.payload64.begin(), rmsg.payload64.end(), mmsg.payload64);
      |                                                          ~~~~~^~~~~~~~~
In file included from /home/rajendra/drone_ws/src/mavros/mavros/include/mavros/utils.h:22,
                 from /home/rajendra/drone_ws/src/mavros/mavros/include/mavros/mavros_uas.h:30,
                 from /home/rajendra/drone_ws/src/mavros/mavros/include/mavros/mavros_plugin.h:25,
                 from /home/rajendra/drone_ws/src/mavros/mavros/src/plugins/vfr_hud.cpp:18:
/home/rajendra/drone_ws/src/mavros/mavros_msgs/include/mavros_msgs/mavlink_convert.h: In function ‘bool mavros_msgs::mavlink::convert(const mavlink_message_t&, mavros_msgs::Mavlink&, uint8_t)’:
/home/rajendra/drone_ws/src/mavros/mavros_msgs/include/mavros_msgs/mavlink_convert.h:108:62: warning: taking address of packed member of ‘mavlink::__mavlink_message’ may result in an unaligned pointer value [-Waddress-of-packed-member]
  108 |  rmsg.payload64 = mavros_msgs::Mavlink::_payload64_type(mmsg.payload64, mmsg.payload64 + payload64_len);
      |                                                         ~~~~~^~~~~~~~~
In file included from /home/rajendra/drone_ws/src/mavros/mavros/include/mavros/utils.h:22,
                 from /home/rajendra/drone_ws/src/mavros/mavros/include/mavros/mavros_uas.h:30,
                 from /home/rajendra/drone_ws/src/mavros/mavros/include/mavros/mavros_plugin.h:25,
                 from /home/rajendra/drone_ws/src/mavros/mavros/include/mavros/mission_protocol_base.h:27,
                 from /home/rajendra/drone_ws/src/mavros/mavros/src/plugins/waypoint.cpp:17:
/home/rajendra/drone_ws/src/mavros/mavros_msgs/include/mavros_msgs/mavlink_convert.h: In function ‘bool mavros_msgs::mavlink::convert(const Mavlink&, mavlink::mavlink_message_t&)’:
/home/rajendra/drone_ws/src/mavros/mavros_msgs/include/mavros_msgs/mavlink_convert.h:74:63: warning: taking address of packed member of ‘mavlink::__mavlink_message’ may result in an unaligned pointer value [-Waddress-of-packed-member]
   74 |  std::copy(rmsg.payload64.begin(), rmsg.payload64.end(), mmsg.payload64);
      |                                                          ~~~~~^~~~~~~~~
In file included from /home/rajendra/drone_ws/src/mavros/mavros/include/mavros/utils.h:22,
                 from /home/rajendra/drone_ws/src/mavros/mavros/include/mavros/mavros_uas.h:30,
                 from /home/rajendra/drone_ws/src/mavros/mavros/include/mavros/mavros_plugin.h:25,
                 from /home/rajendra/drone_ws/src/mavros/mavros/include/mavros/mission_protocol_base.h:27,
                 from /home/rajendra/drone_ws/src/mavros/mavros/src/plugins/waypoint.cpp:17:
/home/rajendra/drone_ws/src/mavros/mavros_msgs/include/mavros_msgs/mavlink_convert.h: In function ‘bool mavros_msgs::mavlink::convert(const mavlink_message_t&, mavros_msgs::Mavlink&, uint8_t)’:
/home/rajendra/drone_ws/src/mavros/mavros_msgs/include/mavros_msgs/mavlink_convert.h:108:62: warning: taking address of packed member of ‘mavlink::__mavlink_message’ may result in an unaligned pointer value [-Waddress-of-packed-member]
  108 |  rmsg.payload64 = mavros_msgs::Mavlink::_payload64_type(mmsg.payload64, mmsg.payload64 + payload64_len);
      |                                                         ~~~~~^~~~~~~~~
In file included from /home/rajendra/drone_ws/src/mavros/mavros/include/mavros/utils.h:22,
                 from /home/rajendra/drone_ws/src/mavros/mavros/include/mavros/mavros_uas.h:30,
                 from /home/rajendra/drone_ws/src/mavros/mavros/include/mavros/mavros_plugin.h:25,
                 from /home/rajendra/drone_ws/src/mavros/mavros/src/plugins/wind_estimation.cpp:17:
/home/rajendra/drone_ws/src/mavros/mavros_msgs/include/mavros_msgs/mavlink_convert.h: In function ‘bool mavros_msgs::mavlink::convert(const Mavlink&, mavlink::mavlink_message_t&)’:
/home/rajendra/drone_ws/src/mavros/mavros_msgs/include/mavros_msgs/mavlink_convert.h:74:63: warning: taking address of packed member of ‘mavlink::__mavlink_message’ may result in an unaligned pointer value [-Waddress-of-packed-member]
   74 |  std::copy(rmsg.payload64.begin(), rmsg.payload64.end(), mmsg.payload64);
      |                                                          ~~~~~^~~~~~~~~
In file included from /home/rajendra/drone_ws/src/mavros/mavros/include/mavros/utils.h:22,
                 from /home/rajendra/drone_ws/src/mavros/mavros/include/mavros/mavros_uas.h:30,
                 from /home/rajendra/drone_ws/src/mavros/mavros/include/mavros/mavros_plugin.h:25,
                 from /home/rajendra/drone_ws/src/mavros/mavros/src/plugins/wind_estimation.cpp:17:
/home/rajendra/drone_ws/src/mavros/mavros_msgs/include/mavros_msgs/mavlink_convert.h: In function ‘bool mavros_msgs::mavlink::convert(const mavlink_message_t&, mavros_msgs::Mavlink&, uint8_t)’:
/home/rajendra/drone_ws/src/mavros/mavros_msgs/include/mavros_msgs/mavlink_convert.h:108:62: warning: taking address of packed member of ‘mavlink::__mavlink_message’ may result in an unaligned pointer value [-Waddress-of-packed-member]
  108 |  rmsg.payload64 = mavros_msgs::Mavlink::_payload64_type(mmsg.payload64, mmsg.payload64 + payload64_len);
      |                                                         ~~~~~^~~~~~~~~
