[35m[1mScanning dependencies of target _led_msgs_generate_messages_check_deps_SetLEDs[0m
[  0%] Built target _led_msgs_generate_messages_check_deps_SetLEDs
[35m[1mScanning dependencies of target _led_msgs_generate_messages_check_deps_LEDState[0m
[  0%] Built target _led_msgs_generate_messages_check_deps_LEDState
[35m[1mScanning dependencies of target _led_msgs_generate_messages_check_deps_LEDStateArray[0m
[  0%] Built target _led_msgs_generate_messages_check_deps_LEDStateArray
[35m[1mScanning dependencies of target _led_msgs_generate_messages_check_deps_SetLED[0m
[  0%] Built target _led_msgs_generate_messages_check_deps_SetLED
[35m[1mScanning dependencies of target led_msgs_generate_messages_py[0m
[  4%] [34m[1mGenerating Python from MSG led_msgs/LEDState[0m
[  8%] [34m[1mGenerating Python from MSG led_msgs/LEDStateArray[0m
[ 13%] [34m[1mGenerating Python code from SRV led_msgs/SetLED[0m
[ 17%] [34m[1mGenerating Python code from SRV led_msgs/SetLEDs[0m
[ 21%] [34m[1mGenerating Python msg __init__.py for led_msgs[0m
[ 26%] [34m[1mGenerating Python srv __init__.py for led_msgs[0m
[ 26%] Built target led_msgs_generate_messages_py
[35m[1mScanning dependencies of target led_msgs_generate_messages_lisp[0m
[ 30%] [34m[1mGenerating Lisp code from led_msgs/LEDState.msg[0m
[ 34%] [34m[1mGenerating Lisp code from led_msgs/LEDStateArray.msg[0m
[ 39%] [34m[1mGenerating Lisp code from led_msgs/SetLED.srv[0m
[ 43%] [34m[1mGenerating Lisp code from led_msgs/SetLEDs.srv[0m
[ 43%] Built target led_msgs_generate_messages_lisp
[35m[1mScanning dependencies of target led_msgs_generate_messages_nodejs[0m
[ 47%] [34m[1mGenerating Javascript code from led_msgs/LEDState.msg[0m
[ 52%] [34m[1mGenerating Javascript code from led_msgs/LEDStateArray.msg[0m
[ 56%] [34m[1mGenerating Javascript code from led_msgs/SetLED.srv[0m
[ 60%] [34m[1mGenerating Javascript code from led_msgs/SetLEDs.srv[0m
[ 60%] Built target led_msgs_generate_messages_nodejs
[35m[1mScanning dependencies of target led_msgs_generate_messages_eus[0m
[ 65%] [34m[1mGenerating EusLisp code from led_msgs/LEDState.msg[0m
[ 69%] [34m[1mGenerating EusLisp code from led_msgs/LEDStateArray.msg[0m
[ 73%] [34m[1mGenerating EusLisp code from led_msgs/SetLED.srv[0m
[ 78%] [34m[1mGenerating EusLisp code from led_msgs/SetLEDs.srv[0m
[ 82%] [34m[1mGenerating EusLisp manifest code for led_msgs[0m
[35m[1mScanning dependencies of target led_msgs_generate_messages_cpp[0m
[ 86%] [34m[1mGenerating C++ code from led_msgs/LEDState.msg[0m
[ 91%] [34m[1mGenerating C++ code from led_msgs/LEDStateArray.msg[0m
[ 95%] [34m[1mGenerating C++ code from led_msgs/SetLED.srv[0m
[100%] [34m[1mGenerating C++ code from led_msgs/SetLEDs.srv[0m
[100%] Built target led_msgs_generate_messages_eus
[100%] Built target led_msgs_generate_messages_cpp
[35m[1mScanning dependencies of target led_msgs_generate_messages[0m
[100%] Built target led_msgs_generate_messages
