Symlinking /home/rajendra/drone_ws/devel/share/led_msgs/cmake/led_msgsConfig.cmake
Symlinking /home/rajendra/drone_ws/devel/share/led_msgs/cmake/led_msgsConfig-version.cmake
Symlinking /home/rajendra/drone_ws/devel/share/led_msgs/cmake/led_msgs-msg-paths.cmake
Symlinking /home/rajendra/drone_ws/devel/share/led_msgs/cmake/led_msgs-msg-extras.cmake
Symlinking /home/rajendra/drone_ws/devel/share/roseus/ros/led_msgs/manifest.l
Symlinking /home/rajendra/drone_ws/devel/share/roseus/ros/led_msgs/msg/LEDStateArray.l
Symlinking /home/rajendra/drone_ws/devel/share/roseus/ros/led_msgs/msg/LEDState.l
Symlinking /home/rajendra/drone_ws/devel/share/roseus/ros/led_msgs/srv/SetLEDs.l
Symlinking /home/rajendra/drone_ws/devel/share/roseus/ros/led_msgs/srv/SetLED.l
Symlinking /home/rajendra/drone_ws/devel/share/gennodejs/ros/led_msgs/_index.js
Symlinking /home/rajendra/drone_ws/devel/share/gennodejs/ros/led_msgs/msg/LEDState.js
Symlinking /home/rajendra/drone_ws/devel/share/gennodejs/ros/led_msgs/msg/_index.js
Symlinking /home/rajendra/drone_ws/devel/share/gennodejs/ros/led_msgs/msg/LEDStateArray.js
Symlinking /home/rajendra/drone_ws/devel/share/gennodejs/ros/led_msgs/srv/SetLEDs.js
Symlinking /home/rajendra/drone_ws/devel/share/gennodejs/ros/led_msgs/srv/SetLED.js
Symlinking /home/rajendra/drone_ws/devel/share/gennodejs/ros/led_msgs/srv/_index.js
Symlinking /home/rajendra/drone_ws/devel/share/common-lisp/ros/led_msgs/msg/led_msgs-msg.asd
Symlinking /home/rajendra/drone_ws/devel/share/common-lisp/ros/led_msgs/msg/_package.lisp
Symlinking /home/rajendra/drone_ws/devel/share/common-lisp/ros/led_msgs/msg/LEDStateArray.lisp
Symlinking /home/rajendra/drone_ws/devel/share/common-lisp/ros/led_msgs/msg/_package_LEDStateArray.lisp
Symlinking /home/rajendra/drone_ws/devel/share/common-lisp/ros/led_msgs/msg/LEDState.lisp
Symlinking /home/rajendra/drone_ws/devel/share/common-lisp/ros/led_msgs/msg/_package_LEDState.lisp
Symlinking /home/rajendra/drone_ws/devel/share/common-lisp/ros/led_msgs/srv/_package_SetLEDs.lisp
Symlinking /home/rajendra/drone_ws/devel/share/common-lisp/ros/led_msgs/srv/_package_SetLED.lisp
Symlinking /home/rajendra/drone_ws/devel/share/common-lisp/ros/led_msgs/srv/SetLED.lisp
Symlinking /home/rajendra/drone_ws/devel/share/common-lisp/ros/led_msgs/srv/SetLEDs.lisp
Symlinking /home/rajendra/drone_ws/devel/share/common-lisp/ros/led_msgs/srv/_package.lisp
Symlinking /home/rajendra/drone_ws/devel/share/common-lisp/ros/led_msgs/srv/led_msgs-srv.asd
Symlinking /home/rajendra/drone_ws/devel/include/led_msgs/LEDState.h
Symlinking /home/rajendra/drone_ws/devel/include/led_msgs/SetLEDsResponse.h
Symlinking /home/rajendra/drone_ws/devel/include/led_msgs/SetLEDRequest.h
Symlinking /home/rajendra/drone_ws/devel/include/led_msgs/SetLED.h
Symlinking /home/rajendra/drone_ws/devel/include/led_msgs/LEDStateArray.h
Symlinking /home/rajendra/drone_ws/devel/include/led_msgs/SetLEDsRequest.h
Symlinking /home/rajendra/drone_ws/devel/include/led_msgs/SetLEDResponse.h
Symlinking /home/rajendra/drone_ws/devel/include/led_msgs/SetLEDs.h
Symlinking /home/rajendra/drone_ws/devel/lib/python3/dist-packages/led_msgs/__init__.py
Symlinking /home/rajendra/drone_ws/devel/lib/python3/dist-packages/led_msgs/msg/__init__.py
Symlinking /home/rajendra/drone_ws/devel/lib/python3/dist-packages/led_msgs/msg/_LEDStateArray.py
Symlinking /home/rajendra/drone_ws/devel/lib/python3/dist-packages/led_msgs/msg/_LEDState.py
Symlinking /home/rajendra/drone_ws/devel/lib/python3/dist-packages/led_msgs/srv/__init__.py
Symlinking /home/rajendra/drone_ws/devel/lib/python3/dist-packages/led_msgs/srv/_SetLED.py
Symlinking /home/rajendra/drone_ws/devel/lib/python3/dist-packages/led_msgs/srv/_SetLEDs.py
Symlinking /home/rajendra/drone_ws/devel/lib/pkgconfig/led_msgs.pc
