[  0%] Built target hemd_generate_messages_eus
[  0%] Built target std_msgs_generate_messages_eus
[  0%] Built target hemd_generate_messages_cpp
[  0%] Built target std_msgs_generate_messages_py
[  0%] Built target std_msgs_generate_messages_cpp
[  0%] Built target std_msgs_generate_messages_nodejs
[  0%] Built target hemd_generate_messages_lisp
[  0%] Built target std_msgs_generate_messages_lisp
[  0%] Built target hemd_generate_messages_py
[  0%] Built target hemd_generate_messages_nodejs
[  0%] Built target rosgraph_msgs_generate_messages_nodejs
[  0%] Built target px_comm_generate_messages_nodejs
[  0%] Built target px_comm_generate_messages_py
[  0%] Built target px_comm_generate_messages_lisp
[  0%] Built target px_comm_generate_messages_eus
[  0%] Built target px_comm_generate_messages_cpp
[  0%] Built target rosgraph_msgs_generate_messages_cpp
[  0%] Built target geometry_msgs_generate_messages_lisp
[  0%] Built target roscpp_generate_messages_nodejs
[  0%] Built target geometry_msgs_generate_messages_nodejs
[  0%] Built target geometry_msgs_generate_messages_cpp
[  0%] Built target rosgraph_msgs_generate_messages_py
[  0%] Built target roscpp_generate_messages_lisp
[  0%] Built target sensor_msgs_generate_messages_py
[  0%] Built target geometry_msgs_generate_messages_py
[  0%] Built target sensor_msgs_generate_messages_lisp
[  0%] Built target sensor_msgs_generate_messages_nodejs
[  0%] Built target sensor_msgs_generate_messages_cpp
[  0%] Built target geometry_msgs_generate_messages_eus
[  0%] Built target roscpp_generate_messages_eus
[  0%] Built target roscpp_generate_messages_py
[  0%] Built target sensor_msgs_generate_messages_eus
[  0%] Built target roscpp_generate_messages_cpp
[  0%] Built target rosgraph_msgs_generate_messages_eus
[  0%] Built target rosgraph_msgs_generate_messages_lisp
[ 33%] Built target pca_linedetector_generate_messages_eus
[ 33%] Built target pca_linedetector_generate_messages_cpp
[ 33%] Built target pca_linedetector_generate_messages_py
[ 33%] Built target pca_linedetector_generate_messages_nodejs
[ 33%] Built target pca_linedetector_generate_messages_lisp
[ 33%] Built target pca_linedetector_generate_messages
[100%] Built target pcadetector_node
