[35m[1mScanning dependencies of target std_msgs_generate_messages_eus[0m
[  0%] Built target std_msgs_generate_messages_eus
[35m[1mScanning dependencies of target hemd_generate_messages_eus[0m
[  0%] Built target hemd_generate_messages_eus
[35m[1mScanning dependencies of target std_msgs_generate_messages_cpp[0m
[  0%] Built target std_msgs_generate_messages_cpp
[35m[1mScanning dependencies of target hemd_generate_messages_cpp[0m
[  0%] Built target hemd_generate_messages_cpp
[35m[1mScanning dependencies of target std_msgs_generate_messages_py[0m
[  0%] Built target std_msgs_generate_messages_py
[35m[1mScanning dependencies of target hemd_generate_messages_py[0m
[  0%] Built target hemd_generate_messages_py
[35m[1mScanning dependencies of target std_msgs_generate_messages_nodejs[0m
[  0%] Built target std_msgs_generate_messages_nodejs
[35m[1mScanning dependencies of target hemd_generate_messages_nodejs[0m
[  0%] Built target hemd_generate_messages_nodejs
[35m[1mScanning dependencies of target hemd_generate_messages_lisp[0m
[  0%] Built target hemd_generate_messages_lisp
[35m[1mScanning dependencies of target std_msgs_generate_messages_lisp[0m
[  0%] Built target std_msgs_generate_messages_lisp
[35m[1mScanning dependencies of target rosgraph_msgs_generate_messages_nodejs[0m
[  0%] Built target rosgraph_msgs_generate_messages_nodejs
[35m[1mScanning dependencies of target px_comm_generate_messages_py[0m
[  0%] Built target px_comm_generate_messages_py
[35m[1mScanning dependencies of target px_comm_generate_messages_nodejs[0m
[  0%] Built target px_comm_generate_messages_nodejs
[35m[1mScanning dependencies of target px_comm_generate_messages_lisp[0m
[  0%] Built target px_comm_generate_messages_lisp
[35m[1mScanning dependencies of target px_comm_generate_messages_eus[0m
[  0%] Built target px_comm_generate_messages_eus
[35m[1mScanning dependencies of target px_comm_generate_messages_cpp[0m
[  0%] Built target px_comm_generate_messages_cpp
[35m[1mScanning dependencies of target geometry_msgs_generate_messages_lisp[0m
[  0%] Built target geometry_msgs_generate_messages_lisp
[35m[1mScanning dependencies of target roscpp_generate_messages_nodejs[0m
[  0%] Built target roscpp_generate_messages_nodejs
[35m[1mScanning dependencies of target rosgraph_msgs_generate_messages_cpp[0m
[  0%] Built target rosgraph_msgs_generate_messages_cpp
[35m[1mScanning dependencies of target geometry_msgs_generate_messages_nodejs[0m
[  0%] Built target geometry_msgs_generate_messages_nodejs
[35m[1mScanning dependencies of target geometry_msgs_generate_messages_cpp[0m
[  0%] Built target geometry_msgs_generate_messages_cpp
[35m[1mScanning dependencies of target rosgraph_msgs_generate_messages_py[0m
[  0%] Built target rosgraph_msgs_generate_messages_py
[35m[1mScanning dependencies of target roscpp_generate_messages_lisp[0m
[  0%] Built target roscpp_generate_messages_lisp
[35m[1mScanning dependencies of target sensor_msgs_generate_messages_py[0m
[  0%] Built target sensor_msgs_generate_messages_py
[35m[1mScanning dependencies of target geometry_msgs_generate_messages_py[0m
[  0%] Built target geometry_msgs_generate_messages_py
[35m[1mScanning dependencies of target sensor_msgs_generate_messages_lisp[0m
[  0%] Built target sensor_msgs_generate_messages_lisp
[35m[1mScanning dependencies of target sensor_msgs_generate_messages_nodejs[0m
[  0%] Built target sensor_msgs_generate_messages_nodejs
[35m[1mScanning dependencies of target geometry_msgs_generate_messages_eus[0m
[  0%] Built target geometry_msgs_generate_messages_eus
[35m[1mScanning dependencies of target sensor_msgs_generate_messages_cpp[0m
[  0%] Built target sensor_msgs_generate_messages_cpp
[35m[1mScanning dependencies of target roscpp_generate_messages_eus[0m
[  0%] Built target roscpp_generate_messages_eus
[35m[1mScanning dependencies of target roscpp_generate_messages_py[0m
[  0%] Built target roscpp_generate_messages_py
[35m[1mScanning dependencies of target roscpp_generate_messages_cpp[0m
[  0%] Built target roscpp_generate_messages_cpp
[35m[1mScanning dependencies of target sensor_msgs_generate_messages_eus[0m
[  0%] Built target sensor_msgs_generate_messages_eus
[35m[1mScanning dependencies of target rosgraph_msgs_generate_messages_eus[0m
[  0%] Built target rosgraph_msgs_generate_messages_eus
[35m[1mScanning dependencies of target rosgraph_msgs_generate_messages_lisp[0m
[  0%] Built target rosgraph_msgs_generate_messages_lisp
[35m[1mScanning dependencies of target pca_linedetector_generate_messages_eus[0m
[ 33%] [34m[1mGenerating EusLisp manifest code for pca_linedetector[0m
[ 33%] Built target pca_linedetector_generate_messages_eus
[35m[1mScanning dependencies of target pca_linedetector_generate_messages_cpp[0m
[ 33%] Built target pca_linedetector_generate_messages_cpp
[35m[1mScanning dependencies of target pca_linedetector_generate_messages_py[0m
[ 33%] Built target pca_linedetector_generate_messages_py
[35m[1mScanning dependencies of target pca_linedetector_generate_messages_nodejs[0m
[ 33%] Built target pca_linedetector_generate_messages_nodejs
[35m[1mScanning dependencies of target pca_linedetector_generate_messages_lisp[0m
[ 33%] Built target pca_linedetector_generate_messages_lisp
[35m[1mScanning dependencies of target pcadetector_node[0m
[ 66%] [32mBuilding CXX object CMakeFiles/pcadetector_node.dir/src/pcadetector_node.cxx.o[0m
[100%] [32m[1mLinking CXX executable /home/rajendra/drone_ws/devel/.private/pca_linedetector/lib/pca_linedetector/pcadetector_node[0m
/usr/bin/ld: warning: libopencv_imgcodecs.so.4.2, needed by /opt/ros/noetic/lib/libcv_bridge.so, may conflict with libopencv_imgcodecs.so.3.4
/usr/bin/ld: warning: libopencv_imgproc.so.3.4, needed by /usr/local/lib/libopencv_imgcodecs.so.3.4.6, may conflict with libopencv_imgproc.so.4.2
/usr/bin/ld: warning: libopencv_core.so.3.4, needed by /usr/local/lib/libopencv_imgcodecs.so.3.4.6, may conflict with libopencv_core.so.4.2
[100%] Built target pcadetector_node
[35m[1mScanning dependencies of target pca_linedetector_generate_messages[0m
[100%] Built target pca_linedetector_generate_messages
