[  5%] Built target visualization_msgs_generate_messages_nodejs
[  5%] Built target std_msgs_generate_messages_nodejs
[ 10%] Built target geometry_msgs_generate_messages_nodejs
[ 10%] Built target safe_landing_planner_gencfg
[ 10%] Built target dynamic_reconfigure_generate_messages_eus
[ 10%] Built target tf2_msgs_generate_messages_lisp
[ 10%] Built target tf_generate_messages_py
[ 10%] Built target actionlib_msgs_generate_messages_nodejs
[ 10%] Built target actionlib_generate_messages_py
[ 10%] Built target actionlib_msgs_generate_messages_cpp
[ 10%] Built target actionlib_generate_messages_eus
[ 10%] Built target rosgraph_msgs_generate_messages_cpp
[ 10%] Built target nodelet_topic_tools_gencfg
[ 10%] Built target diagnostic_msgs_generate_messages_lisp
[ 10%] Built target sensor_msgs_generate_messages_eus
[ 10%] Built target dynamic_reconfigure_generate_messages_nodejs
[ 10%] Built target std_msgs_generate_messages_lisp
[ 10%] Built target tf2_msgs_generate_messages_py
[ 10%] Built target bond_generate_messages_cpp
[ 10%] Built target geometry_msgs_generate_messages_lisp
[ 10%] Built target geometry_msgs_generate_messages_cpp
[ 10%] Built target dynamic_reconfigure_generate_messages_cpp
[ 10%] Built target diagnostic_msgs_generate_messages_py
[ 10%] Built target mavros_msgs_generate_messages_cpp
[ 10%] Built target std_msgs_generate_messages_py
[ 10%] Built target sensor_msgs_generate_messages_cpp
[ 10%] Built target nav_msgs_generate_messages_nodejs
[ 10%] Built target geometry_msgs_generate_messages_py
[ 10%] Built target tf_generate_messages_lisp
[ 10%] Built target nav_msgs_generate_messages_py
[ 10%] Built target pcl_ros_gencfg
[ 10%] Built target diagnostic_msgs_generate_messages_cpp
[ 10%] Built target rosgraph_msgs_generate_messages_eus
[ 10%] Built target actionlib_msgs_generate_messages_eus
[ 10%] Built target visualization_msgs_generate_messages_cpp
[ 10%] Built target rosgraph_msgs_generate_messages_lisp
[ 10%] Built target std_msgs_generate_messages_eus
[ 10%] Built target sensor_msgs_generate_messages_py
[ 10%] Built target tf_generate_messages_eus
[ 10%] Built target _catkin_empty_exported_target
[ 10%] Built target geometry_msgs_generate_messages_eus
[ 10%] Built target actionlib_generate_messages_lisp
[ 10%] Built target tf2_msgs_generate_messages_eus
[ 10%] Built target roscpp_generate_messages_nodejs
[ 10%] Built target roscpp_generate_messages_cpp
[ 10%] Built target tf_generate_messages_nodejs
[ 10%] Built target trajectory_msgs_generate_messages_py
[ 10%] Built target topic_tools_generate_messages_py
[ 10%] Built target _safe_landing_planner_generate_messages_check_deps_SLPGridMsg
[ 10%] Built target std_msgs_generate_messages_cpp
[ 10%] Built target roscpp_generate_messages_eus
[ 10%] Built target nodelet_generate_messages_lisp
[ 10%] Built target uuid_msgs_generate_messages_cpp
[ 10%] Built target dynamic_reconfigure_generate_messages_py
[ 10%] Built target uuid_msgs_generate_messages_eus
[ 10%] Built target roscpp_generate_messages_py
[ 10%] Built target actionlib_msgs_generate_messages_py
[ 10%] Built target actionlib_generate_messages_cpp
[ 10%] Built target sensor_msgs_generate_messages_nodejs
[ 10%] Built target mavros_msgs_generate_messages_lisp
[ 10%] Built target trajectory_msgs_generate_messages_eus
[ 10%] Built target std_srvs_generate_messages_cpp
[ 10%] Built target rosgraph_msgs_generate_messages_nodejs
[ 10%] Built target geographic_msgs_generate_messages_cpp
[ 10%] Built target nodelet_generate_messages_eus
[ 10%] Built target nodelet_generate_messages_nodejs
[ 10%] Built target geographic_msgs_generate_messages_lisp
[ 10%] Built target std_srvs_generate_messages_nodejs
[ 10%] Built target nodelet_generate_messages_py
[ 10%] Built target bond_generate_messages_nodejs
[ 10%] Built target bond_generate_messages_lisp
[ 10%] Built target bond_generate_messages_eus
[ 10%] Built target bond_generate_messages_py
[ 10%] Built target uuid_msgs_generate_messages_py
[ 10%] Built target dynamic_reconfigure_generate_messages_lisp
[ 10%] Built target pcl_msgs_generate_messages_cpp
[ 10%] Built target dynamic_reconfigure_gencfg
[ 10%] Built target pcl_msgs_generate_messages_eus
[ 10%] Built target pcl_msgs_generate_messages_lisp
[ 10%] Built target std_srvs_generate_messages_eus
[ 10%] Built target pcl_msgs_generate_messages_py
[ 10%] Built target pcl_msgs_generate_messages_nodejs
[ 10%] Built target roscpp_generate_messages_lisp
[ 10%] Built target std_srvs_generate_messages_lisp
[ 10%] Built target topic_tools_generate_messages_cpp
[ 10%] Built target topic_tools_generate_messages_eus
[ 10%] Built target topic_tools_generate_messages_lisp
[ 10%] Built target diagnostic_msgs_generate_messages_eus
[ 10%] Built target visualization_msgs_generate_messages_py
[ 10%] Built target topic_tools_generate_messages_nodejs
[ 10%] Built target diagnostic_msgs_generate_messages_nodejs
[ 10%] Built target actionlib_msgs_generate_messages_lisp
[ 10%] Built target uuid_msgs_generate_messages_lisp
[ 10%] Built target nodelet_generate_messages_cpp
[ 10%] Built target tf2_msgs_generate_messages_nodejs
[ 10%] Built target tf_generate_messages_cpp
[ 15%] Built target safe_landing_planner_generate_messages_cpp
[ 15%] Built target sensor_msgs_generate_messages_lisp
[ 15%] Built target geographic_msgs_generate_messages_nodejs
[ 15%] Built target actionlib_generate_messages_nodejs
[ 15%] Built target geographic_msgs_generate_messages_py
[ 15%] Built target std_srvs_generate_messages_py
[ 15%] Built target uuid_msgs_generate_messages_nodejs
[ 15%] Built target mavros_msgs_generate_messages_eus
[ 15%] Built target geographic_msgs_generate_messages_eus
[ 15%] Built target mavros_msgs_generate_messages_py
[ 15%] Built target visualization_msgs_generate_messages_eus
[ 15%] Built target mavros_msgs_generate_messages_nodejs
[ 15%] Built target nav_msgs_generate_messages_cpp
[ 15%] Built target nav_msgs_generate_messages_eus
[ 15%] Built target tf2_msgs_generate_messages_cpp
[ 15%] Built target trajectory_msgs_generate_messages_cpp
[ 15%] Built target nav_msgs_generate_messages_lisp
[ 15%] Built target trajectory_msgs_generate_messages_lisp
[ 15%] Built target trajectory_msgs_generate_messages_nodejs
[ 21%] Built target visualization_msgs_generate_messages_lisp
[ 26%] Built target safe_landing_planner_generate_messages_nodejs
[ 31%] Built target safe_landing_planner_generate_messages_py
[ 31%] Built target rosgraph_msgs_generate_messages_py
[ 42%] Built target safe_landing_planner_generate_messages_eus
[ 47%] Built target safe_landing_planner_generate_messages_lisp
[ 47%] Built target safe_landing_planner_generate_messages
[ 78%] Built target safe_landing_planner
[ 84%] [32m[1mLinking CXX executable /home/rajendra/drone_ws/devel/.private/safe_landing_planner/lib/safe_landing_planner/safe_landing_planner_node[0m
[ 89%] [32m[1mLinking CXX executable /home/rajendra/drone_ws/devel/.private/safe_landing_planner/lib/safe_landing_planner/waypoint_generator_node[0m
[ 94%] Built target safe_landing_planner_node
[100%] Built target waypoint_generator_node
