[35m[1mScanning dependencies of target _rosapi_generate_messages_check_deps_ServiceType[0m
[  0%] Built target _rosapi_generate_messages_check_deps_ServiceType
[35m[1mScanning dependencies of target _rosapi_generate_messages_check_deps_TopicsForType[0m
[  0%] Built target _rosapi_generate_messages_check_deps_TopicsForType
[35m[1mScanning dependencies of target _rosapi_generate_messages_check_deps_Topics[0m
[  0%] Built target _rosapi_generate_messages_check_deps_Topics
[35m[1mScanning dependencies of target _rosapi_generate_messages_check_deps_GetParamNames[0m
[  0%] Built target _rosapi_generate_messages_check_deps_GetParamNames
[35m[1mScanning dependencies of target _rosapi_generate_messages_check_deps_TopicsAndRawTypes[0m
[  0%] Built target _rosapi_generate_messages_check_deps_TopicsAndRawTypes
[35m[1mScanning dependencies of target _rosapi_generate_messages_check_deps_GetParam[0m
[  0%] Built target _rosapi_generate_messages_check_deps_GetParam
[35m[1mScanning dependencies of target _rosapi_generate_messages_check_deps_GetActionServers[0m
[  0%] Built target _rosapi_generate_messages_check_deps_GetActionServers
[35m[1mScanning dependencies of target _rosapi_generate_messages_check_deps_DeleteParam[0m
[  0%] Built target _rosapi_generate_messages_check_deps_DeleteParam
[35m[1mScanning dependencies of target _rosapi_generate_messages_check_deps_Subscribers[0m
[  0%] Built target _rosapi_generate_messages_check_deps_Subscribers
[35m[1mScanning dependencies of target _rosapi_generate_messages_check_deps_ServiceResponseDetails[0m
[  0%] Built target _rosapi_generate_messages_check_deps_ServiceResponseDetails
[35m[1mScanning dependencies of target _rosapi_generate_messages_check_deps_GetTime[0m
[  0%] Built target _rosapi_generate_messages_check_deps_GetTime
[35m[1mScanning dependencies of target _rosapi_generate_messages_check_deps_Nodes[0m
[  0%] Built target _rosapi_generate_messages_check_deps_Nodes
[35m[1mScanning dependencies of target _rosapi_generate_messages_check_deps_ServiceHost[0m
[  0%] Built target _rosapi_generate_messages_check_deps_ServiceHost
[35m[1mScanning dependencies of target _rosapi_generate_messages_check_deps_NodeDetails[0m
[  0%] Built target _rosapi_generate_messages_check_deps_NodeDetails
[35m[1mScanning dependencies of target _rosapi_generate_messages_check_deps_ServicesForType[0m
[  0%] Built target _rosapi_generate_messages_check_deps_ServicesForType
[35m[1mScanning dependencies of target _rosapi_generate_messages_check_deps_Publishers[0m
[  0%] Built target _rosapi_generate_messages_check_deps_Publishers
[35m[1mScanning dependencies of target _rosapi_generate_messages_check_deps_SetParam[0m
[  0%] Built target _rosapi_generate_messages_check_deps_SetParam
[35m[1mScanning dependencies of target _rosapi_generate_messages_check_deps_HasParam[0m
[  0%] Built target _rosapi_generate_messages_check_deps_HasParam
[35m[1mScanning dependencies of target _rosapi_generate_messages_check_deps_SearchParam[0m
[  0%] Built target _rosapi_generate_messages_check_deps_SearchParam
[35m[1mScanning dependencies of target _rosapi_generate_messages_check_deps_ServiceNode[0m
[  0%] Built target _rosapi_generate_messages_check_deps_ServiceNode
[35m[1mScanning dependencies of target _rosapi_generate_messages_check_deps_TypeDef[0m
[  0%] Built target _rosapi_generate_messages_check_deps_TypeDef
[35m[1mScanning dependencies of target _rosapi_generate_messages_check_deps_ServiceProviders[0m
[  0%] Built target _rosapi_generate_messages_check_deps_ServiceProviders
[35m[1mScanning dependencies of target _rosapi_generate_messages_check_deps_TopicType[0m
[  0%] Built target _rosapi_generate_messages_check_deps_TopicType
[35m[1mScanning dependencies of target _rosapi_generate_messages_check_deps_MessageDetails[0m
[  0%] Built target _rosapi_generate_messages_check_deps_MessageDetails
[35m[1mScanning dependencies of target _rosapi_generate_messages_check_deps_ServiceRequestDetails[0m
[  0%] Built target _rosapi_generate_messages_check_deps_ServiceRequestDetails
[35m[1mScanning dependencies of target _rosapi_generate_messages_check_deps_Services[0m
[  0%] Built target _rosapi_generate_messages_check_deps_Services
[35m[1mScanning dependencies of target rosapi_generate_messages_cpp[0m
[  1%] [34m[1mGenerating C++ code from rosapi/TypeDef.msg[0m
[  2%] [34m[1mGenerating C++ code from rosapi/DeleteParam.srv[0m
[  2%] [34m[1mGenerating C++ code from rosapi/GetActionServers.srv[0m
[  3%] [34m[1mGenerating C++ code from rosapi/GetParam.srv[0m
[35m[1mScanning dependencies of target rosapi_generate_messages_nodejs[0m
[  4%] [34m[1mGenerating Javascript code from rosapi/TypeDef.msg[0m
[  5%] [34m[1mGenerating Javascript code from rosapi/DeleteParam.srv[0m
[  6%] [34m[1mGenerating C++ code from rosapi/GetParamNames.srv[0m
[  6%] [34m[1mGenerating Javascript code from rosapi/GetActionServers.srv[0m
[  7%] [34m[1mGenerating Javascript code from rosapi/GetParam.srv[0m
[  8%] [34m[1mGenerating Javascript code from rosapi/GetParamNames.srv[0m
[  8%] [34m[1mGenerating C++ code from rosapi/GetTime.srv[0m
[  8%] [34m[1mGenerating Javascript code from rosapi/GetTime.srv[0m
[  9%] [34m[1mGenerating Javascript code from rosapi/HasParam.srv[0m
[ 10%] [34m[1mGenerating C++ code from rosapi/HasParam.srv[0m
[ 11%] [34m[1mGenerating Javascript code from rosapi/MessageDetails.srv[0m
[ 12%] [34m[1mGenerating C++ code from rosapi/MessageDetails.srv[0m
[ 13%] [34m[1mGenerating Javascript code from rosapi/Nodes.srv[0m
[ 14%] [34m[1mGenerating C++ code from rosapi/Nodes.srv[0m
[ 14%] [34m[1mGenerating Javascript code from rosapi/NodeDetails.srv[0m
[ 15%] [34m[1mGenerating Javascript code from rosapi/Publishers.srv[0m
[ 15%] [34m[1mGenerating C++ code from rosapi/NodeDetails.srv[0m
[ 16%] [34m[1mGenerating C++ code from rosapi/Publishers.srv[0m
[ 17%] [34m[1mGenerating Javascript code from rosapi/SearchParam.srv[0m
[ 17%] [34m[1mGenerating Javascript code from rosapi/ServiceHost.srv[0m
[ 18%] [34m[1mGenerating C++ code from rosapi/SearchParam.srv[0m
[ 20%] [34m[1mGenerating Javascript code from rosapi/ServiceNode.srv[0m
[ 21%] [34m[1mGenerating Javascript code from rosapi/ServiceProviders.srv[0m
[ 21%] [34m[1mGenerating C++ code from rosapi/ServiceHost.srv[0m
[ 22%] [34m[1mGenerating C++ code from rosapi/ServiceNode.srv[0m
[ 23%] [34m[1mGenerating Javascript code from rosapi/ServiceRequestDetails.srv[0m
[ 24%] [34m[1mGenerating C++ code from rosapi/ServiceProviders.srv[0m
[ 24%] [34m[1mGenerating Javascript code from rosapi/ServiceResponseDetails.srv[0m
[ 25%] [34m[1mGenerating Javascript code from rosapi/Services.srv[0m
[ 26%] [34m[1mGenerating C++ code from rosapi/ServiceRequestDetails.srv[0m
[ 26%] [34m[1mGenerating C++ code from rosapi/ServiceResponseDetails.srv[0m
[ 27%] [34m[1mGenerating Javascript code from rosapi/ServicesForType.srv[0m
[ 27%] [34m[1mGenerating Javascript code from rosapi/ServiceType.srv[0m
[ 28%] [34m[1mGenerating C++ code from rosapi/Services.srv[0m
[ 29%] [34m[1mGenerating Javascript code from rosapi/SetParam.srv[0m
[ 30%] [34m[1mGenerating C++ code from rosapi/ServicesForType.srv[0m
[ 30%] [34m[1mGenerating C++ code from rosapi/ServiceType.srv[0m
[ 31%] [34m[1mGenerating Javascript code from rosapi/Subscribers.srv[0m
[ 32%] [34m[1mGenerating Javascript code from rosapi/Topics.srv[0m
[ 32%] [34m[1mGenerating Javascript code from rosapi/TopicsAndRawTypes.srv[0m
[ 33%] [34m[1mGenerating C++ code from rosapi/SetParam.srv[0m
[ 34%] [34m[1mGenerating Javascript code from rosapi/TopicsForType.srv[0m
[ 35%] [34m[1mGenerating C++ code from rosapi/Subscribers.srv[0m
[ 36%] [34m[1mGenerating Javascript code from rosapi/TopicType.srv[0m
[ 36%] [34m[1mGenerating C++ code from rosapi/Topics.srv[0m
[ 37%] [34m[1mGenerating C++ code from rosapi/TopicsAndRawTypes.srv[0m
[ 37%] Built target rosapi_generate_messages_nodejs
[35m[1mScanning dependencies of target rosapi_generate_messages_eus[0m
[ 38%] [34m[1mGenerating C++ code from rosapi/TopicsForType.srv[0m
[ 38%] [34m[1mGenerating EusLisp code from rosapi/TypeDef.msg[0m
[ 40%] [34m[1mGenerating EusLisp code from rosapi/DeleteParam.srv[0m
[ 41%] [34m[1mGenerating EusLisp code from rosapi/GetActionServers.srv[0m
[ 42%] [34m[1mGenerating C++ code from rosapi/TopicType.srv[0m
[ 42%] [34m[1mGenerating EusLisp code from rosapi/GetParam.srv[0m
[ 43%] [34m[1mGenerating EusLisp code from rosapi/GetParamNames.srv[0m
[ 44%] [34m[1mGenerating EusLisp code from rosapi/GetTime.srv[0m
[ 45%] [34m[1mGenerating EusLisp code from rosapi/HasParam.srv[0m
[35m[1mScanning dependencies of target rosapi_generate_messages_py[0m
[ 45%] [34m[1mGenerating Python from MSG rosapi/TypeDef[0m
[ 45%] [34m[1mGenerating EusLisp code from rosapi/MessageDetails.srv[0m
[ 46%] [34m[1mGenerating EusLisp code from rosapi/Nodes.srv[0m
[ 47%] [34m[1mGenerating EusLisp code from rosapi/NodeDetails.srv[0m
[35m[1mScanning dependencies of target rosapi_generate_messages_lisp[0m
[ 47%] [34m[1mGenerating Lisp code from rosapi/TypeDef.msg[0m
[ 47%] Built target rosapi_generate_messages_cpp
[ 48%] [34m[1mGenerating Lisp code from rosapi/DeleteParam.srv[0m
[ 49%] [34m[1mGenerating Lisp code from rosapi/GetActionServers.srv[0m
[ 50%] [34m[1mGenerating Lisp code from rosapi/GetParam.srv[0m
[ 50%] [34m[1mGenerating EusLisp code from rosapi/Publishers.srv[0m
[ 51%] [34m[1mGenerating EusLisp code from rosapi/SearchParam.srv[0m
[ 51%] [34m[1mGenerating Lisp code from rosapi/GetParamNames.srv[0m
[ 52%] [34m[1mGenerating EusLisp code from rosapi/ServiceHost.srv[0m
[ 53%] [34m[1mGenerating EusLisp code from rosapi/ServiceNode.srv[0m
[ 54%] [34m[1mGenerating Lisp code from rosapi/GetTime.srv[0m
[ 55%] [34m[1mGenerating Python code from SRV rosapi/DeleteParam[0m
[ 55%] [34m[1mGenerating EusLisp code from rosapi/ServiceProviders.srv[0m
[ 56%] [34m[1mGenerating EusLisp code from rosapi/ServiceRequestDetails.srv[0m
[ 57%] [34m[1mGenerating Lisp code from rosapi/HasParam.srv[0m
[ 58%] [34m[1mGenerating EusLisp code from rosapi/ServiceResponseDetails.srv[0m
[ 58%] [34m[1mGenerating EusLisp code from rosapi/Services.srv[0m
[ 60%] [34m[1mGenerating EusLisp code from rosapi/ServicesForType.srv[0m
[ 61%] [34m[1mGenerating EusLisp code from rosapi/ServiceType.srv[0m
[ 61%] [34m[1mGenerating Lisp code from rosapi/MessageDetails.srv[0m
[ 62%] [34m[1mGenerating EusLisp code from rosapi/SetParam.srv[0m
[ 63%] [34m[1mGenerating Python code from SRV rosapi/GetActionServers[0m
[ 63%] [34m[1mGenerating EusLisp code from rosapi/Subscribers.srv[0m
[ 64%] [34m[1mGenerating EusLisp code from rosapi/Topics.srv[0m
[ 65%] [34m[1mGenerating EusLisp code from rosapi/TopicsAndRawTypes.srv[0m
[ 66%] [34m[1mGenerating Lisp code from rosapi/Nodes.srv[0m
[ 66%] [34m[1mGenerating EusLisp code from rosapi/TopicsForType.srv[0m
[ 67%] [34m[1mGenerating EusLisp code from rosapi/TopicType.srv[0m
[ 68%] [34m[1mGenerating EusLisp manifest code for rosapi[0m
[ 68%] [34m[1mGenerating Python code from SRV rosapi/GetParam[0m
[ 69%] [34m[1mGenerating Lisp code from rosapi/NodeDetails.srv[0m
[ 70%] [34m[1mGenerating Python code from SRV rosapi/GetParamNames[0m
[ 71%] [34m[1mGenerating Python code from SRV rosapi/GetTime[0m
[ 72%] [34m[1mGenerating Lisp code from rosapi/Publishers.srv[0m
[ 72%] [34m[1mGenerating Lisp code from rosapi/SearchParam.srv[0m
[ 73%] [34m[1mGenerating Lisp code from rosapi/ServiceHost.srv[0m
[ 74%] [34m[1mGenerating Lisp code from rosapi/ServiceNode.srv[0m
[ 75%] [34m[1mGenerating Python code from SRV rosapi/HasParam[0m
[ 75%] [34m[1mGenerating Lisp code from rosapi/ServiceProviders.srv[0m
[ 76%] [34m[1mGenerating Lisp code from rosapi/ServiceRequestDetails.srv[0m
[ 77%] [34m[1mGenerating Lisp code from rosapi/ServiceResponseDetails.srv[0m
[ 77%] [34m[1mGenerating Python code from SRV rosapi/MessageDetails[0m
[ 78%] [34m[1mGenerating Python code from SRV rosapi/Nodes[0m
[ 80%] [34m[1mGenerating Lisp code from rosapi/Services.srv[0m
[ 80%] [34m[1mGenerating Lisp code from rosapi/ServicesForType.srv[0m
[ 81%] [34m[1mGenerating Python code from SRV rosapi/NodeDetails[0m
[ 82%] [34m[1mGenerating Lisp code from rosapi/ServiceType.srv[0m
[ 82%] [34m[1mGenerating Python code from SRV rosapi/Publishers[0m
[ 83%] [34m[1mGenerating Lisp code from rosapi/SetParam.srv[0m
[ 84%] [34m[1mGenerating Python code from SRV rosapi/SearchParam[0m
[ 84%] [34m[1mGenerating Lisp code from rosapi/Subscribers.srv[0m
[ 85%] [34m[1mGenerating Lisp code from rosapi/Topics.srv[0m
[ 86%] [34m[1mGenerating Python code from SRV rosapi/ServiceHost[0m
[ 87%] [34m[1mGenerating Lisp code from rosapi/TopicsAndRawTypes.srv[0m
[ 88%] [34m[1mGenerating Python code from SRV rosapi/ServiceNode[0m
[ 88%] [34m[1mGenerating Python code from SRV rosapi/ServiceProviders[0m
[ 88%] [34m[1mGenerating Lisp code from rosapi/TopicsForType.srv[0m
[ 89%] [34m[1mGenerating Python code from SRV rosapi/ServiceRequestDetails[0m
[ 90%] [34m[1mGenerating Lisp code from rosapi/TopicType.srv[0m
[ 91%] [34m[1mGenerating Python code from SRV rosapi/ServiceResponseDetails[0m
[ 92%] [34m[1mGenerating Python code from SRV rosapi/ServicesForType[0m
[ 92%] [34m[1mGenerating Python code from SRV rosapi/Services[0m
[ 92%] Built target rosapi_generate_messages_lisp
[ 93%] [34m[1mGenerating Python code from SRV rosapi/ServiceType[0m
[ 94%] [34m[1mGenerating Python code from SRV rosapi/SetParam[0m
[ 94%] [34m[1mGenerating Python code from SRV rosapi/Subscribers[0m
[ 94%] Built target rosapi_generate_messages_eus
[ 96%] [34m[1mGenerating Python code from SRV rosapi/TopicsAndRawTypes[0m
[ 96%] [34m[1mGenerating Python code from SRV rosapi/Topics[0m
[ 96%] [34m[1mGenerating Python code from SRV rosapi/TopicsForType[0m
[ 97%] [34m[1mGenerating Python code from SRV rosapi/TopicType[0m
[ 98%] [34m[1mGenerating Python srv __init__.py for rosapi[0m
[100%] [34m[1mGenerating Python msg __init__.py for rosapi[0m
[100%] Built target rosapi_generate_messages_py
[35m[1mScanning dependencies of target rosapi_generate_messages[0m
[100%] Built target rosapi_generate_messages
