[  0%] Built target _rosapi_generate_messages_check_deps_ServiceType
[  0%] Built target _rosapi_generate_messages_check_deps_TopicsForType
[  0%] Built target _rosapi_generate_messages_check_deps_Topics
[  0%] Built target _rosapi_generate_messages_check_deps_GetParamNames
[  0%] Built target _rosapi_generate_messages_check_deps_TopicsAndRawTypes
[  0%] Built target _rosapi_generate_messages_check_deps_GetParam
[  0%] Built target _rosapi_generate_messages_check_deps_GetActionServers
[  0%] Built target _rosapi_generate_messages_check_deps_DeleteParam
[  0%] Built target _rosapi_generate_messages_check_deps_Subscribers
[  0%] Built target _rosapi_generate_messages_check_deps_ServiceResponseDetails
[  0%] Built target _rosapi_generate_messages_check_deps_GetTime
[  0%] Built target _rosapi_generate_messages_check_deps_Nodes
[  0%] Built target _rosapi_generate_messages_check_deps_ServiceHost
[  0%] Built target _rosapi_generate_messages_check_deps_NodeDetails
[  0%] Built target _rosapi_generate_messages_check_deps_Publishers
[  0%] Built target _rosapi_generate_messages_check_deps_ServicesForType
[  0%] Built target _rosapi_generate_messages_check_deps_SetParam
[  0%] Built target _rosapi_generate_messages_check_deps_HasParam
[  0%] Built target _rosapi_generate_messages_check_deps_SearchParam
[  0%] Built target _rosapi_generate_messages_check_deps_ServiceNode
[  0%] Built target _rosapi_generate_messages_check_deps_TypeDef
[  0%] Built target _rosapi_generate_messages_check_deps_ServiceProviders
[  0%] Built target _rosapi_generate_messages_check_deps_TopicType
[  0%] Built target _rosapi_generate_messages_check_deps_MessageDetails
[  0%] Built target _rosapi_generate_messages_check_deps_ServiceRequestDetails
[  0%] Built target _rosapi_generate_messages_check_deps_Services
[ 20%] Built target rosapi_generate_messages_cpp
[ 40%] Built target rosapi_generate_messages_nodejs
[ 60%] Built target rosapi_generate_messages_eus
[ 81%] Built target rosapi_generate_messages_py
[100%] Built target rosapi_generate_messages_lisp
[100%] Built target rosapi_generate_messages
