Symlinking /home/rajendra/drone_ws/devel/share/aruco_pose/docs/DetectorConfig.wikidoc
Symlinking /home/rajendra/drone_ws/devel/share/aruco_pose/docs/DetectorConfig-usage.dox
Symlinking /home/rajendra/drone_ws/devel/share/aruco_pose/docs/DetectorConfig.dox
Symlinking /home/rajendra/drone_ws/devel/share/aruco_pose/cmake/aruco_pose-msg-extras.cmake
Symlinking /home/rajendra/drone_ws/devel/share/aruco_pose/cmake/aruco_pose-msg-paths.cmake
Symlinking /home/rajendra/drone_ws/devel/share/aruco_pose/cmake/aruco_poseConfig-version.cmake
Symlinking /home/rajendra/drone_ws/devel/share/aruco_pose/cmake/aruco_poseConfig.cmake
Symlinking /home/rajendra/drone_ws/devel/share/roseus/ros/aruco_pose/manifest.l
Symlinking /home/rajendra/drone_ws/devel/share/roseus/ros/aruco_pose/msg/Point2D.l
Symlinking /home/rajendra/drone_ws/devel/share/roseus/ros/aruco_pose/msg/Marker.l
Symlinking /home/rajendra/drone_ws/devel/share/roseus/ros/aruco_pose/msg/MarkerArray.l
Symlinking /home/rajendra/drone_ws/devel/share/gennodejs/ros/aruco_pose/_index.js
Symlinking /home/rajendra/drone_ws/devel/share/gennodejs/ros/aruco_pose/msg/MarkerArray.js
Symlinking /home/rajendra/drone_ws/devel/share/gennodejs/ros/aruco_pose/msg/Marker.js
Symlinking /home/rajendra/drone_ws/devel/share/gennodejs/ros/aruco_pose/msg/_index.js
Symlinking /home/rajendra/drone_ws/devel/share/gennodejs/ros/aruco_pose/msg/Point2D.js
Symlinking /home/rajendra/drone_ws/devel/share/common-lisp/ros/aruco_pose/msg/Marker.lisp
Symlinking /home/rajendra/drone_ws/devel/share/common-lisp/ros/aruco_pose/msg/MarkerArray.lisp
Symlinking /home/rajendra/drone_ws/devel/share/common-lisp/ros/aruco_pose/msg/aruco_pose-msg.asd
Symlinking /home/rajendra/drone_ws/devel/share/common-lisp/ros/aruco_pose/msg/_package.lisp
Symlinking /home/rajendra/drone_ws/devel/share/common-lisp/ros/aruco_pose/msg/Point2D.lisp
Symlinking /home/rajendra/drone_ws/devel/share/common-lisp/ros/aruco_pose/msg/_package_Marker.lisp
Symlinking /home/rajendra/drone_ws/devel/share/common-lisp/ros/aruco_pose/msg/_package_Point2D.lisp
Symlinking /home/rajendra/drone_ws/devel/share/common-lisp/ros/aruco_pose/msg/_package_MarkerArray.lisp
Symlinking /home/rajendra/drone_ws/devel/include/aruco_pose/Marker.h
Symlinking /home/rajendra/drone_ws/devel/include/aruco_pose/Point2D.h
Symlinking /home/rajendra/drone_ws/devel/include/aruco_pose/DetectorConfig.h
Symlinking /home/rajendra/drone_ws/devel/include/aruco_pose/MarkerArray.h
Symlinking /home/rajendra/drone_ws/devel/lib/libaruco_pose.so
Symlinking /home/rajendra/drone_ws/devel/lib/aruco_pose/genmap.py
Symlinking /home/rajendra/drone_ws/devel/lib/aruco_pose/cmake.lock
Symlinking /home/rajendra/drone_ws/devel/lib/python3/dist-packages/aruco_pose/__init__.py
Symlinking /home/rajendra/drone_ws/devel/lib/python3/dist-packages/aruco_pose/msg/__init__.py
Symlinking /home/rajendra/drone_ws/devel/lib/python3/dist-packages/aruco_pose/msg/_Point2D.py
Symlinking /home/rajendra/drone_ws/devel/lib/python3/dist-packages/aruco_pose/msg/_MarkerArray.py
Symlinking /home/rajendra/drone_ws/devel/lib/python3/dist-packages/aruco_pose/msg/_Marker.py
Symlinking /home/rajendra/drone_ws/devel/lib/python3/dist-packages/aruco_pose/cfg/DetectorConfig.py
Symlinking /home/rajendra/drone_ws/devel/lib/python3/dist-packages/aruco_pose/cfg/__init__.py
Symlinking /home/rajendra/drone_ws/devel/lib/pkgconfig/aruco_pose.pc
