[  0%] Built target geometry_msgs_generate_messages_nodejs
[  3%] Built target aruco_pose_gencfg
[  3%] Built target std_msgs_generate_messages_nodejs
[  3%] Built target std_msgs_generate_messages_py
[  3%] Built target geometry_msgs_generate_messages_py
[  3%] Built target _aruco_pose_generate_messages_check_deps_Point2D
[  3%] Built target geometry_msgs_generate_messages_lisp
[  3%] Built target std_msgs_generate_messages_lisp
[  3%] Built target _aruco_pose_generate_messages_check_deps_MarkerArray
[  3%] Built target std_msgs_generate_messages_eus
[  3%] Built target geometry_msgs_generate_messages_eus
[  3%] Built target _aruco_pose_generate_messages_check_deps_Marker
[  3%] Built target geometry_msgs_generate_messages_cpp
[  3%] Built target std_msgs_generate_messages_cpp
[ 25%] Built target _opencv_aruco
[ 35%] Built target aruco_pose_generate_messages_nodejs
[ 46%] Built target aruco_pose_generate_messages_lisp
[ 60%] Built target aruco_pose_generate_messages_eus
[ 75%] Built target aruco_pose_generate_messages_py
[ 85%] Built target aruco_pose_generate_messages_cpp
[ 85%] Built target aruco_pose_generate_messages
[100%] Built target aruco_pose
