[35m[1mScanning dependencies of target _clover_blocks_generate_messages_check_deps_Prompt[0m
[  0%] Built target _clover_blocks_generate_messages_check_deps_Prompt
[35m[1mScanning dependencies of target _clover_blocks_generate_messages_check_deps_Run[0m
[  0%] Built target _clover_blocks_generate_messages_check_deps_Run
[35m[1mScanning dependencies of target _clover_blocks_generate_messages_check_deps_Load[0m
[  0%] Built target _clover_blocks_generate_messages_check_deps_Load
[35m[1mScanning dependencies of target _clover_blocks_generate_messages_check_deps_Store[0m
[  0%] Built target _clover_blocks_generate_messages_check_deps_Store
[35m[1mScanning dependencies of target clover_blocks_generate_messages_py[0m
[  4%] [34m[1mGenerating Python from MSG clover_blocks/Prompt[0m
[  8%] [34m[1mGenerating Python code from SRV clover_blocks/Run[0m
[ 13%] [34m[1mGenerating Python code from SRV clover_blocks/Load[0m
[ 17%] [34m[1mGenerating Python code from SRV clover_blocks/Store[0m
[ 21%] [34m[1mGenerating Python msg __init__.py for clover_blocks[0m
[ 26%] [34m[1mGenerating Python srv __init__.py for clover_blocks[0m
[ 26%] Built target clover_blocks_generate_messages_py
[35m[1mScanning dependencies of target clover_blocks_generate_messages_nodejs[0m
[ 30%] [34m[1mGenerating Javascript code from clover_blocks/Prompt.msg[0m
[ 34%] [34m[1mGenerating Javascript code from clover_blocks/Run.srv[0m
[ 39%] [34m[1mGenerating Javascript code from clover_blocks/Load.srv[0m
[ 43%] [34m[1mGenerating Javascript code from clover_blocks/Store.srv[0m
[ 43%] Built target clover_blocks_generate_messages_nodejs
[35m[1mScanning dependencies of target clover_blocks_generate_messages_lisp[0m
[ 47%] [34m[1mGenerating Lisp code from clover_blocks/Prompt.msg[0m
[ 52%] [34m[1mGenerating Lisp code from clover_blocks/Run.srv[0m
[ 56%] [34m[1mGenerating Lisp code from clover_blocks/Load.srv[0m
[ 60%] [34m[1mGenerating Lisp code from clover_blocks/Store.srv[0m
[ 60%] Built target clover_blocks_generate_messages_lisp
[35m[1mScanning dependencies of target clover_blocks_generate_messages_eus[0m
[ 65%] [34m[1mGenerating EusLisp code from clover_blocks/Prompt.msg[0m
[ 69%] [34m[1mGenerating EusLisp code from clover_blocks/Run.srv[0m
[ 73%] [34m[1mGenerating EusLisp code from clover_blocks/Load.srv[0m
[ 78%] [34m[1mGenerating EusLisp manifest code for clover_blocks[0m
[ 82%] [34m[1mGenerating EusLisp code from clover_blocks/Store.srv[0m
[ 82%] Built target clover_blocks_generate_messages_eus
[35m[1mScanning dependencies of target clover_blocks_generate_messages_cpp[0m
[ 86%] [34m[1mGenerating C++ code from clover_blocks/Prompt.msg[0m
[ 91%] [34m[1mGenerating C++ code from clover_blocks/Run.srv[0m
[ 95%] [34m[1mGenerating C++ code from clover_blocks/Load.srv[0m
[100%] [34m[1mGenerating C++ code from clover_blocks/Store.srv[0m
[100%] Built target clover_blocks_generate_messages_cpp
[35m[1mScanning dependencies of target clover_blocks_generate_messages[0m
[100%] Built target clover_blocks_generate_messages
