Symlinking /home/rajendra/drone_ws/devel/share/clover_blocks/cmake/clover_blocksConfig-version.cmake
Symlinking /home/rajendra/drone_ws/devel/share/clover_blocks/cmake/clover_blocksConfig.cmake
Symlinking /home/rajendra/drone_ws/devel/share/clover_blocks/cmake/clover_blocks-msg-paths.cmake
Symlinking /home/rajendra/drone_ws/devel/share/clover_blocks/cmake/clover_blocks-msg-extras.cmake
Symlinking /home/rajendra/drone_ws/devel/share/roseus/ros/clover_blocks/manifest.l
Symlinking /home/rajendra/drone_ws/devel/share/roseus/ros/clover_blocks/msg/Prompt.l
Symlinking /home/rajendra/drone_ws/devel/share/roseus/ros/clover_blocks/srv/Load.l
Symlinking /home/rajendra/drone_ws/devel/share/roseus/ros/clover_blocks/srv/Run.l
Symlinking /home/rajendra/drone_ws/devel/share/roseus/ros/clover_blocks/srv/Store.l
Symlinking /home/rajendra/drone_ws/devel/share/gennodejs/ros/clover_blocks/_index.js
Symlinking /home/rajendra/drone_ws/devel/share/gennodejs/ros/clover_blocks/msg/_index.js
Symlinking /home/rajendra/drone_ws/devel/share/gennodejs/ros/clover_blocks/msg/Prompt.js
Symlinking /home/rajendra/drone_ws/devel/share/gennodejs/ros/clover_blocks/srv/Run.js
Symlinking /home/rajendra/drone_ws/devel/share/gennodejs/ros/clover_blocks/srv/Load.js
Symlinking /home/rajendra/drone_ws/devel/share/gennodejs/ros/clover_blocks/srv/_index.js
Symlinking /home/rajendra/drone_ws/devel/share/gennodejs/ros/clover_blocks/srv/Store.js
Symlinking /home/rajendra/drone_ws/devel/share/common-lisp/ros/clover_blocks/msg/_package.lisp
Symlinking /home/rajendra/drone_ws/devel/share/common-lisp/ros/clover_blocks/msg/_package_Prompt.lisp
Symlinking /home/rajendra/drone_ws/devel/share/common-lisp/ros/clover_blocks/msg/clover_blocks-msg.asd
Symlinking /home/rajendra/drone_ws/devel/share/common-lisp/ros/clover_blocks/msg/Prompt.lisp
Symlinking /home/rajendra/drone_ws/devel/share/common-lisp/ros/clover_blocks/srv/Store.lisp
Symlinking /home/rajendra/drone_ws/devel/share/common-lisp/ros/clover_blocks/srv/Run.lisp
Symlinking /home/rajendra/drone_ws/devel/share/common-lisp/ros/clover_blocks/srv/clover_blocks-srv.asd
Symlinking /home/rajendra/drone_ws/devel/share/common-lisp/ros/clover_blocks/srv/Load.lisp
Symlinking /home/rajendra/drone_ws/devel/share/common-lisp/ros/clover_blocks/srv/_package_Run.lisp
Symlinking /home/rajendra/drone_ws/devel/share/common-lisp/ros/clover_blocks/srv/_package_Load.lisp
Symlinking /home/rajendra/drone_ws/devel/share/common-lisp/ros/clover_blocks/srv/_package_Store.lisp
Symlinking /home/rajendra/drone_ws/devel/share/common-lisp/ros/clover_blocks/srv/_package.lisp
Symlinking /home/rajendra/drone_ws/devel/include/clover_blocks/LoadRequest.h
Symlinking /home/rajendra/drone_ws/devel/include/clover_blocks/StoreResponse.h
Symlinking /home/rajendra/drone_ws/devel/include/clover_blocks/Prompt.h
Symlinking /home/rajendra/drone_ws/devel/include/clover_blocks/LoadResponse.h
Symlinking /home/rajendra/drone_ws/devel/include/clover_blocks/RunResponse.h
Symlinking /home/rajendra/drone_ws/devel/include/clover_blocks/RunRequest.h
Symlinking /home/rajendra/drone_ws/devel/include/clover_blocks/Load.h
Symlinking /home/rajendra/drone_ws/devel/include/clover_blocks/Store.h
Symlinking /home/rajendra/drone_ws/devel/include/clover_blocks/StoreRequest.h
Symlinking /home/rajendra/drone_ws/devel/include/clover_blocks/Run.h
Symlinking /home/rajendra/drone_ws/devel/lib/clover_blocks/clover_blocks
Symlinking /home/rajendra/drone_ws/devel/lib/clover_blocks/cmake.lock
Symlinking /home/rajendra/drone_ws/devel/lib/python3/dist-packages/clover_blocks/__init__.py
Symlinking /home/rajendra/drone_ws/devel/lib/python3/dist-packages/clover_blocks/msg/__init__.py
Symlinking /home/rajendra/drone_ws/devel/lib/python3/dist-packages/clover_blocks/msg/_Prompt.py
Symlinking /home/rajendra/drone_ws/devel/lib/python3/dist-packages/clover_blocks/srv/__init__.py
Symlinking /home/rajendra/drone_ws/devel/lib/python3/dist-packages/clover_blocks/srv/_Load.py
Symlinking /home/rajendra/drone_ws/devel/lib/python3/dist-packages/clover_blocks/srv/_Store.py
Symlinking /home/rajendra/drone_ws/devel/lib/python3/dist-packages/clover_blocks/srv/_Run.py
Symlinking /home/rajendra/drone_ws/devel/lib/pkgconfig/clover_blocks.pc
