[  0%] Built target _quadrotor_msgs_generate_messages_check_deps_StatusData
[  0%] Built target _quadrotor_msgs_generate_messages_check_deps_LQRTrajectory
[  0%] Built target nav_msgs_generate_messages_cpp
[  0%] Built target geometry_msgs_generate_messages_cpp
[  0%] Built target _quadrotor_msgs_generate_messages_check_deps_Odometry
[  0%] Built target _quadrotor_msgs_generate_messages_check_deps_AuxCommand
[  0%] Built target _quadrotor_msgs_generate_messages_check_deps_Corrections
[  0%] Built target _quadrotor_msgs_generate_messages_check_deps_Gains
[  0%] Built target _quadrotor_msgs_generate_messages_check_deps_OutputData
[  0%] Built target _quadrotor_msgs_generate_messages_check_deps_PositionCommand
[  0%] Built target _quadrotor_msgs_generate_messages_check_deps_PPROutputData
[  0%] Built target _quadrotor_msgs_generate_messages_check_deps_Serial
[  0%] Built target _quadrotor_msgs_generate_messages_check_deps_PolynomialTrajectory
[  0%] Built target _quadrotor_msgs_generate_messages_check_deps_SO3Command
[  0%] Built target _quadrotor_msgs_generate_messages_check_deps_TRPYCommand
[  0%] Built target nav_msgs_generate_messages_py
[  0%] Built target geometry_msgs_generate_messages_py
[  0%] Built target nav_msgs_generate_messages_nodejs
[  0%] Built target geometry_msgs_generate_messages_nodejs
[  0%] Built target geometry_msgs_generate_messages_eus
[  0%] Built target nav_msgs_generate_messages_eus
[  0%] Built target nav_msgs_generate_messages_lisp
[  0%] Built target geometry_msgs_generate_messages_lisp
[ 19%] Built target quadrotor_msgs_generate_messages_py
[ 38%] Built target quadrotor_msgs_generate_messages_cpp
[ 56%] Built target quadrotor_msgs_generate_messages_nodejs
[ 74%] Built target quadrotor_msgs_generate_messages_lisp
[ 94%] Built target quadrotor_msgs_generate_messages_eus
[ 97%] Built target encode_msgs
[100%] Built target decode_msgs
[100%] Built target quadrotor_msgs_generate_messages
