[35m[1mScanning dependencies of target _quadrotor_msgs_generate_messages_check_deps_StatusData[0m
[  0%] Built target _quadrotor_msgs_generate_messages_check_deps_StatusData
[35m[1mScanning dependencies of target _quadrotor_msgs_generate_messages_check_deps_LQRTrajectory[0m
[  0%] Built target _quadrotor_msgs_generate_messages_check_deps_LQRTrajectory
[35m[1mScanning dependencies of target nav_msgs_generate_messages_cpp[0m
[  0%] Built target nav_msgs_generate_messages_cpp
[35m[1mScanning dependencies of target geometry_msgs_generate_messages_cpp[0m
[  0%] Built target geometry_msgs_generate_messages_cpp
[35m[1mScanning dependencies of target _quadrotor_msgs_generate_messages_check_deps_Odometry[0m
[  0%] Built target _quadrotor_msgs_generate_messages_check_deps_Odometry
[35m[1mScanning dependencies of target _quadrotor_msgs_generate_messages_check_deps_AuxCommand[0m
[  0%] Built target _quadrotor_msgs_generate_messages_check_deps_AuxCommand
[35m[1mScanning dependencies of target _quadrotor_msgs_generate_messages_check_deps_Corrections[0m
[  0%] Built target _quadrotor_msgs_generate_messages_check_deps_Corrections
[35m[1mScanning dependencies of target _quadrotor_msgs_generate_messages_check_deps_Gains[0m
[  0%] Built target _quadrotor_msgs_generate_messages_check_deps_Gains
[35m[1mScanning dependencies of target _quadrotor_msgs_generate_messages_check_deps_OutputData[0m
[  0%] Built target _quadrotor_msgs_generate_messages_check_deps_OutputData
[35m[1mScanning dependencies of target _quadrotor_msgs_generate_messages_check_deps_PositionCommand[0m
[  0%] Built target _quadrotor_msgs_generate_messages_check_deps_PositionCommand
[35m[1mScanning dependencies of target _quadrotor_msgs_generate_messages_check_deps_PPROutputData[0m
[  0%] Built target _quadrotor_msgs_generate_messages_check_deps_PPROutputData
[35m[1mScanning dependencies of target _quadrotor_msgs_generate_messages_check_deps_Serial[0m
[  0%] Built target _quadrotor_msgs_generate_messages_check_deps_Serial
[35m[1mScanning dependencies of target _quadrotor_msgs_generate_messages_check_deps_PolynomialTrajectory[0m
[  0%] Built target _quadrotor_msgs_generate_messages_check_deps_PolynomialTrajectory
[35m[1mScanning dependencies of target _quadrotor_msgs_generate_messages_check_deps_SO3Command[0m
[35m[1mScanning dependencies of target _quadrotor_msgs_generate_messages_check_deps_TRPYCommand[0m
[  0%] Built target _quadrotor_msgs_generate_messages_check_deps_SO3Command
[35m[1mScanning dependencies of target nav_msgs_generate_messages_py[0m
[  0%] Built target _quadrotor_msgs_generate_messages_check_deps_TRPYCommand
[  0%] Built target nav_msgs_generate_messages_py
[35m[1mScanning dependencies of target geometry_msgs_generate_messages_py[0m
[  0%] Built target geometry_msgs_generate_messages_py
[35m[1mScanning dependencies of target nav_msgs_generate_messages_nodejs[0m
[  0%] Built target nav_msgs_generate_messages_nodejs
[35m[1mScanning dependencies of target geometry_msgs_generate_messages_nodejs[0m
[  0%] Built target geometry_msgs_generate_messages_nodejs
[35m[1mScanning dependencies of target geometry_msgs_generate_messages_eus[0m
[  0%] Built target geometry_msgs_generate_messages_eus
[35m[1mScanning dependencies of target nav_msgs_generate_messages_eus[0m
[  0%] Built target nav_msgs_generate_messages_eus
[35m[1mScanning dependencies of target nav_msgs_generate_messages_lisp[0m
[  0%] Built target nav_msgs_generate_messages_lisp
[35m[1mScanning dependencies of target geometry_msgs_generate_messages_lisp[0m
[  0%] Built target geometry_msgs_generate_messages_lisp
[35m[1mScanning dependencies of target quadrotor_msgs_generate_messages_cpp[0m
[  1%] [34m[1mGenerating C++ code from quadrotor_msgs/AuxCommand.msg[0m
[  2%] [34m[1mGenerating C++ code from quadrotor_msgs/Corrections.msg[0m
[  4%] [34m[1mGenerating C++ code from quadrotor_msgs/Gains.msg[0m
[  5%] [34m[1mGenerating C++ code from quadrotor_msgs/OutputData.msg[0m
[  7%] [34m[1mGenerating C++ code from quadrotor_msgs/PositionCommand.msg[0m
[  8%] [34m[1mGenerating C++ code from quadrotor_msgs/PPROutputData.msg[0m
[  9%] [34m[1mGenerating C++ code from quadrotor_msgs/Serial.msg[0m
[ 11%] [34m[1mGenerating C++ code from quadrotor_msgs/SO3Command.msg[0m
[ 12%] [34m[1mGenerating C++ code from quadrotor_msgs/StatusData.msg[0m
[ 14%] [34m[1mGenerating C++ code from quadrotor_msgs/TRPYCommand.msg[0m
[ 15%] [34m[1mGenerating C++ code from quadrotor_msgs/Odometry.msg[0m
[ 16%] [34m[1mGenerating C++ code from quadrotor_msgs/PolynomialTrajectory.msg[0m
[ 18%] [34m[1mGenerating C++ code from quadrotor_msgs/LQRTrajectory.msg[0m
[35m[1mScanning dependencies of target quadrotor_msgs_generate_messages_py[0m
[ 19%] [34m[1mGenerating Python from MSG quadrotor_msgs/AuxCommand[0m
[ 19%] Built target quadrotor_msgs_generate_messages_cpp
[ 21%] [34m[1mGenerating Python from MSG quadrotor_msgs/Corrections[0m
[ 22%] [34m[1mGenerating Python from MSG quadrotor_msgs/Gains[0m
[ 23%] [34m[1mGenerating Python from MSG quadrotor_msgs/OutputData[0m
[ 25%] [34m[1mGenerating Python from MSG quadrotor_msgs/PositionCommand[0m
[ 26%] [34m[1mGenerating Python from MSG quadrotor_msgs/PPROutputData[0m
[ 28%] [34m[1mGenerating Python from MSG quadrotor_msgs/Serial[0m
[ 29%] [34m[1mGenerating Python from MSG quadrotor_msgs/SO3Command[0m
[ 30%] [34m[1mGenerating Python from MSG quadrotor_msgs/StatusData[0m
[ 32%] [34m[1mGenerating Python from MSG quadrotor_msgs/TRPYCommand[0m
[ 33%] [34m[1mGenerating Python from MSG quadrotor_msgs/Odometry[0m
[ 35%] [34m[1mGenerating Python from MSG quadrotor_msgs/PolynomialTrajectory[0m
[ 36%] [34m[1mGenerating Python from MSG quadrotor_msgs/LQRTrajectory[0m
[35m[1mScanning dependencies of target quadrotor_msgs_generate_messages_nodejs[0m
[ 38%] [34m[1mGenerating Javascript code from quadrotor_msgs/AuxCommand.msg[0m
[ 39%] [34m[1mGenerating Javascript code from quadrotor_msgs/Corrections.msg[0m
[ 40%] [34m[1mGenerating Python msg __init__.py for quadrotor_msgs[0m
[ 42%] [34m[1mGenerating Javascript code from quadrotor_msgs/Gains.msg[0m
[ 43%] [34m[1mGenerating Javascript code from quadrotor_msgs/OutputData.msg[0m
[ 45%] [34m[1mGenerating Javascript code from quadrotor_msgs/PositionCommand.msg[0m
[ 45%] Built target quadrotor_msgs_generate_messages_py
[ 46%] [34m[1mGenerating Javascript code from quadrotor_msgs/PPROutputData.msg[0m
[ 47%] [34m[1mGenerating Javascript code from quadrotor_msgs/Serial.msg[0m
[ 49%] [34m[1mGenerating Javascript code from quadrotor_msgs/SO3Command.msg[0m
[ 50%] [34m[1mGenerating Javascript code from quadrotor_msgs/StatusData.msg[0m
[ 52%] [34m[1mGenerating Javascript code from quadrotor_msgs/TRPYCommand.msg[0m
[ 53%] [34m[1mGenerating Javascript code from quadrotor_msgs/Odometry.msg[0m
[ 54%] [34m[1mGenerating Javascript code from quadrotor_msgs/PolynomialTrajectory.msg[0m
[ 56%] [34m[1mGenerating Javascript code from quadrotor_msgs/LQRTrajectory.msg[0m
[ 56%] Built target quadrotor_msgs_generate_messages_nodejs
[35m[1mScanning dependencies of target quadrotor_msgs_generate_messages_eus[0m
[ 57%] [34m[1mGenerating EusLisp code from quadrotor_msgs/AuxCommand.msg[0m
[ 59%] [34m[1mGenerating EusLisp code from quadrotor_msgs/Corrections.msg[0m
[ 60%] [34m[1mGenerating EusLisp code from quadrotor_msgs/Gains.msg[0m
[ 61%] [34m[1mGenerating EusLisp code from quadrotor_msgs/OutputData.msg[0m
[ 63%] [34m[1mGenerating EusLisp code from quadrotor_msgs/PositionCommand.msg[0m
[ 64%] [34m[1mGenerating EusLisp code from quadrotor_msgs/PPROutputData.msg[0m
[ 66%] [34m[1mGenerating EusLisp code from quadrotor_msgs/Serial.msg[0m
[ 67%] [34m[1mGenerating EusLisp code from quadrotor_msgs/SO3Command.msg[0m
[ 69%] [34m[1mGenerating EusLisp code from quadrotor_msgs/StatusData.msg[0m
[ 70%] [34m[1mGenerating EusLisp code from quadrotor_msgs/TRPYCommand.msg[0m
[ 71%] [34m[1mGenerating EusLisp code from quadrotor_msgs/Odometry.msg[0m
[ 73%] [34m[1mGenerating EusLisp code from quadrotor_msgs/PolynomialTrajectory.msg[0m
[ 74%] [34m[1mGenerating EusLisp code from quadrotor_msgs/LQRTrajectory.msg[0m
[ 76%] [34m[1mGenerating EusLisp manifest code for quadrotor_msgs[0m
[ 76%] Built target quadrotor_msgs_generate_messages_eus
[35m[1mScanning dependencies of target quadrotor_msgs_generate_messages_lisp[0m
[ 77%] [34m[1mGenerating Lisp code from quadrotor_msgs/AuxCommand.msg[0m
[ 78%] [34m[1mGenerating Lisp code from quadrotor_msgs/Corrections.msg[0m
[ 80%] [34m[1mGenerating Lisp code from quadrotor_msgs/Gains.msg[0m
[ 81%] [34m[1mGenerating Lisp code from quadrotor_msgs/OutputData.msg[0m
[ 83%] [34m[1mGenerating Lisp code from quadrotor_msgs/PositionCommand.msg[0m
[ 84%] [34m[1mGenerating Lisp code from quadrotor_msgs/PPROutputData.msg[0m
[ 85%] [34m[1mGenerating Lisp code from quadrotor_msgs/Serial.msg[0m
[35m[1mScanning dependencies of target encode_msgs[0m
[ 87%] [32mBuilding CXX object CMakeFiles/encode_msgs.dir/src/encode_msgs.cpp.o[0m
[ 88%] [34m[1mGenerating Lisp code from quadrotor_msgs/SO3Command.msg[0m
[ 90%] [34m[1mGenerating Lisp code from quadrotor_msgs/StatusData.msg[0m
[ 91%] [34m[1mGenerating Lisp code from quadrotor_msgs/TRPYCommand.msg[0m
[ 92%] [34m[1mGenerating Lisp code from quadrotor_msgs/Odometry.msg[0m
[ 94%] [34m[1mGenerating Lisp code from quadrotor_msgs/PolynomialTrajectory.msg[0m
[ 95%] [34m[1mGenerating Lisp code from quadrotor_msgs/LQRTrajectory.msg[0m
[ 95%] Built target quadrotor_msgs_generate_messages_lisp
[35m[1mScanning dependencies of target decode_msgs[0m
[ 97%] [32mBuilding CXX object CMakeFiles/decode_msgs.dir/src/decode_msgs.cpp.o[0m
[ 98%] [32m[1mLinking CXX shared library /home/rajendra/drone_ws/devel/.private/quadrotor_msgs/lib/libencode_msgs.so[0m
[ 98%] Built target encode_msgs
[35m[1mScanning dependencies of target quadrotor_msgs_generate_messages[0m
[ 98%] Built target quadrotor_msgs_generate_messages
[100%] [32m[1mLinking CXX shared library /home/rajendra/drone_ws/devel/.private/quadrotor_msgs/lib/libdecode_msgs.so[0m
[100%] Built target decode_msgs
