[35m[1mScanning dependencies of target _mav_system_msgs_generate_messages_check_deps_ProcessInfo[0m
[  0%] Built target _mav_system_msgs_generate_messages_check_deps_ProcessInfo
[35m[1mScanning dependencies of target std_msgs_generate_messages_py[0m
[  0%] Built target std_msgs_generate_messages_py
[35m[1mScanning dependencies of target _mav_system_msgs_generate_messages_check_deps_CpuInfo[0m
[  0%] Built target _mav_system_msgs_generate_messages_check_deps_CpuInfo
[35m[1mScanning dependencies of target std_msgs_generate_messages_nodejs[0m
[  0%] Built target std_msgs_generate_messages_nodejs
[35m[1mScanning dependencies of target std_msgs_generate_messages_cpp[0m
[  0%] Built target std_msgs_generate_messages_cpp
[35m[1mScanning dependencies of target std_msgs_generate_messages_eus[0m
[  0%] Built target std_msgs_generate_messages_eus
[35m[1mScanning dependencies of target std_msgs_generate_messages_lisp[0m
[  0%] Built target std_msgs_generate_messages_lisp
[35m[1mScanning dependencies of target mav_system_msgs_generate_messages_py[0m
[  8%] [34m[1mGenerating Python from MSG mav_system_msgs/CpuInfo[0m
[ 16%] [34m[1mGenerating Python from MSG mav_system_msgs/ProcessInfo[0m
[ 25%] [34m[1mGenerating Python msg __init__.py for mav_system_msgs[0m
[ 25%] Built target mav_system_msgs_generate_messages_py
[35m[1mScanning dependencies of target mav_system_msgs_generate_messages_nodejs[0m
[ 33%] [34m[1mGenerating Javascript code from mav_system_msgs/CpuInfo.msg[0m
[ 41%] [34m[1mGenerating Javascript code from mav_system_msgs/ProcessInfo.msg[0m
[ 41%] Built target mav_system_msgs_generate_messages_nodejs
[35m[1mScanning dependencies of target mav_system_msgs_generate_messages_cpp[0m
[ 50%] [34m[1mGenerating C++ code from mav_system_msgs/CpuInfo.msg[0m
[ 58%] [34m[1mGenerating C++ code from mav_system_msgs/ProcessInfo.msg[0m
[ 58%] Built target mav_system_msgs_generate_messages_cpp
[35m[1mScanning dependencies of target mav_system_msgs_generate_messages_eus[0m
[ 66%] [34m[1mGenerating EusLisp code from mav_system_msgs/CpuInfo.msg[0m
[ 75%] [34m[1mGenerating EusLisp code from mav_system_msgs/ProcessInfo.msg[0m
[ 83%] [34m[1mGenerating EusLisp manifest code for mav_system_msgs[0m
[35m[1mScanning dependencies of target mav_system_msgs_generate_messages_lisp[0m
[ 91%] [34m[1mGenerating Lisp code from mav_system_msgs/CpuInfo.msg[0m
[100%] [34m[1mGenerating Lisp code from mav_system_msgs/ProcessInfo.msg[0m
[100%] Built target mav_system_msgs_generate_messages_lisp
[100%] Built target mav_system_msgs_generate_messages_eus
[35m[1mScanning dependencies of target mav_system_msgs_generate_messages[0m
[100%] Built target mav_system_msgs_generate_messages
