/usr/local/bin/cmake -S/home/rajendra/drone_ws/src/Fast-Planner/uav_simulator/Utils/waypoint_generator -B/home/rajendra/drone_ws/build/waypoint_generator --check-build-system CMakeFiles/Makefile.cmake 0
/usr/local/bin/cmake -E cmake_progress_start /home/rajendra/drone_ws/build/waypoint_generator/CMakeFiles /home/rajendra/drone_ws/build/waypoint_generator//CMakeFiles/progress.marks
/usr/bin/make  -f CMakeFiles/Makefile2 all
make[1]: Entering directory '/home/rajendra/drone_ws/build/waypoint_generator'
/usr/bin/make  -f CMakeFiles/waypoint_generator.dir/build.make CMakeFiles/waypoint_generator.dir/depend
make[2]: Entering directory '/home/rajendra/drone_ws/build/waypoint_generator'
cd /home/rajendra/drone_ws/build/waypoint_generator && /usr/local/bin/cmake -E cmake_depends "Unix Makefiles" /home/rajendra/drone_ws/src/Fast-Planner/uav_simulator/Utils/waypoint_generator /home/rajendra/drone_ws/src/Fast-Planner/uav_simulator/Utils/waypoint_generator /home/rajendra/drone_ws/build/waypoint_generator /home/rajendra/drone_ws/build/waypoint_generator /home/rajendra/drone_ws/build/waypoint_generator/CMakeFiles/waypoint_generator.dir/DependInfo.cmake --color=
[35m[1mScanning dependencies of target waypoint_generator[0m
make[2]: Leaving directory '/home/rajendra/drone_ws/build/waypoint_generator'
/usr/bin/make  -f CMakeFiles/waypoint_generator.dir/build.make CMakeFiles/waypoint_generator.dir/build
make[2]: Entering directory '/home/rajendra/drone_ws/build/waypoint_generator'
[ 50%] [32mBuilding CXX object CMakeFiles/waypoint_generator.dir/src/waypoint_generator.cpp.o[0m
/usr/lib/ccache/c++ -DROSCONSOLE_BACKEND_LOG4CXX -DROS_BUILD_SHARED_LIBS=1 -DROS_PACKAGE_NAME=\"waypoint_generator\" -I/home/rajendra/drone_ws/src/Fast-Planner/uav_simulator/Utils/waypoint_generator/include -I/opt/ros/noetic/include -I/opt/ros/noetic/share/xmlrpcpp/cmake/../../../include/xmlrpcpp -std=c++11 -Wall -O3 -march=native -O3 -DNDEBUG -o CMakeFiles/waypoint_generator.dir/src/waypoint_generator.cpp.o -c /home/rajendra/drone_ws/src/Fast-Planner/uav_simulator/Utils/waypoint_generator/src/waypoint_generator.cpp
In file included from /opt/ros/noetic/include/ros/time.h:57,
                 from /opt/ros/noetic/include/ros/ros.h:38,
                 from /home/rajendra/drone_ws/src/Fast-Planner/uav_simulator/Utils/waypoint_generator/src/waypoint_generator.cpp:2:
/opt/ros/noetic/include/ros/duration.h: In function ‘void load_seg(ros::NodeHandle&, int, const ros::Time&)’:
/opt/ros/noetic/include/ros/duration.h:118:42: warning: ‘time_from_start’ may be used uninitialized in this function [-Wmaybe-uninitialized]
  118 |   explicit Duration(double t) { fromSec(t); }
      |                                          ^
/home/rajendra/drone_ws/src/Fast-Planner/uav_simulator/Utils/waypoint_generator/src/waypoint_generator.cpp:34:12: note: ‘time_from_start’ was declared here
   34 |     double time_from_start;
      |            ^~~~~~~~~~~~~~~
[100%] [32m[1mLinking CXX executable /home/rajendra/drone_ws/devel/.private/waypoint_generator/lib/waypoint_generator/waypoint_generator[0m
/usr/local/bin/cmake -E cmake_link_script CMakeFiles/waypoint_generator.dir/link.txt --verbose=1
/usr/lib/ccache/c++  -std=c++11 -Wall -O3 -march=native -O3 -DNDEBUG -rdynamic CMakeFiles/waypoint_generator.dir/src/waypoint_generator.cpp.o -o /home/rajendra/drone_ws/devel/.private/waypoint_generator/lib/waypoint_generator/waypoint_generator  -Wl,-rpath,/opt/ros/noetic/lib /opt/ros/noetic/lib/libtf.so /opt/ros/noetic/lib/libtf2_ros.so /opt/ros/noetic/lib/libactionlib.so /opt/ros/noetic/lib/libmessage_filters.so /opt/ros/noetic/lib/libroscpp.so -lpthread /usr/lib/x86_64-linux-gnu/libboost_chrono.so.1.71.0 /usr/lib/x86_64-linux-gnu/libboost_filesystem.so.1.71.0 /opt/ros/noetic/lib/libxmlrpcpp.so /opt/ros/noetic/lib/libtf2.so /opt/ros/noetic/lib/librosconsole.so /opt/ros/noetic/lib/librosconsole_log4cxx.so /opt/ros/noetic/lib/librosconsole_backend_interface.so -llog4cxx /usr/lib/x86_64-linux-gnu/libboost_regex.so.1.71.0 /opt/ros/noetic/lib/libroscpp_serialization.so /opt/ros/noetic/lib/librostime.so /usr/lib/x86_64-linux-gnu/libboost_date_time.so.1.71.0 /opt/ros/noetic/lib/libcpp_common.so /usr/lib/x86_64-linux-gnu/libboost_system.so.1.71.0 /usr/lib/x86_64-linux-gnu/libboost_thread.so.1.71.0 /usr/lib/x86_64-linux-gnu/libconsole_bridge.so.0.4 
make[2]: Leaving directory '/home/rajendra/drone_ws/build/waypoint_generator'
[100%] Built target waypoint_generator
make[1]: Leaving directory '/home/rajendra/drone_ws/build/waypoint_generator'
/usr/local/bin/cmake -E cmake_progress_start /home/rajendra/drone_ws/build/waypoint_generator/CMakeFiles 0
