Symlinking /home/rajendra/drone_ws/devel/share/roseus/ros/ws281x/manifest.l
Symlinking /home/rajendra/drone_ws/devel/share/roseus/ros/ws281x/srv/SetGamma.l
Symlinking /home/rajendra/drone_ws/devel/share/gennodejs/ros/ws281x/_index.js
Symlinking /home/rajendra/drone_ws/devel/share/gennodejs/ros/ws281x/srv/SetGamma.js
Symlinking /home/rajendra/drone_ws/devel/share/gennodejs/ros/ws281x/srv/_index.js
Symlinking /home/rajendra/drone_ws/devel/share/common-lisp/ros/ws281x/srv/SetGamma.lisp
Symlinking /home/rajendra/drone_ws/devel/share/common-lisp/ros/ws281x/srv/_package.lisp
Symlinking /home/rajendra/drone_ws/devel/share/common-lisp/ros/ws281x/srv/_package_SetGamma.lisp
Symlinking /home/rajendra/drone_ws/devel/share/common-lisp/ros/ws281x/srv/ws281x-srv.asd
Symlinking /home/rajendra/drone_ws/devel/share/ws281x/cmake/ws281xConfig.cmake
Symlinking /home/rajendra/drone_ws/devel/share/ws281x/cmake/ws281x-msg-paths.cmake
Symlinking /home/rajendra/drone_ws/devel/share/ws281x/cmake/ws281xConfig-version.cmake
Symlinking /home/rajendra/drone_ws/devel/share/ws281x/cmake/ws281x-msg-extras.cmake
Symlinking /home/rajendra/drone_ws/devel/include/ws281x/SetGammaRequest.h
Symlinking /home/rajendra/drone_ws/devel/include/ws281x/SetGammaResponse.h
Symlinking /home/rajendra/drone_ws/devel/include/ws281x/SetGamma.h
Symlinking /home/rajendra/drone_ws/devel/lib/librpi_ws281x.a
Symlinking /home/rajendra/drone_ws/devel/lib/python3/dist-packages/ws281x/__init__.py
Symlinking /home/rajendra/drone_ws/devel/lib/python3/dist-packages/ws281x/srv/_SetGamma.py
Symlinking /home/rajendra/drone_ws/devel/lib/python3/dist-packages/ws281x/srv/__init__.py
Symlinking /home/rajendra/drone_ws/devel/lib/pkgconfig/ws281x.pc
Symlinking /home/rajendra/drone_ws/devel/lib/ws281x/ws281x_node
