[ 43%] Built target rpi_ws281x
[ 43%] Built target std_msgs_generate_messages_nodejs
[ 43%] Built target std_msgs_generate_messages_eus
[ 43%] Built target _ws281x_generate_messages_check_deps_SetGamma
[ 43%] Built target std_msgs_generate_messages_py
[ 43%] Built target rosgraph_msgs_generate_messages_eus
[ 43%] Built target std_msgs_generate_messages_lisp
[ 43%] Built target rosgraph_msgs_generate_messages_cpp
[ 43%] Built target roscpp_generate_messages_nodejs
[ 43%] Built target roscpp_generate_messages_eus
[ 43%] Built target roscpp_generate_messages_cpp
[ 43%] Built target roscpp_generate_messages_py
[ 43%] Built target rosgraph_msgs_generate_messages_py
[ 43%] Built target rosgraph_msgs_generate_messages_lisp
[ 43%] Built target led_msgs_generate_messages_eus
[ 43%] Built target rosgraph_msgs_generate_messages_nodejs
[ 43%] Built target std_msgs_generate_messages_cpp
[ 43%] Built target led_msgs_generate_messages_cpp
[ 43%] Built target led_msgs_generate_messages_lisp
[ 43%] Built target led_msgs_generate_messages_nodejs
[ 43%] Built target led_msgs_generate_messages_py
[ 43%] Built target _catkin_empty_exported_target
[ 43%] Built target roscpp_generate_messages_lisp
[ 50%] Built target ws281x_generate_messages_cpp
[ 56%] Built target ws281x_generate_messages_nodejs
[ 68%] Built target ws281x_generate_messages_eus
[ 81%] Built target ws281x_generate_messages_py
[ 87%] Built target ws281x_generate_messages_lisp
[100%] Built target ws281x_node
[100%] Built target ws281x_generate_messages
