In file included from /home/rajendra/drone_ws/src/mavros/mavros/include/mavros/utils.h:22,
                 from /home/rajendra/drone_ws/src/mavros/mavros/include/mavros/mavros_uas.h:30,
                 from /home/rajendra/drone_ws/src/mavros/mavros/include/mavros/mavros_plugin.h:25,
                 from /home/rajendra/drone_ws/src/mavros/mavros_extras/src/plugins/esc_status.cpp:17:
/home/rajendra/drone_ws/src/mavros/mavros_msgs/include/mavros_msgs/mavlink_convert.h: In function ‘bool mavros_msgs::mavlink::convert(const Mavlink&, mavlink::mavlink_message_t&)’:
/home/rajendra/drone_ws/src/mavros/mavros_msgs/include/mavros_msgs/mavlink_convert.h:74:63: warning: taking address of packed member of ‘mavlink::__mavlink_message’ may result in an unaligned pointer value [-Waddress-of-packed-member]
   74 |  std::copy(rmsg.payload64.begin(), rmsg.payload64.end(), mmsg.payload64);
      |                                                          ~~~~~^~~~~~~~~
In file included from /home/rajendra/drone_ws/src/mavros/mavros/include/mavros/utils.h:22,
                 from /home/rajendra/drone_ws/src/mavros/mavros/include/mavros/mavros_uas.h:30,
                 from /home/rajendra/drone_ws/src/mavros/mavros/include/mavros/mavros_plugin.h:25,
                 from /home/rajendra/drone_ws/src/mavros/mavros_extras/src/plugins/esc_status.cpp:17:
/home/rajendra/drone_ws/src/mavros/mavros_msgs/include/mavros_msgs/mavlink_convert.h: In function ‘bool mavros_msgs::mavlink::convert(const mavlink_message_t&, mavros_msgs::Mavlink&, uint8_t)’:
/home/rajendra/drone_ws/src/mavros/mavros_msgs/include/mavros_msgs/mavlink_convert.h:108:62: warning: taking address of packed member of ‘mavlink::__mavlink_message’ may result in an unaligned pointer value [-Waddress-of-packed-member]
  108 |  rmsg.payload64 = mavros_msgs::Mavlink::_payload64_type(mmsg.payload64, mmsg.payload64 + payload64_len);
      |                                                         ~~~~~^~~~~~~~~
In file included from /home/rajendra/drone_ws/src/mavros/mavros/include/mavros/utils.h:22,
                 from /home/rajendra/drone_ws/src/mavros/mavros/include/mavros/mavros_uas.h:30,
                 from /home/rajendra/drone_ws/src/mavros/mavros/include/mavros/mavros_plugin.h:25,
                 from /home/rajendra/drone_ws/src/mavros/mavros_extras/src/plugins/companion_process_status.cpp:17:
/home/rajendra/drone_ws/src/mavros/mavros_msgs/include/mavros_msgs/mavlink_convert.h: In function ‘bool mavros_msgs::mavlink::convert(const Mavlink&, mavlink::mavlink_message_t&)’:
/home/rajendra/drone_ws/src/mavros/mavros_msgs/include/mavros_msgs/mavlink_convert.h:74:63: warning: taking address of packed member of ‘mavlink::__mavlink_message’ may result in an unaligned pointer value [-Waddress-of-packed-member]
   74 |  std::copy(rmsg.payload64.begin(), rmsg.payload64.end(), mmsg.payload64);
      |                                                          ~~~~~^~~~~~~~~
In file included from /home/rajendra/drone_ws/src/mavros/mavros/include/mavros/utils.h:22,
                 from /home/rajendra/drone_ws/src/mavros/mavros/include/mavros/mavros_uas.h:30,
                 from /home/rajendra/drone_ws/src/mavros/mavros/include/mavros/mavros_plugin.h:25,
                 from /home/rajendra/drone_ws/src/mavros/mavros_extras/src/plugins/companion_process_status.cpp:17:
/home/rajendra/drone_ws/src/mavros/mavros_msgs/include/mavros_msgs/mavlink_convert.h: In function ‘bool mavros_msgs::mavlink::convert(const mavlink_message_t&, mavros_msgs::Mavlink&, uint8_t)’:
/home/rajendra/drone_ws/src/mavros/mavros_msgs/include/mavros_msgs/mavlink_convert.h:108:62: warning: taking address of packed member of ‘mavlink::__mavlink_message’ may result in an unaligned pointer value [-Waddress-of-packed-member]
  108 |  rmsg.payload64 = mavros_msgs::Mavlink::_payload64_type(mmsg.payload64, mmsg.payload64 + payload64_len);
      |                                                         ~~~~~^~~~~~~~~
In file included from /home/rajendra/drone_ws/src/mavros/mavros/include/mavros/utils.h:22,
                 from /home/rajendra/drone_ws/src/mavros/mavros/include/mavros/mavros_uas.h:30,
                 from /home/rajendra/drone_ws/src/mavros/mavros/include/mavros/mavros_plugin.h:25,
                 from /home/rajendra/drone_ws/src/mavros/mavros_extras/src/plugins/cam_imu_sync.cpp:17:
/home/rajendra/drone_ws/src/mavros/mavros_msgs/include/mavros_msgs/mavlink_convert.h: In function ‘bool mavros_msgs::mavlink::convert(const Mavlink&, mavlink::mavlink_message_t&)’:
/home/rajendra/drone_ws/src/mavros/mavros_msgs/include/mavros_msgs/mavlink_convert.h:74:63: warning: taking address of packed member of ‘mavlink::__mavlink_message’ may result in an unaligned pointer value [-Waddress-of-packed-member]
   74 |  std::copy(rmsg.payload64.begin(), rmsg.payload64.end(), mmsg.payload64);
      |                                                          ~~~~~^~~~~~~~~
In file included from /home/rajendra/drone_ws/src/mavros/mavros/include/mavros/utils.h:22,
                 from /home/rajendra/drone_ws/src/mavros/mavros/include/mavros/mavros_uas.h:30,
                 from /home/rajendra/drone_ws/src/mavros/mavros/include/mavros/mavros_plugin.h:25,
                 from /home/rajendra/drone_ws/src/mavros/mavros_extras/src/plugins/cam_imu_sync.cpp:17:
/home/rajendra/drone_ws/src/mavros/mavros_msgs/include/mavros_msgs/mavlink_convert.h: In function ‘bool mavros_msgs::mavlink::convert(const mavlink_message_t&, mavros_msgs::Mavlink&, uint8_t)’:
/home/rajendra/drone_ws/src/mavros/mavros_msgs/include/mavros_msgs/mavlink_convert.h:108:62: warning: taking address of packed member of ‘mavlink::__mavlink_message’ may result in an unaligned pointer value [-Waddress-of-packed-member]
  108 |  rmsg.payload64 = mavros_msgs::Mavlink::_payload64_type(mmsg.payload64, mmsg.payload64 + payload64_len);
      |                                                         ~~~~~^~~~~~~~~
In file included from /home/rajendra/drone_ws/src/mavros/mavros/include/mavros/utils.h:22,
                 from /home/rajendra/drone_ws/src/mavros/mavros/include/mavros/mavros_uas.h:30,
                 from /home/rajendra/drone_ws/src/mavros/mavros/include/mavros/mavros_plugin.h:25,
                 from /home/rajendra/drone_ws/src/mavros/mavros_extras/src/plugins/esc_telemetry.cpp:17:
/home/rajendra/drone_ws/src/mavros/mavros_msgs/include/mavros_msgs/mavlink_convert.h: In function ‘bool mavros_msgs::mavlink::convert(const Mavlink&, mavlink::mavlink_message_t&)’:
/home/rajendra/drone_ws/src/mavros/mavros_msgs/include/mavros_msgs/mavlink_convert.h:74:63: warning: taking address of packed member of ‘mavlink::__mavlink_message’ may result in an unaligned pointer value [-Waddress-of-packed-member]
   74 |  std::copy(rmsg.payload64.begin(), rmsg.payload64.end(), mmsg.payload64);
      |                                                          ~~~~~^~~~~~~~~
In file included from /home/rajendra/drone_ws/src/mavros/mavros/include/mavros/utils.h:22,
                 from /home/rajendra/drone_ws/src/mavros/mavros/include/mavros/mavros_uas.h:30,
                 from /home/rajendra/drone_ws/src/mavros/mavros/include/mavros/mavros_plugin.h:25,
                 from /home/rajendra/drone_ws/src/mavros/mavros_extras/src/plugins/esc_telemetry.cpp:17:
/home/rajendra/drone_ws/src/mavros/mavros_msgs/include/mavros_msgs/mavlink_convert.h: In function ‘bool mavros_msgs::mavlink::convert(const mavlink_message_t&, mavros_msgs::Mavlink&, uint8_t)’:
/home/rajendra/drone_ws/src/mavros/mavros_msgs/include/mavros_msgs/mavlink_convert.h:108:62: warning: taking address of packed member of ‘mavlink::__mavlink_message’ may result in an unaligned pointer value [-Waddress-of-packed-member]
  108 |  rmsg.payload64 = mavros_msgs::Mavlink::_payload64_type(mmsg.payload64, mmsg.payload64 + payload64_len);
      |                                                         ~~~~~^~~~~~~~~
In file included from /home/rajendra/drone_ws/src/mavros/mavros/include/mavros/utils.h:22,
                 from /home/rajendra/drone_ws/src/mavros/mavros/include/mavros/mavros_uas.h:30,
                 from /home/rajendra/drone_ws/src/mavros/mavros/include/mavros/mavros_plugin.h:25,
                 from /home/rajendra/drone_ws/src/mavros/mavros_extras/src/plugins/gps_input.cpp:17:
/home/rajendra/drone_ws/src/mavros/mavros_msgs/include/mavros_msgs/mavlink_convert.h: In function ‘bool mavros_msgs::mavlink::convert(const Mavlink&, mavlink::mavlink_message_t&)’:
/home/rajendra/drone_ws/src/mavros/mavros_msgs/include/mavros_msgs/mavlink_convert.h:74:63: warning: taking address of packed member of ‘mavlink::__mavlink_message’ may result in an unaligned pointer value [-Waddress-of-packed-member]
   74 |  std::copy(rmsg.payload64.begin(), rmsg.payload64.end(), mmsg.payload64);
      |                                                          ~~~~~^~~~~~~~~
In file included from /home/rajendra/drone_ws/src/mavros/mavros/include/mavros/utils.h:22,
                 from /home/rajendra/drone_ws/src/mavros/mavros/include/mavros/mavros_uas.h:30,
                 from /home/rajendra/drone_ws/src/mavros/mavros/include/mavros/mavros_plugin.h:25,
                 from /home/rajendra/drone_ws/src/mavros/mavros_extras/src/plugins/gps_input.cpp:17:
/home/rajendra/drone_ws/src/mavros/mavros_msgs/include/mavros_msgs/mavlink_convert.h: In function ‘bool mavros_msgs::mavlink::convert(const mavlink_message_t&, mavros_msgs::Mavlink&, uint8_t)’:
/home/rajendra/drone_ws/src/mavros/mavros_msgs/include/mavros_msgs/mavlink_convert.h:108:62: warning: taking address of packed member of ‘mavlink::__mavlink_message’ may result in an unaligned pointer value [-Waddress-of-packed-member]
  108 |  rmsg.payload64 = mavros_msgs::Mavlink::_payload64_type(mmsg.payload64, mmsg.payload64 + payload64_len);
      |                                                         ~~~~~^~~~~~~~~
In file included from /home/rajendra/drone_ws/src/mavros/mavros/include/mavros/utils.h:22,
                 from /home/rajendra/drone_ws/src/mavros/mavros_extras/src/plugins/distance_sensor.cpp:17:
/home/rajendra/drone_ws/src/mavros/mavros_msgs/include/mavros_msgs/mavlink_convert.h: In function ‘bool mavros_msgs::mavlink::convert(const Mavlink&, mavlink::mavlink_message_t&)’:
/home/rajendra/drone_ws/src/mavros/mavros_msgs/include/mavros_msgs/mavlink_convert.h:74:63: warning: taking address of packed member of ‘mavlink::__mavlink_message’ may result in an unaligned pointer value [-Waddress-of-packed-member]
   74 |  std::copy(rmsg.payload64.begin(), rmsg.payload64.end(), mmsg.payload64);
      |                                                          ~~~~~^~~~~~~~~
In file included from /home/rajendra/drone_ws/src/mavros/mavros/include/mavros/utils.h:22,
                 from /home/rajendra/drone_ws/src/mavros/mavros_extras/src/plugins/distance_sensor.cpp:17:
/home/rajendra/drone_ws/src/mavros/mavros_msgs/include/mavros_msgs/mavlink_convert.h: In function ‘bool mavros_msgs::mavlink::convert(const mavlink_message_t&, mavros_msgs::Mavlink&, uint8_t)’:
/home/rajendra/drone_ws/src/mavros/mavros_msgs/include/mavros_msgs/mavlink_convert.h:108:62: warning: taking address of packed member of ‘mavlink::__mavlink_message’ may result in an unaligned pointer value [-Waddress-of-packed-member]
  108 |  rmsg.payload64 = mavros_msgs::Mavlink::_payload64_type(mmsg.payload64, mmsg.payload64 + payload64_len);
      |                                                         ~~~~~^~~~~~~~~
In file included from /home/rajendra/drone_ws/src/mavros/mavros/include/mavros/utils.h:22,
                 from /home/rajendra/drone_ws/src/mavros/mavros/include/mavros/mavros_uas.h:30,
                 from /home/rajendra/drone_ws/src/mavros/mavros/include/mavros/mavros_plugin.h:25,
                 from /home/rajendra/drone_ws/src/mavros/mavros_extras/src/plugins/adsb.cpp:17:
/home/rajendra/drone_ws/src/mavros/mavros_msgs/include/mavros_msgs/mavlink_convert.h: In function ‘bool mavros_msgs::mavlink::convert(const Mavlink&, mavlink::mavlink_message_t&)’:
/home/rajendra/drone_ws/src/mavros/mavros_msgs/include/mavros_msgs/mavlink_convert.h:74:63: warning: taking address of packed member of ‘mavlink::__mavlink_message’ may result in an unaligned pointer value [-Waddress-of-packed-member]
   74 |  std::copy(rmsg.payload64.begin(), rmsg.payload64.end(), mmsg.payload64);
      |                                                          ~~~~~^~~~~~~~~
In file included from /home/rajendra/drone_ws/src/mavros/mavros/include/mavros/utils.h:22,
                 from /home/rajendra/drone_ws/src/mavros/mavros/include/mavros/mavros_uas.h:30,
                 from /home/rajendra/drone_ws/src/mavros/mavros/include/mavros/mavros_plugin.h:25,
                 from /home/rajendra/drone_ws/src/mavros/mavros_extras/src/plugins/adsb.cpp:17:
/home/rajendra/drone_ws/src/mavros/mavros_msgs/include/mavros_msgs/mavlink_convert.h: In function ‘bool mavros_msgs::mavlink::convert(const mavlink_message_t&, mavros_msgs::Mavlink&, uint8_t)’:
/home/rajendra/drone_ws/src/mavros/mavros_msgs/include/mavros_msgs/mavlink_convert.h:108:62: warning: taking address of packed member of ‘mavlink::__mavlink_message’ may result in an unaligned pointer value [-Waddress-of-packed-member]
  108 |  rmsg.payload64 = mavros_msgs::Mavlink::_payload64_type(mmsg.payload64, mmsg.payload64 + payload64_len);
      |                                                         ~~~~~^~~~~~~~~
In file included from /home/rajendra/drone_ws/src/mavros/mavros/include/mavros/utils.h:22,
                 from /home/rajendra/drone_ws/src/mavros/mavros/include/mavros/mavros_uas.h:30,
                 from /home/rajendra/drone_ws/src/mavros/mavros/include/mavros/mavros_plugin.h:25,
                 from /home/rajendra/drone_ws/src/mavros/mavros_extras/src/plugins/onboard_computer_status.cpp:17:
/home/rajendra/drone_ws/src/mavros/mavros_msgs/include/mavros_msgs/mavlink_convert.h: In function ‘bool mavros_msgs::mavlink::convert(const Mavlink&, mavlink::mavlink_message_t&)’:
/home/rajendra/drone_ws/src/mavros/mavros_msgs/include/mavros_msgs/mavlink_convert.h:74:63: warning: taking address of packed member of ‘mavlink::__mavlink_message’ may result in an unaligned pointer value [-Waddress-of-packed-member]
   74 |  std::copy(rmsg.payload64.begin(), rmsg.payload64.end(), mmsg.payload64);
      |                                                          ~~~~~^~~~~~~~~
In file included from /home/rajendra/drone_ws/src/mavros/mavros/include/mavros/utils.h:22,
                 from /home/rajendra/drone_ws/src/mavros/mavros/include/mavros/mavros_uas.h:30,
                 from /home/rajendra/drone_ws/src/mavros/mavros/include/mavros/mavros_plugin.h:25,
                 from /home/rajendra/drone_ws/src/mavros/mavros_extras/src/plugins/onboard_computer_status.cpp:17:
/home/rajendra/drone_ws/src/mavros/mavros_msgs/include/mavros_msgs/mavlink_convert.h: In function ‘bool mavros_msgs::mavlink::convert(const mavlink_message_t&, mavros_msgs::Mavlink&, uint8_t)’:
/home/rajendra/drone_ws/src/mavros/mavros_msgs/include/mavros_msgs/mavlink_convert.h:108:62: warning: taking address of packed member of ‘mavlink::__mavlink_message’ may result in an unaligned pointer value [-Waddress-of-packed-member]
  108 |  rmsg.payload64 = mavros_msgs::Mavlink::_payload64_type(mmsg.payload64, mmsg.payload64 + payload64_len);
      |                                                         ~~~~~^~~~~~~~~
In file included from /home/rajendra/drone_ws/src/mavros/mavros/include/mavros/utils.h:22,
                 from /home/rajendra/drone_ws/src/mavros/mavros/include/mavros/mavros_uas.h:30,
                 from /home/rajendra/drone_ws/src/mavros/mavros/include/mavros/mavros_plugin.h:25,
                 from /home/rajendra/drone_ws/src/mavros/mavros_extras/src/plugins/debug_value.cpp:17:
/home/rajendra/drone_ws/src/mavros/mavros_msgs/include/mavros_msgs/mavlink_convert.h: In function ‘bool mavros_msgs::mavlink::convert(const Mavlink&, mavlink::mavlink_message_t&)’:
/home/rajendra/drone_ws/src/mavros/mavros_msgs/include/mavros_msgs/mavlink_convert.h:74:63: warning: taking address of packed member of ‘mavlink::__mavlink_message’ may result in an unaligned pointer value [-Waddress-of-packed-member]
   74 |  std::copy(rmsg.payload64.begin(), rmsg.payload64.end(), mmsg.payload64);
      |                                                          ~~~~~^~~~~~~~~
In file included from /home/rajendra/drone_ws/src/mavros/mavros/include/mavros/utils.h:22,
                 from /home/rajendra/drone_ws/src/mavros/mavros/include/mavros/mavros_uas.h:30,
                 from /home/rajendra/drone_ws/src/mavros/mavros/include/mavros/mavros_plugin.h:25,
                 from /home/rajendra/drone_ws/src/mavros/mavros_extras/src/plugins/debug_value.cpp:17:
/home/rajendra/drone_ws/src/mavros/mavros_msgs/include/mavros_msgs/mavlink_convert.h: In function ‘bool mavros_msgs::mavlink::convert(const mavlink_message_t&, mavros_msgs::Mavlink&, uint8_t)’:
/home/rajendra/drone_ws/src/mavros/mavros_msgs/include/mavros_msgs/mavlink_convert.h:108:62: warning: taking address of packed member of ‘mavlink::__mavlink_message’ may result in an unaligned pointer value [-Waddress-of-packed-member]
  108 |  rmsg.payload64 = mavros_msgs::Mavlink::_payload64_type(mmsg.payload64, mmsg.payload64 + payload64_len);
      |                                                         ~~~~~^~~~~~~~~
In file included from /home/rajendra/drone_ws/src/mavros/mavros/include/mavros/utils.h:22,
                 from /home/rajendra/drone_ws/src/mavros/mavros/include/mavros/mavros_uas.h:30,
                 from /home/rajendra/drone_ws/src/mavros/mavros/include/mavros/mavros_plugin.h:25,
                 from /home/rajendra/drone_ws/src/mavros/mavros_extras/src/plugins/fake_gps.cpp:21:
/home/rajendra/drone_ws/src/mavros/mavros_msgs/include/mavros_msgs/mavlink_convert.h: In function ‘bool mavros_msgs::mavlink::convert(const Mavlink&, mavlink::mavlink_message_t&)’:
/home/rajendra/drone_ws/src/mavros/mavros_msgs/include/mavros_msgs/mavlink_convert.h:74:63: warning: taking address of packed member of ‘mavlink::__mavlink_message’ may result in an unaligned pointer value [-Waddress-of-packed-member]
   74 |  std::copy(rmsg.payload64.begin(), rmsg.payload64.end(), mmsg.payload64);
      |                                                          ~~~~~^~~~~~~~~
In file included from /home/rajendra/drone_ws/src/mavros/mavros/include/mavros/utils.h:22,
                 from /home/rajendra/drone_ws/src/mavros/mavros/include/mavros/mavros_uas.h:30,
                 from /home/rajendra/drone_ws/src/mavros/mavros/include/mavros/mavros_plugin.h:25,
                 from /home/rajendra/drone_ws/src/mavros/mavros_extras/src/plugins/fake_gps.cpp:21:
/home/rajendra/drone_ws/src/mavros/mavros_msgs/include/mavros_msgs/mavlink_convert.h: In function ‘bool mavros_msgs::mavlink::convert(const mavlink_message_t&, mavros_msgs::Mavlink&, uint8_t)’:
/home/rajendra/drone_ws/src/mavros/mavros_msgs/include/mavros_msgs/mavlink_convert.h:108:62: warning: taking address of packed member of ‘mavlink::__mavlink_message’ may result in an unaligned pointer value [-Waddress-of-packed-member]
  108 |  rmsg.payload64 = mavros_msgs::Mavlink::_payload64_type(mmsg.payload64, mmsg.payload64 + payload64_len);
      |                                                         ~~~~~^~~~~~~~~
In file included from /home/rajendra/drone_ws/src/mavros/mavros/include/mavros/utils.h:22,
                 from /home/rajendra/drone_ws/src/mavros/mavros/include/mavros/mavros_uas.h:30,
                 from /home/rajendra/drone_ws/src/mavros/mavros/include/mavros/mavros_plugin.h:25,
                 from /home/rajendra/drone_ws/src/mavros/mavros_extras/src/plugins/gps_rtk.cpp:17:
/home/rajendra/drone_ws/src/mavros/mavros_msgs/include/mavros_msgs/mavlink_convert.h: In function ‘bool mavros_msgs::mavlink::convert(const Mavlink&, mavlink::mavlink_message_t&)’:
/home/rajendra/drone_ws/src/mavros/mavros_msgs/include/mavros_msgs/mavlink_convert.h:74:63: warning: taking address of packed member of ‘mavlink::__mavlink_message’ may result in an unaligned pointer value [-Waddress-of-packed-member]
   74 |  std::copy(rmsg.payload64.begin(), rmsg.payload64.end(), mmsg.payload64);
      |                                                          ~~~~~^~~~~~~~~
In file included from /home/rajendra/drone_ws/src/mavros/mavros/include/mavros/utils.h:22,
                 from /home/rajendra/drone_ws/src/mavros/mavros/include/mavros/mavros_uas.h:30,
                 from /home/rajendra/drone_ws/src/mavros/mavros/include/mavros/mavros_plugin.h:25,
                 from /home/rajendra/drone_ws/src/mavros/mavros_extras/src/plugins/gps_rtk.cpp:17:
/home/rajendra/drone_ws/src/mavros/mavros_msgs/include/mavros_msgs/mavlink_convert.h: In function ‘bool mavros_msgs::mavlink::convert(const mavlink_message_t&, mavros_msgs::Mavlink&, uint8_t)’:
/home/rajendra/drone_ws/src/mavros/mavros_msgs/include/mavros_msgs/mavlink_convert.h:108:62: warning: taking address of packed member of ‘mavlink::__mavlink_message’ may result in an unaligned pointer value [-Waddress-of-packed-member]
  108 |  rmsg.payload64 = mavros_msgs::Mavlink::_payload64_type(mmsg.payload64, mmsg.payload64 + payload64_len);
      |                                                         ~~~~~^~~~~~~~~
In file included from /home/rajendra/drone_ws/src/mavros/mavros/include/mavros/utils.h:22,
                 from /home/rajendra/drone_ws/src/mavros/mavros/include/mavros/mavros_uas.h:30,
                 from /home/rajendra/drone_ws/src/mavros/mavros/include/mavros/mavros_plugin.h:25,
                 from /home/rajendra/drone_ws/src/mavros/mavros_extras/src/plugins/gps_status.cpp:17:
/home/rajendra/drone_ws/src/mavros/mavros_msgs/include/mavros_msgs/mavlink_convert.h: In function ‘bool mavros_msgs::mavlink::convert(const Mavlink&, mavlink::mavlink_message_t&)’:
/home/rajendra/drone_ws/src/mavros/mavros_msgs/include/mavros_msgs/mavlink_convert.h:74:63: warning: taking address of packed member of ‘mavlink::__mavlink_message’ may result in an unaligned pointer value [-Waddress-of-packed-member]
   74 |  std::copy(rmsg.payload64.begin(), rmsg.payload64.end(), mmsg.payload64);
      |                                                          ~~~~~^~~~~~~~~
In file included from /home/rajendra/drone_ws/src/mavros/mavros/include/mavros/utils.h:22,
                 from /home/rajendra/drone_ws/src/mavros/mavros/include/mavros/mavros_uas.h:30,
                 from /home/rajendra/drone_ws/src/mavros/mavros/include/mavros/mavros_plugin.h:25,
                 from /home/rajendra/drone_ws/src/mavros/mavros_extras/src/plugins/gps_status.cpp:17:
/home/rajendra/drone_ws/src/mavros/mavros_msgs/include/mavros_msgs/mavlink_convert.h: In function ‘bool mavros_msgs::mavlink::convert(const mavlink_message_t&, mavros_msgs::Mavlink&, uint8_t)’:
/home/rajendra/drone_ws/src/mavros/mavros_msgs/include/mavros_msgs/mavlink_convert.h:108:62: warning: taking address of packed member of ‘mavlink::__mavlink_message’ may result in an unaligned pointer value [-Waddress-of-packed-member]
  108 |  rmsg.payload64 = mavros_msgs::Mavlink::_payload64_type(mmsg.payload64, mmsg.payload64 + payload64_len);
      |                                                         ~~~~~^~~~~~~~~
In file included from /home/rajendra/drone_ws/src/mavros/mavros/include/mavros/utils.h:22,
                 from /home/rajendra/drone_ws/src/mavros/mavros/include/mavros/mavros_uas.h:30,
                 from /home/rajendra/drone_ws/src/mavros/mavros/include/mavros/mavros_plugin.h:25,
                 from /home/rajendra/drone_ws/src/mavros/mavros_extras/src/plugins/mag_calibration_status.cpp:11:
/home/rajendra/drone_ws/src/mavros/mavros_msgs/include/mavros_msgs/mavlink_convert.h: In function ‘bool mavros_msgs::mavlink::convert(const Mavlink&, mavlink::mavlink_message_t&)’:
/home/rajendra/drone_ws/src/mavros/mavros_msgs/include/mavros_msgs/mavlink_convert.h:74:63: warning: taking address of packed member of ‘mavlink::__mavlink_message’ may result in an unaligned pointer value [-Waddress-of-packed-member]
   74 |  std::copy(rmsg.payload64.begin(), rmsg.payload64.end(), mmsg.payload64);
      |                                                          ~~~~~^~~~~~~~~
In file included from /home/rajendra/drone_ws/src/mavros/mavros/include/mavros/utils.h:22,
                 from /home/rajendra/drone_ws/src/mavros/mavros/include/mavros/mavros_uas.h:30,
                 from /home/rajendra/drone_ws/src/mavros/mavros/include/mavros/mavros_plugin.h:25,
                 from /home/rajendra/drone_ws/src/mavros/mavros_extras/src/plugins/mag_calibration_status.cpp:11:
/home/rajendra/drone_ws/src/mavros/mavros_msgs/include/mavros_msgs/mavlink_convert.h: In function ‘bool mavros_msgs::mavlink::convert(const mavlink_message_t&, mavros_msgs::Mavlink&, uint8_t)’:
/home/rajendra/drone_ws/src/mavros/mavros_msgs/include/mavros_msgs/mavlink_convert.h:108:62: warning: taking address of packed member of ‘mavlink::__mavlink_message’ may result in an unaligned pointer value [-Waddress-of-packed-member]
  108 |  rmsg.payload64 = mavros_msgs::Mavlink::_payload64_type(mmsg.payload64, mmsg.payload64 + payload64_len);
      |                                                         ~~~~~^~~~~~~~~
In file included from /home/rajendra/drone_ws/src/mavros/mavros/include/mavros/utils.h:22,
                 from /home/rajendra/drone_ws/src/mavros/mavros/include/mavros/mavros_uas.h:30,
                 from /home/rajendra/drone_ws/src/mavros/mavros/include/mavros/mavros_plugin.h:25,
                 from /home/rajendra/drone_ws/src/mavros/mavros_extras/src/plugins/log_transfer.cpp:1:
/home/rajendra/drone_ws/src/mavros/mavros_msgs/include/mavros_msgs/mavlink_convert.h: In function ‘bool mavros_msgs::mavlink::convert(const Mavlink&, mavlink::mavlink_message_t&)’:
/home/rajendra/drone_ws/src/mavros/mavros_msgs/include/mavros_msgs/mavlink_convert.h:74:63: warning: taking address of packed member of ‘mavlink::__mavlink_message’ may result in an unaligned pointer value [-Waddress-of-packed-member]
   74 |  std::copy(rmsg.payload64.begin(), rmsg.payload64.end(), mmsg.payload64);
      |                                                          ~~~~~^~~~~~~~~
In file included from /home/rajendra/drone_ws/src/mavros/mavros/include/mavros/utils.h:22,
                 from /home/rajendra/drone_ws/src/mavros/mavros/include/mavros/mavros_uas.h:30,
                 from /home/rajendra/drone_ws/src/mavros/mavros/include/mavros/mavros_plugin.h:25,
                 from /home/rajendra/drone_ws/src/mavros/mavros_extras/src/plugins/log_transfer.cpp:1:
/home/rajendra/drone_ws/src/mavros/mavros_msgs/include/mavros_msgs/mavlink_convert.h: In function ‘bool mavros_msgs::mavlink::convert(const mavlink_message_t&, mavros_msgs::Mavlink&, uint8_t)’:
/home/rajendra/drone_ws/src/mavros/mavros_msgs/include/mavros_msgs/mavlink_convert.h:108:62: warning: taking address of packed member of ‘mavlink::__mavlink_message’ may result in an unaligned pointer value [-Waddress-of-packed-member]
  108 |  rmsg.payload64 = mavros_msgs::Mavlink::_payload64_type(mmsg.payload64, mmsg.payload64 + payload64_len);
      |                                                         ~~~~~^~~~~~~~~
In file included from /home/rajendra/drone_ws/src/mavros/mavros/include/mavros/utils.h:22,
                 from /home/rajendra/drone_ws/src/mavros/mavros/include/mavros/mavros_uas.h:30,
                 from /home/rajendra/drone_ws/src/mavros/mavros/include/mavros/mavros_plugin.h:25,
                 from /home/rajendra/drone_ws/src/mavros/mavros_extras/src/plugins/mocap_pose_estimate.cpp:18:
/home/rajendra/drone_ws/src/mavros/mavros_msgs/include/mavros_msgs/mavlink_convert.h: In function ‘bool mavros_msgs::mavlink::convert(const Mavlink&, mavlink::mavlink_message_t&)’:
/home/rajendra/drone_ws/src/mavros/mavros_msgs/include/mavros_msgs/mavlink_convert.h:74:63: warning: taking address of packed member of ‘mavlink::__mavlink_message’ may result in an unaligned pointer value [-Waddress-of-packed-member]
   74 |  std::copy(rmsg.payload64.begin(), rmsg.payload64.end(), mmsg.payload64);
      |                                                          ~~~~~^~~~~~~~~
In file included from /home/rajendra/drone_ws/src/mavros/mavros/include/mavros/utils.h:22,
                 from /home/rajendra/drone_ws/src/mavros/mavros/include/mavros/mavros_uas.h:30,
                 from /home/rajendra/drone_ws/src/mavros/mavros/include/mavros/mavros_plugin.h:25,
                 from /home/rajendra/drone_ws/src/mavros/mavros_extras/src/plugins/mocap_pose_estimate.cpp:18:
/home/rajendra/drone_ws/src/mavros/mavros_msgs/include/mavros_msgs/mavlink_convert.h: In function ‘bool mavros_msgs::mavlink::convert(const mavlink_message_t&, mavros_msgs::Mavlink&, uint8_t)’:
/home/rajendra/drone_ws/src/mavros/mavros_msgs/include/mavros_msgs/mavlink_convert.h:108:62: warning: taking address of packed member of ‘mavlink::__mavlink_message’ may result in an unaligned pointer value [-Waddress-of-packed-member]
  108 |  rmsg.payload64 = mavros_msgs::Mavlink::_payload64_type(mmsg.payload64, mmsg.payload64 + payload64_len);
      |                                                         ~~~~~^~~~~~~~~
In file included from /home/rajendra/drone_ws/src/mavros/mavros/include/mavros/utils.h:22,
                 from /home/rajendra/drone_ws/src/mavros/mavros/include/mavros/mavros_uas.h:30,
                 from /home/rajendra/drone_ws/src/mavros/mavros/include/mavros/mavros_plugin.h:25,
                 from /home/rajendra/drone_ws/src/mavros/mavros_extras/src/plugins/play_tune.cpp:1:
/home/rajendra/drone_ws/src/mavros/mavros_msgs/include/mavros_msgs/mavlink_convert.h: In function ‘bool mavros_msgs::mavlink::convert(const Mavlink&, mavlink::mavlink_message_t&)’:
/home/rajendra/drone_ws/src/mavros/mavros_msgs/include/mavros_msgs/mavlink_convert.h:74:63: warning: taking address of packed member of ‘mavlink::__mavlink_message’ may result in an unaligned pointer value [-Waddress-of-packed-member]
   74 |  std::copy(rmsg.payload64.begin(), rmsg.payload64.end(), mmsg.payload64);
      |                                                          ~~~~~^~~~~~~~~
In file included from /home/rajendra/drone_ws/src/mavros/mavros/include/mavros/utils.h:22,
                 from /home/rajendra/drone_ws/src/mavros/mavros/include/mavros/mavros_uas.h:30,
                 from /home/rajendra/drone_ws/src/mavros/mavros/include/mavros/mavros_plugin.h:25,
                 from /home/rajendra/drone_ws/src/mavros/mavros_extras/src/plugins/play_tune.cpp:1:
/home/rajendra/drone_ws/src/mavros/mavros_msgs/include/mavros_msgs/mavlink_convert.h: In function ‘bool mavros_msgs::mavlink::convert(const mavlink_message_t&, mavros_msgs::Mavlink&, uint8_t)’:
/home/rajendra/drone_ws/src/mavros/mavros_msgs/include/mavros_msgs/mavlink_convert.h:108:62: warning: taking address of packed member of ‘mavlink::__mavlink_message’ may result in an unaligned pointer value [-Waddress-of-packed-member]
  108 |  rmsg.payload64 = mavros_msgs::Mavlink::_payload64_type(mmsg.payload64, mmsg.payload64 + payload64_len);
      |                                                         ~~~~~^~~~~~~~~
In file included from /home/rajendra/drone_ws/src/mavros/mavros/include/mavros/utils.h:22,
                 from /home/rajendra/drone_ws/src/mavros/mavros/include/mavros/mavros_uas.h:30,
                 from /home/rajendra/drone_ws/src/mavros/mavros/include/mavros/mavros_plugin.h:25,
                 from /home/rajendra/drone_ws/src/mavros/mavros_extras/src/plugins/obstacle_distance.cpp:17:
/home/rajendra/drone_ws/src/mavros/mavros_msgs/include/mavros_msgs/mavlink_convert.h: In function ‘bool mavros_msgs::mavlink::convert(const Mavlink&, mavlink::mavlink_message_t&)’:
/home/rajendra/drone_ws/src/mavros/mavros_msgs/include/mavros_msgs/mavlink_convert.h:74:63: warning: taking address of packed member of ‘mavlink::__mavlink_message’ may result in an unaligned pointer value [-Waddress-of-packed-member]
   74 |  std::copy(rmsg.payload64.begin(), rmsg.payload64.end(), mmsg.payload64);
      |                                                          ~~~~~^~~~~~~~~
In file included from /home/rajendra/drone_ws/src/mavros/mavros/include/mavros/utils.h:22,
                 from /home/rajendra/drone_ws/src/mavros/mavros/include/mavros/mavros_uas.h:30,
                 from /home/rajendra/drone_ws/src/mavros/mavros/include/mavros/mavros_plugin.h:25,
                 from /home/rajendra/drone_ws/src/mavros/mavros_extras/src/plugins/obstacle_distance.cpp:17:
/home/rajendra/drone_ws/src/mavros/mavros_msgs/include/mavros_msgs/mavlink_convert.h: In function ‘bool mavros_msgs::mavlink::convert(const mavlink_message_t&, mavros_msgs::Mavlink&, uint8_t)’:
/home/rajendra/drone_ws/src/mavros/mavros_msgs/include/mavros_msgs/mavlink_convert.h:108:62: warning: taking address of packed member of ‘mavlink::__mavlink_message’ may result in an unaligned pointer value [-Waddress-of-packed-member]
  108 |  rmsg.payload64 = mavros_msgs::Mavlink::_payload64_type(mmsg.payload64, mmsg.payload64 + payload64_len);
      |                                                         ~~~~~^~~~~~~~~
In file included from /home/rajendra/drone_ws/src/mavros/mavros/include/mavros/utils.h:22,
                 from /home/rajendra/drone_ws/src/mavros/mavros/include/mavros/mavros_uas.h:30,
                 from /home/rajendra/drone_ws/src/mavros/mavros/include/mavros/mavros_plugin.h:25,
                 from /home/rajendra/drone_ws/src/mavros/mavros_extras/src/plugins/rangefinder.cpp:17:
/home/rajendra/drone_ws/src/mavros/mavros_msgs/include/mavros_msgs/mavlink_convert.h: In function ‘bool mavros_msgs::mavlink::convert(const Mavlink&, mavlink::mavlink_message_t&)’:
/home/rajendra/drone_ws/src/mavros/mavros_msgs/include/mavros_msgs/mavlink_convert.h:74:63: warning: taking address of packed member of ‘mavlink::__mavlink_message’ may result in an unaligned pointer value [-Waddress-of-packed-member]
   74 |  std::copy(rmsg.payload64.begin(), rmsg.payload64.end(), mmsg.payload64);
      |                                                          ~~~~~^~~~~~~~~
In file included from /home/rajendra/drone_ws/src/mavros/mavros/include/mavros/utils.h:22,
                 from /home/rajendra/drone_ws/src/mavros/mavros/include/mavros/mavros_uas.h:30,
                 from /home/rajendra/drone_ws/src/mavros/mavros/include/mavros/mavros_plugin.h:25,
                 from /home/rajendra/drone_ws/src/mavros/mavros_extras/src/plugins/rangefinder.cpp:17:
/home/rajendra/drone_ws/src/mavros/mavros_msgs/include/mavros_msgs/mavlink_convert.h: In function ‘bool mavros_msgs::mavlink::convert(const mavlink_message_t&, mavros_msgs::Mavlink&, uint8_t)’:
/home/rajendra/drone_ws/src/mavros/mavros_msgs/include/mavros_msgs/mavlink_convert.h:108:62: warning: taking address of packed member of ‘mavlink::__mavlink_message’ may result in an unaligned pointer value [-Waddress-of-packed-member]
  108 |  rmsg.payload64 = mavros_msgs::Mavlink::_payload64_type(mmsg.payload64, mmsg.payload64 + payload64_len);
      |                                                         ~~~~~^~~~~~~~~
In file included from /home/rajendra/drone_ws/src/mavros/mavros/include/mavros/utils.h:22,
                 from /home/rajendra/drone_ws/src/mavros/mavros/include/mavros/mavros_uas.h:30,
                 from /home/rajendra/drone_ws/src/mavros/mavros/include/mavros/mavros_plugin.h:25,
                 from /home/rajendra/drone_ws/src/mavros/mavros_extras/src/plugins/px4flow.cpp:19:
/home/rajendra/drone_ws/src/mavros/mavros_msgs/include/mavros_msgs/mavlink_convert.h: In function ‘bool mavros_msgs::mavlink::convert(const Mavlink&, mavlink::mavlink_message_t&)’:
/home/rajendra/drone_ws/src/mavros/mavros_msgs/include/mavros_msgs/mavlink_convert.h:74:63: warning: taking address of packed member of ‘mavlink::__mavlink_message’ may result in an unaligned pointer value [-Waddress-of-packed-member]
   74 |  std::copy(rmsg.payload64.begin(), rmsg.payload64.end(), mmsg.payload64);
      |                                                          ~~~~~^~~~~~~~~
In file included from /home/rajendra/drone_ws/src/mavros/mavros/include/mavros/utils.h:22,
                 from /home/rajendra/drone_ws/src/mavros/mavros/include/mavros/mavros_uas.h:30,
                 from /home/rajendra/drone_ws/src/mavros/mavros/include/mavros/mavros_plugin.h:25,
                 from /home/rajendra/drone_ws/src/mavros/mavros_extras/src/plugins/px4flow.cpp:19:
/home/rajendra/drone_ws/src/mavros/mavros_msgs/include/mavros_msgs/mavlink_convert.h: In function ‘bool mavros_msgs::mavlink::convert(const mavlink_message_t&, mavros_msgs::Mavlink&, uint8_t)’:
/home/rajendra/drone_ws/src/mavros/mavros_msgs/include/mavros_msgs/mavlink_convert.h:108:62: warning: taking address of packed member of ‘mavlink::__mavlink_message’ may result in an unaligned pointer value [-Waddress-of-packed-member]
  108 |  rmsg.payload64 = mavros_msgs::Mavlink::_payload64_type(mmsg.payload64, mmsg.payload64 + payload64_len);
      |                                                         ~~~~~^~~~~~~~~
In file included from /home/rajendra/drone_ws/src/mavros/mavros/include/mavros/utils.h:22,
                 from /home/rajendra/drone_ws/src/mavros/mavros/include/mavros/mavros_uas.h:30,
                 from /home/rajendra/drone_ws/src/mavros/mavros/include/mavros/mavros_plugin.h:25,
                 from /home/rajendra/drone_ws/src/mavros/mavros_extras/src/plugins/mount_control.cpp:17:
/home/rajendra/drone_ws/src/mavros/mavros_msgs/include/mavros_msgs/mavlink_convert.h: In function ‘bool mavros_msgs::mavlink::convert(const Mavlink&, mavlink::mavlink_message_t&)’:
/home/rajendra/drone_ws/src/mavros/mavros_msgs/include/mavros_msgs/mavlink_convert.h:74:63: warning: taking address of packed member of ‘mavlink::__mavlink_message’ may result in an unaligned pointer value [-Waddress-of-packed-member]
   74 |  std::copy(rmsg.payload64.begin(), rmsg.payload64.end(), mmsg.payload64);
      |                                                          ~~~~~^~~~~~~~~
In file included from /home/rajendra/drone_ws/src/mavros/mavros/include/mavros/utils.h:22,
                 from /home/rajendra/drone_ws/src/mavros/mavros/include/mavros/mavros_uas.h:30,
                 from /home/rajendra/drone_ws/src/mavros/mavros/include/mavros/mavros_plugin.h:25,
                 from /home/rajendra/drone_ws/src/mavros/mavros_extras/src/plugins/mount_control.cpp:17:
/home/rajendra/drone_ws/src/mavros/mavros_msgs/include/mavros_msgs/mavlink_convert.h: In function ‘bool mavros_msgs::mavlink::convert(const mavlink_message_t&, mavros_msgs::Mavlink&, uint8_t)’:
/home/rajendra/drone_ws/src/mavros/mavros_msgs/include/mavros_msgs/mavlink_convert.h:108:62: warning: taking address of packed member of ‘mavlink::__mavlink_message’ may result in an unaligned pointer value [-Waddress-of-packed-member]
  108 |  rmsg.payload64 = mavros_msgs::Mavlink::_payload64_type(mmsg.payload64, mmsg.payload64 + payload64_len);
      |                                                         ~~~~~^~~~~~~~~
In file included from /home/rajendra/drone_ws/src/mavros/mavros/include/mavros/utils.h:22,
                 from /home/rajendra/drone_ws/src/mavros/mavros_extras/src/plugins/landing_target.cpp:17:
/home/rajendra/drone_ws/src/mavros/mavros_msgs/include/mavros_msgs/mavlink_convert.h: In function ‘bool mavros_msgs::mavlink::convert(const Mavlink&, mavlink::mavlink_message_t&)’:
/home/rajendra/drone_ws/src/mavros/mavros_msgs/include/mavros_msgs/mavlink_convert.h:74:63: warning: taking address of packed member of ‘mavlink::__mavlink_message’ may result in an unaligned pointer value [-Waddress-of-packed-member]
   74 |  std::copy(rmsg.payload64.begin(), rmsg.payload64.end(), mmsg.payload64);
      |                                                          ~~~~~^~~~~~~~~
In file included from /home/rajendra/drone_ws/src/mavros/mavros/include/mavros/utils.h:22,
                 from /home/rajendra/drone_ws/src/mavros/mavros_extras/src/plugins/landing_target.cpp:17:
/home/rajendra/drone_ws/src/mavros/mavros_msgs/include/mavros_msgs/mavlink_convert.h: In function ‘bool mavros_msgs::mavlink::convert(const mavlink_message_t&, mavros_msgs::Mavlink&, uint8_t)’:
/home/rajendra/drone_ws/src/mavros/mavros_msgs/include/mavros_msgs/mavlink_convert.h:108:62: warning: taking address of packed member of ‘mavlink::__mavlink_message’ may result in an unaligned pointer value [-Waddress-of-packed-member]
  108 |  rmsg.payload64 = mavros_msgs::Mavlink::_payload64_type(mmsg.payload64, mmsg.payload64 + payload64_len);
      |                                                         ~~~~~^~~~~~~~~
In file included from /home/rajendra/drone_ws/src/mavros/mavros/include/mavros/utils.h:22,
                 from /home/rajendra/drone_ws/src/mavros/mavros/include/mavros/mavros_uas.h:30,
                 from /home/rajendra/drone_ws/src/mavros/mavros/include/mavros/mavros_plugin.h:25,
                 from /home/rajendra/drone_ws/src/mavros/mavros_extras/src/plugins/odom.cpp:19:
/home/rajendra/drone_ws/src/mavros/mavros_msgs/include/mavros_msgs/mavlink_convert.h: In function ‘bool mavros_msgs::mavlink::convert(const Mavlink&, mavlink::mavlink_message_t&)’:
/home/rajendra/drone_ws/src/mavros/mavros_msgs/include/mavros_msgs/mavlink_convert.h:74:63: warning: taking address of packed member of ‘mavlink::__mavlink_message’ may result in an unaligned pointer value [-Waddress-of-packed-member]
   74 |  std::copy(rmsg.payload64.begin(), rmsg.payload64.end(), mmsg.payload64);
      |                                                          ~~~~~^~~~~~~~~
In file included from /home/rajendra/drone_ws/src/mavros/mavros/include/mavros/utils.h:22,
                 from /home/rajendra/drone_ws/src/mavros/mavros/include/mavros/mavros_uas.h:30,
                 from /home/rajendra/drone_ws/src/mavros/mavros/include/mavros/mavros_plugin.h:25,
                 from /home/rajendra/drone_ws/src/mavros/mavros_extras/src/plugins/odom.cpp:19:
/home/rajendra/drone_ws/src/mavros/mavros_msgs/include/mavros_msgs/mavlink_convert.h: In function ‘bool mavros_msgs::mavlink::convert(const mavlink_message_t&, mavros_msgs::Mavlink&, uint8_t)’:
/home/rajendra/drone_ws/src/mavros/mavros_msgs/include/mavros_msgs/mavlink_convert.h:108:62: warning: taking address of packed member of ‘mavlink::__mavlink_message’ may result in an unaligned pointer value [-Waddress-of-packed-member]
  108 |  rmsg.payload64 = mavros_msgs::Mavlink::_payload64_type(mmsg.payload64, mmsg.payload64 + payload64_len);
      |                                                         ~~~~~^~~~~~~~~
In file included from /home/rajendra/drone_ws/src/mavros/mavros/include/mavros/utils.h:22,
                 from /home/rajendra/drone_ws/src/mavros/mavros/include/mavros/mavros_uas.h:30,
                 from /home/rajendra/drone_ws/src/mavros/mavros/include/mavros/mavros_plugin.h:25,
                 from /home/rajendra/drone_ws/src/mavros/mavros_extras/src/plugins/trajectory.cpp:17:
/home/rajendra/drone_ws/src/mavros/mavros_msgs/include/mavros_msgs/mavlink_convert.h: In function ‘bool mavros_msgs::mavlink::convert(const Mavlink&, mavlink::mavlink_message_t&)’:
/home/rajendra/drone_ws/src/mavros/mavros_msgs/include/mavros_msgs/mavlink_convert.h:74:63: warning: taking address of packed member of ‘mavlink::__mavlink_message’ may result in an unaligned pointer value [-Waddress-of-packed-member]
   74 |  std::copy(rmsg.payload64.begin(), rmsg.payload64.end(), mmsg.payload64);
      |                                                          ~~~~~^~~~~~~~~
In file included from /home/rajendra/drone_ws/src/mavros/mavros/include/mavros/utils.h:22,
                 from /home/rajendra/drone_ws/src/mavros/mavros/include/mavros/mavros_uas.h:30,
                 from /home/rajendra/drone_ws/src/mavros/mavros/include/mavros/mavros_plugin.h:25,
                 from /home/rajendra/drone_ws/src/mavros/mavros_extras/src/plugins/trajectory.cpp:17:
/home/rajendra/drone_ws/src/mavros/mavros_msgs/include/mavros_msgs/mavlink_convert.h: In function ‘bool mavros_msgs::mavlink::convert(const mavlink_message_t&, mavros_msgs::Mavlink&, uint8_t)’:
/home/rajendra/drone_ws/src/mavros/mavros_msgs/include/mavros_msgs/mavlink_convert.h:108:62: warning: taking address of packed member of ‘mavlink::__mavlink_message’ may result in an unaligned pointer value [-Waddress-of-packed-member]
  108 |  rmsg.payload64 = mavros_msgs::Mavlink::_payload64_type(mmsg.payload64, mmsg.payload64 + payload64_len);
      |                                                         ~~~~~^~~~~~~~~
In file included from /home/rajendra/drone_ws/src/mavros/mavros/include/mavros/utils.h:22,
                 from /home/rajendra/drone_ws/src/mavros/mavros/include/mavros/mavros_uas.h:30,
                 from /home/rajendra/drone_ws/src/mavros/mavros/include/mavros/mavros_plugin.h:25,
                 from /home/rajendra/drone_ws/src/mavros/mavros_extras/src/plugins/tunnel.cpp:2:
/home/rajendra/drone_ws/src/mavros/mavros_msgs/include/mavros_msgs/mavlink_convert.h: In function ‘bool mavros_msgs::mavlink::convert(const Mavlink&, mavlink::mavlink_message_t&)’:
/home/rajendra/drone_ws/src/mavros/mavros_msgs/include/mavros_msgs/mavlink_convert.h:74:63: warning: taking address of packed member of ‘mavlink::__mavlink_message’ may result in an unaligned pointer value [-Waddress-of-packed-member]
   74 |  std::copy(rmsg.payload64.begin(), rmsg.payload64.end(), mmsg.payload64);
      |                                                          ~~~~~^~~~~~~~~
In file included from /home/rajendra/drone_ws/src/mavros/mavros/include/mavros/utils.h:22,
                 from /home/rajendra/drone_ws/src/mavros/mavros/include/mavros/mavros_uas.h:30,
                 from /home/rajendra/drone_ws/src/mavros/mavros/include/mavros/mavros_plugin.h:25,
                 from /home/rajendra/drone_ws/src/mavros/mavros_extras/src/plugins/tunnel.cpp:2:
/home/rajendra/drone_ws/src/mavros/mavros_msgs/include/mavros_msgs/mavlink_convert.h: In function ‘bool mavros_msgs::mavlink::convert(const mavlink_message_t&, mavros_msgs::Mavlink&, uint8_t)’:
/home/rajendra/drone_ws/src/mavros/mavros_msgs/include/mavros_msgs/mavlink_convert.h:108:62: warning: taking address of packed member of ‘mavlink::__mavlink_message’ may result in an unaligned pointer value [-Waddress-of-packed-member]
  108 |  rmsg.payload64 = mavros_msgs::Mavlink::_payload64_type(mmsg.payload64, mmsg.payload64 + payload64_len);
      |                                                         ~~~~~^~~~~~~~~
In file included from /home/rajendra/drone_ws/src/mavros/mavros/include/mavros/utils.h:22,
                 from /home/rajendra/drone_ws/src/mavros/mavros/include/mavros/mavros_uas.h:30,
                 from /home/rajendra/drone_ws/src/mavros/mavros/include/mavros/mavros_plugin.h:25,
                 from /home/rajendra/drone_ws/src/mavros/mavros_extras/src/plugins/vibration.cpp:17:
/home/rajendra/drone_ws/src/mavros/mavros_msgs/include/mavros_msgs/mavlink_convert.h: In function ‘bool mavros_msgs::mavlink::convert(const Mavlink&, mavlink::mavlink_message_t&)’:
/home/rajendra/drone_ws/src/mavros/mavros_msgs/include/mavros_msgs/mavlink_convert.h:74:63: warning: taking address of packed member of ‘mavlink::__mavlink_message’ may result in an unaligned pointer value [-Waddress-of-packed-member]
   74 |  std::copy(rmsg.payload64.begin(), rmsg.payload64.end(), mmsg.payload64);
      |                                                          ~~~~~^~~~~~~~~
In file included from /home/rajendra/drone_ws/src/mavros/mavros/include/mavros/utils.h:22,
                 from /home/rajendra/drone_ws/src/mavros/mavros/include/mavros/mavros_uas.h:30,
                 from /home/rajendra/drone_ws/src/mavros/mavros/include/mavros/mavros_plugin.h:25,
                 from /home/rajendra/drone_ws/src/mavros/mavros_extras/src/plugins/vibration.cpp:17:
/home/rajendra/drone_ws/src/mavros/mavros_msgs/include/mavros_msgs/mavlink_convert.h: In function ‘bool mavros_msgs::mavlink::convert(const mavlink_message_t&, mavros_msgs::Mavlink&, uint8_t)’:
/home/rajendra/drone_ws/src/mavros/mavros_msgs/include/mavros_msgs/mavlink_convert.h:108:62: warning: taking address of packed member of ‘mavlink::__mavlink_message’ may result in an unaligned pointer value [-Waddress-of-packed-member]
  108 |  rmsg.payload64 = mavros_msgs::Mavlink::_payload64_type(mmsg.payload64, mmsg.payload64 + payload64_len);
      |                                                         ~~~~~^~~~~~~~~
In file included from /home/rajendra/drone_ws/src/mavros/mavros/include/mavros/utils.h:22,
                 from /home/rajendra/drone_ws/src/mavros/mavros/include/mavros/mavros_uas.h:30,
                 from /home/rajendra/drone_ws/src/mavros/mavros/include/mavros/mavros_plugin.h:25,
                 from /home/rajendra/drone_ws/src/mavros/mavros_extras/src/plugins/vision_pose_estimate.cpp:18:
/home/rajendra/drone_ws/src/mavros/mavros_msgs/include/mavros_msgs/mavlink_convert.h: In function ‘bool mavros_msgs::mavlink::convert(const Mavlink&, mavlink::mavlink_message_t&)’:
/home/rajendra/drone_ws/src/mavros/mavros_msgs/include/mavros_msgs/mavlink_convert.h:74:63: warning: taking address of packed member of ‘mavlink::__mavlink_message’ may result in an unaligned pointer value [-Waddress-of-packed-member]
   74 |  std::copy(rmsg.payload64.begin(), rmsg.payload64.end(), mmsg.payload64);
      |                                                          ~~~~~^~~~~~~~~
In file included from /home/rajendra/drone_ws/src/mavros/mavros/include/mavros/utils.h:22,
                 from /home/rajendra/drone_ws/src/mavros/mavros/include/mavros/mavros_uas.h:30,
                 from /home/rajendra/drone_ws/src/mavros/mavros/include/mavros/mavros_plugin.h:25,
                 from /home/rajendra/drone_ws/src/mavros/mavros_extras/src/plugins/vision_pose_estimate.cpp:18:
/home/rajendra/drone_ws/src/mavros/mavros_msgs/include/mavros_msgs/mavlink_convert.h: In function ‘bool mavros_msgs::mavlink::convert(const mavlink_message_t&, mavros_msgs::Mavlink&, uint8_t)’:
/home/rajendra/drone_ws/src/mavros/mavros_msgs/include/mavros_msgs/mavlink_convert.h:108:62: warning: taking address of packed member of ‘mavlink::__mavlink_message’ may result in an unaligned pointer value [-Waddress-of-packed-member]
  108 |  rmsg.payload64 = mavros_msgs::Mavlink::_payload64_type(mmsg.payload64, mmsg.payload64 + payload64_len);
      |                                                         ~~~~~^~~~~~~~~
In file included from /home/rajendra/drone_ws/src/mavros/mavros/include/mavros/utils.h:22,
                 from /home/rajendra/drone_ws/src/mavros/mavros/include/mavros/mavros_uas.h:30,
                 from /home/rajendra/drone_ws/src/mavros/mavros/include/mavros/mavros_plugin.h:25,
                 from /home/rajendra/drone_ws/src/mavros/mavros_extras/src/plugins/vision_speed_estimate.cpp:18:
/home/rajendra/drone_ws/src/mavros/mavros_msgs/include/mavros_msgs/mavlink_convert.h: In function ‘bool mavros_msgs::mavlink::convert(const Mavlink&, mavlink::mavlink_message_t&)’:
/home/rajendra/drone_ws/src/mavros/mavros_msgs/include/mavros_msgs/mavlink_convert.h:74:63: warning: taking address of packed member of ‘mavlink::__mavlink_message’ may result in an unaligned pointer value [-Waddress-of-packed-member]
   74 |  std::copy(rmsg.payload64.begin(), rmsg.payload64.end(), mmsg.payload64);
      |                                                          ~~~~~^~~~~~~~~
In file included from /home/rajendra/drone_ws/src/mavros/mavros/include/mavros/utils.h:22,
                 from /home/rajendra/drone_ws/src/mavros/mavros/include/mavros/mavros_uas.h:30,
                 from /home/rajendra/drone_ws/src/mavros/mavros/include/mavros/mavros_plugin.h:25,
                 from /home/rajendra/drone_ws/src/mavros/mavros_extras/src/plugins/vision_speed_estimate.cpp:18:
/home/rajendra/drone_ws/src/mavros/mavros_msgs/include/mavros_msgs/mavlink_convert.h: In function ‘bool mavros_msgs::mavlink::convert(const mavlink_message_t&, mavros_msgs::Mavlink&, uint8_t)’:
/home/rajendra/drone_ws/src/mavros/mavros_msgs/include/mavros_msgs/mavlink_convert.h:108:62: warning: taking address of packed member of ‘mavlink::__mavlink_message’ may result in an unaligned pointer value [-Waddress-of-packed-member]
  108 |  rmsg.payload64 = mavros_msgs::Mavlink::_payload64_type(mmsg.payload64, mmsg.payload64 + payload64_len);
      |                                                         ~~~~~^~~~~~~~~
In file included from /home/rajendra/drone_ws/src/mavros/mavros/include/mavros/utils.h:22,
                 from /home/rajendra/drone_ws/src/mavros/mavros/include/mavros/mavros_uas.h:30,
                 from /home/rajendra/drone_ws/src/mavros/mavros/include/mavros/mavros_plugin.h:25,
                 from /home/rajendra/drone_ws/src/mavros/mavros_extras/src/plugins/wheel_odometry.cpp:17:
/home/rajendra/drone_ws/src/mavros/mavros_msgs/include/mavros_msgs/mavlink_convert.h: In function ‘bool mavros_msgs::mavlink::convert(const Mavlink&, mavlink::mavlink_message_t&)’:
/home/rajendra/drone_ws/src/mavros/mavros_msgs/include/mavros_msgs/mavlink_convert.h:74:63: warning: taking address of packed member of ‘mavlink::__mavlink_message’ may result in an unaligned pointer value [-Waddress-of-packed-member]
   74 |  std::copy(rmsg.payload64.begin(), rmsg.payload64.end(), mmsg.payload64);
      |                                                          ~~~~~^~~~~~~~~
In file included from /home/rajendra/drone_ws/src/mavros/mavros/include/mavros/utils.h:22,
                 from /home/rajendra/drone_ws/src/mavros/mavros/include/mavros/mavros_uas.h:30,
                 from /home/rajendra/drone_ws/src/mavros/mavros/include/mavros/mavros_plugin.h:25,
                 from /home/rajendra/drone_ws/src/mavros/mavros_extras/src/plugins/wheel_odometry.cpp:17:
/home/rajendra/drone_ws/src/mavros/mavros_msgs/include/mavros_msgs/mavlink_convert.h: In function ‘bool mavros_msgs::mavlink::convert(const mavlink_message_t&, mavros_msgs::Mavlink&, uint8_t)’:
/home/rajendra/drone_ws/src/mavros/mavros_msgs/include/mavros_msgs/mavlink_convert.h:108:62: warning: taking address of packed member of ‘mavlink::__mavlink_message’ may result in an unaligned pointer value [-Waddress-of-packed-member]
  108 |  rmsg.payload64 = mavros_msgs::Mavlink::_payload64_type(mmsg.payload64, mmsg.payload64 + payload64_len);
      |                                                         ~~~~~^~~~~~~~~
