Linked: (/home/rajendra/drone_ws/devel/.private/hemd/share/hemd/cmake/hemd-msg-extras.cmake, /home/rajendra/drone_ws/devel/share/hemd/cmake/hemd-msg-extras.cmake)
Linked: (/home/rajendra/drone_ws/devel/.private/hemd/share/hemd/cmake/hemdConfig-version.cmake, /home/rajendra/drone_ws/devel/share/hemd/cmake/hemdConfig-version.cmake)
Linked: (/home/rajendra/drone_ws/devel/.private/hemd/share/hemd/cmake/hemd-msg-paths.cmake, /home/rajendra/drone_ws/devel/share/hemd/cmake/hemd-msg-paths.cmake)
Linked: (/home/rajendra/drone_ws/devel/.private/hemd/share/hemd/cmake/hemdConfig.cmake, /home/rajendra/drone_ws/devel/share/hemd/cmake/hemdConfig.cmake)
Linked: (/home/rajendra/drone_ws/devel/.private/hemd/share/roseus/ros/hemd/manifest.l, /home/rajendra/drone_ws/devel/share/roseus/ros/hemd/manifest.l)
Linked: (/home/rajendra/drone_ws/devel/.private/hemd/share/roseus/ros/hemd/msg/quadstate.l, /home/rajendra/drone_ws/devel/share/roseus/ros/hemd/msg/quadstate.l)
Linked: (/home/rajendra/drone_ws/devel/.private/hemd/share/roseus/ros/hemd/msg/line.l, /home/rajendra/drone_ws/devel/share/roseus/ros/hemd/msg/line.l)
Linked: (/home/rajendra/drone_ws/devel/.private/hemd/share/roseus/ros/hemd/msg/markerInfo.l, /home/rajendra/drone_ws/devel/share/roseus/ros/hemd/msg/markerInfo.l)
Linked: (/home/rajendra/drone_ws/devel/.private/hemd/share/gennodejs/ros/hemd/_index.js, /home/rajendra/drone_ws/devel/share/gennodejs/ros/hemd/_index.js)
Linked: (/home/rajendra/drone_ws/devel/.private/hemd/share/gennodejs/ros/hemd/msg/markerInfo.js, /home/rajendra/drone_ws/devel/share/gennodejs/ros/hemd/msg/markerInfo.js)
Linked: (/home/rajendra/drone_ws/devel/.private/hemd/share/gennodejs/ros/hemd/msg/_index.js, /home/rajendra/drone_ws/devel/share/gennodejs/ros/hemd/msg/_index.js)
Linked: (/home/rajendra/drone_ws/devel/.private/hemd/share/gennodejs/ros/hemd/msg/line.js, /home/rajendra/drone_ws/devel/share/gennodejs/ros/hemd/msg/line.js)
Linked: (/home/rajendra/drone_ws/devel/.private/hemd/share/gennodejs/ros/hemd/msg/quadstate.js, /home/rajendra/drone_ws/devel/share/gennodejs/ros/hemd/msg/quadstate.js)
Linked: (/home/rajendra/drone_ws/devel/.private/hemd/share/common-lisp/ros/hemd/msg/_package_quadstate.lisp, /home/rajendra/drone_ws/devel/share/common-lisp/ros/hemd/msg/_package_quadstate.lisp)
Linked: (/home/rajendra/drone_ws/devel/.private/hemd/share/common-lisp/ros/hemd/msg/quadstate.lisp, /home/rajendra/drone_ws/devel/share/common-lisp/ros/hemd/msg/quadstate.lisp)
Linked: (/home/rajendra/drone_ws/devel/.private/hemd/share/common-lisp/ros/hemd/msg/_package_markerInfo.lisp, /home/rajendra/drone_ws/devel/share/common-lisp/ros/hemd/msg/_package_markerInfo.lisp)
Linked: (/home/rajendra/drone_ws/devel/.private/hemd/share/common-lisp/ros/hemd/msg/_package.lisp, /home/rajendra/drone_ws/devel/share/common-lisp/ros/hemd/msg/_package.lisp)
Linked: (/home/rajendra/drone_ws/devel/.private/hemd/share/common-lisp/ros/hemd/msg/markerInfo.lisp, /home/rajendra/drone_ws/devel/share/common-lisp/ros/hemd/msg/markerInfo.lisp)
Linked: (/home/rajendra/drone_ws/devel/.private/hemd/share/common-lisp/ros/hemd/msg/_package_line.lisp, /home/rajendra/drone_ws/devel/share/common-lisp/ros/hemd/msg/_package_line.lisp)
Linked: (/home/rajendra/drone_ws/devel/.private/hemd/share/common-lisp/ros/hemd/msg/line.lisp, /home/rajendra/drone_ws/devel/share/common-lisp/ros/hemd/msg/line.lisp)
Linked: (/home/rajendra/drone_ws/devel/.private/hemd/share/common-lisp/ros/hemd/msg/hemd-msg.asd, /home/rajendra/drone_ws/devel/share/common-lisp/ros/hemd/msg/hemd-msg.asd)
Linked: (/home/rajendra/drone_ws/devel/.private/hemd/include/hemd/line.h, /home/rajendra/drone_ws/devel/include/hemd/line.h)
Linked: (/home/rajendra/drone_ws/devel/.private/hemd/include/hemd/markerInfo.h, /home/rajendra/drone_ws/devel/include/hemd/markerInfo.h)
Linked: (/home/rajendra/drone_ws/devel/.private/hemd/include/hemd/quadstate.h, /home/rajendra/drone_ws/devel/include/hemd/quadstate.h)
Linked: (/home/rajendra/drone_ws/devel/.private/hemd/lib/hemd/main, /home/rajendra/drone_ws/devel/lib/hemd/main)
Linked: (/home/rajendra/drone_ws/devel/.private/hemd/lib/hemd/qr, /home/rajendra/drone_ws/devel/lib/hemd/qr)
Linked: (/home/rajendra/drone_ws/devel/.private/hemd/lib/python3/dist-packages/hemd/__init__.py, /home/rajendra/drone_ws/devel/lib/python3/dist-packages/hemd/__init__.py)
Linked: (/home/rajendra/drone_ws/devel/.private/hemd/lib/python3/dist-packages/hemd/msg/_quadstate.py, /home/rajendra/drone_ws/devel/lib/python3/dist-packages/hemd/msg/_quadstate.py)
Linked: (/home/rajendra/drone_ws/devel/.private/hemd/lib/python3/dist-packages/hemd/msg/__init__.py, /home/rajendra/drone_ws/devel/lib/python3/dist-packages/hemd/msg/__init__.py)
Linked: (/home/rajendra/drone_ws/devel/.private/hemd/lib/python3/dist-packages/hemd/msg/_line.py, /home/rajendra/drone_ws/devel/lib/python3/dist-packages/hemd/msg/_line.py)
Linked: (/home/rajendra/drone_ws/devel/.private/hemd/lib/python3/dist-packages/hemd/msg/_markerInfo.py, /home/rajendra/drone_ws/devel/lib/python3/dist-packages/hemd/msg/_markerInfo.py)
Linked: (/home/rajendra/drone_ws/devel/.private/hemd/lib/pkgconfig/hemd.pc, /home/rajendra/drone_ws/devel/lib/pkgconfig/hemd.pc)
