[  0%] Built target rosgraph_msgs_generate_messages_nodejs
[  0%] Built target px_comm_generate_messages_py
[  0%] Built target px_comm_generate_messages_nodejs
[  0%] Built target px_comm_generate_messages_lisp
[  0%] Built target px_comm_generate_messages_eus
[  0%] Built target px_comm_generate_messages_cpp
[  0%] Built target std_msgs_generate_messages_lisp
[  0%] Built target std_msgs_generate_messages_eus
[  0%] Built target geometry_msgs_generate_messages_lisp
[  0%] Built target roscpp_generate_messages_nodejs
[  0%] Built target rosgraph_msgs_generate_messages_cpp
[  0%] Built target std_msgs_generate_messages_cpp
[  0%] Built target geometry_msgs_generate_messages_nodejs
[  0%] Built target geometry_msgs_generate_messages_cpp
[  0%] Built target rosgraph_msgs_generate_messages_py
[  0%] Built target roscpp_generate_messages_lisp
[  0%] Built target sensor_msgs_generate_messages_py
[  0%] Built target geometry_msgs_generate_messages_py
[  0%] Built target sensor_msgs_generate_messages_lisp
[  0%] Built target sensor_msgs_generate_messages_nodejs
[  0%] Built target geometry_msgs_generate_messages_eus
[  0%] Built target std_msgs_generate_messages_nodejs
[  0%] Built target std_msgs_generate_messages_py
[  0%] Built target sensor_msgs_generate_messages_cpp
[  0%] Built target roscpp_generate_messages_eus
[  0%] Built target roscpp_generate_messages_py
[  0%] Built target roscpp_generate_messages_cpp
[  0%] Built target sensor_msgs_generate_messages_eus
[  0%] Built target rosgraph_msgs_generate_messages_eus
[  0%] Built target rosgraph_msgs_generate_messages_lisp
[  0%] Built target _hemd_generate_messages_check_deps_quadstate
[  0%] Built target _hemd_generate_messages_check_deps_line
[  0%] Built target _hemd_generate_messages_check_deps_markerInfo
[ 16%] Built target main
[ 33%] Built target hemd_generate_messages_py
[ 45%] Built target hemd_generate_messages_nodejs
[ 62%] Built target hemd_generate_messages_eus
[ 75%] Built target hemd_generate_messages_cpp
[ 87%] Built target hemd_generate_messages_lisp
[100%] Built target qr
[100%] Built target hemd_generate_messages
