Symlinking /home/rajendra/drone_ws/devel/share/hemd/cmake/hemd-msg-extras.cmake
Symlinking /home/rajendra/drone_ws/devel/share/hemd/cmake/hemdConfig-version.cmake
Symlinking /home/rajendra/drone_ws/devel/share/hemd/cmake/hemd-msg-paths.cmake
Symlinking /home/rajendra/drone_ws/devel/share/hemd/cmake/hemdConfig.cmake
Symlinking /home/rajendra/drone_ws/devel/share/roseus/ros/hemd/manifest.l
Symlinking /home/rajendra/drone_ws/devel/share/roseus/ros/hemd/msg/quadstate.l
Symlinking /home/rajendra/drone_ws/devel/share/roseus/ros/hemd/msg/line.l
Symlinking /home/rajendra/drone_ws/devel/share/roseus/ros/hemd/msg/markerInfo.l
Symlinking /home/rajendra/drone_ws/devel/share/gennodejs/ros/hemd/_index.js
Symlinking /home/rajendra/drone_ws/devel/share/gennodejs/ros/hemd/msg/markerInfo.js
Symlinking /home/rajendra/drone_ws/devel/share/gennodejs/ros/hemd/msg/_index.js
Symlinking /home/rajendra/drone_ws/devel/share/gennodejs/ros/hemd/msg/line.js
Symlinking /home/rajendra/drone_ws/devel/share/gennodejs/ros/hemd/msg/quadstate.js
Symlinking /home/rajendra/drone_ws/devel/share/common-lisp/ros/hemd/msg/_package_quadstate.lisp
Symlinking /home/rajendra/drone_ws/devel/share/common-lisp/ros/hemd/msg/quadstate.lisp
Symlinking /home/rajendra/drone_ws/devel/share/common-lisp/ros/hemd/msg/_package_markerInfo.lisp
Symlinking /home/rajendra/drone_ws/devel/share/common-lisp/ros/hemd/msg/_package.lisp
Symlinking /home/rajendra/drone_ws/devel/share/common-lisp/ros/hemd/msg/markerInfo.lisp
Symlinking /home/rajendra/drone_ws/devel/share/common-lisp/ros/hemd/msg/_package_line.lisp
Symlinking /home/rajendra/drone_ws/devel/share/common-lisp/ros/hemd/msg/line.lisp
Symlinking /home/rajendra/drone_ws/devel/share/common-lisp/ros/hemd/msg/hemd-msg.asd
Symlinking /home/rajendra/drone_ws/devel/include/hemd/line.h
Symlinking /home/rajendra/drone_ws/devel/include/hemd/markerInfo.h
Symlinking /home/rajendra/drone_ws/devel/include/hemd/quadstate.h
Symlinking /home/rajendra/drone_ws/devel/lib/hemd/main
Symlinking /home/rajendra/drone_ws/devel/lib/hemd/qr
Symlinking /home/rajendra/drone_ws/devel/lib/python3/dist-packages/hemd/__init__.py
Symlinking /home/rajendra/drone_ws/devel/lib/python3/dist-packages/hemd/msg/_quadstate.py
Symlinking /home/rajendra/drone_ws/devel/lib/python3/dist-packages/hemd/msg/__init__.py
Symlinking /home/rajendra/drone_ws/devel/lib/python3/dist-packages/hemd/msg/_line.py
Symlinking /home/rajendra/drone_ws/devel/lib/python3/dist-packages/hemd/msg/_markerInfo.py
Symlinking /home/rajendra/drone_ws/devel/lib/pkgconfig/hemd.pc
