[  0%] Built target geometry_msgs_generate_messages_nodejs
[  0%] Built target std_msgs_generate_messages_nodejs
[  0%] Built target _px_comm_generate_messages_check_deps_Mavlink
[  0%] Built target _px_comm_generate_messages_check_deps_SetCameraInfo
[  0%] Built target geometry_msgs_generate_messages_py
[  0%] Built target _px_comm_generate_messages_check_deps_CameraInfo
[  0%] Built target std_msgs_generate_messages_py
[  0%] Built target _px_comm_generate_messages_check_deps_OpticalFlow
[  0%] Built target std_msgs_generate_messages_cpp
[  0%] Built target geometry_msgs_generate_messages_cpp
[  0%] Built target std_msgs_generate_messages_lisp
[  0%] Built target geometry_msgs_generate_messages_lisp
[  0%] Built target std_msgs_generate_messages_eus
[  0%] Built target geometry_msgs_generate_messages_eus
[ 17%] Built target px_comm_generate_messages_nodejs
[ 43%] Built target px_comm_generate_messages_py
[ 60%] Built target px_comm_generate_messages_cpp
[ 78%] Built target px_comm_generate_messages_lisp
[100%] Built target px_comm_generate_messages_eus
[100%] Built target px_comm_generate_messages
