[35m[1mScanning dependencies of target _mav_state_machine_msgs_generate_messages_check_deps_RunTaskService[0m
[  0%] Built target _mav_state_machine_msgs_generate_messages_check_deps_RunTaskService
[35m[1mScanning dependencies of target std_msgs_generate_messages_py[0m
[  0%] Built target std_msgs_generate_messages_py
[35m[1mScanning dependencies of target _mav_state_machine_msgs_generate_messages_check_deps_StartStopTask[0m
[  0%] Built target _mav_state_machine_msgs_generate_messages_check_deps_StartStopTask
[35m[1mScanning dependencies of target std_msgs_generate_messages_eus[0m
[  0%] Built target std_msgs_generate_messages_eus
[35m[1mScanning dependencies of target std_msgs_generate_messages_cpp[0m
[  0%] Built target std_msgs_generate_messages_cpp
[35m[1mScanning dependencies of target std_msgs_generate_messages_lisp[0m
[  0%] Built target std_msgs_generate_messages_lisp
[35m[1mScanning dependencies of target std_msgs_generate_messages_nodejs[0m
[  0%] Built target std_msgs_generate_messages_nodejs
[35m[1mScanning dependencies of target mav_state_machine_msgs_generate_messages_py[0m
[  7%] [34m[1mGenerating Python from MSG mav_state_machine_msgs/StartStopTask[0m
[ 15%] [34m[1mGenerating Python code from SRV mav_state_machine_msgs/RunTaskService[0m
[ 23%] [34m[1mGenerating Python msg __init__.py for mav_state_machine_msgs[0m
[ 30%] [34m[1mGenerating Python srv __init__.py for mav_state_machine_msgs[0m
[ 30%] Built target mav_state_machine_msgs_generate_messages_py
[35m[1mScanning dependencies of target mav_state_machine_msgs_generate_messages_eus[0m
[ 38%] [34m[1mGenerating EusLisp code from mav_state_machine_msgs/StartStopTask.msg[0m
[ 46%] [34m[1mGenerating EusLisp code from mav_state_machine_msgs/RunTaskService.srv[0m
[ 53%] [34m[1mGenerating EusLisp manifest code for mav_state_machine_msgs[0m
[ 53%] Built target mav_state_machine_msgs_generate_messages_eus
[35m[1mScanning dependencies of target mav_state_machine_msgs_generate_messages_cpp[0m
[ 61%] [34m[1mGenerating C++ code from mav_state_machine_msgs/StartStopTask.msg[0m
[ 69%] [34m[1mGenerating C++ code from mav_state_machine_msgs/RunTaskService.srv[0m
[ 69%] Built target mav_state_machine_msgs_generate_messages_cpp
[35m[1mScanning dependencies of target mav_state_machine_msgs_generate_messages_lisp[0m
[ 76%] [34m[1mGenerating Lisp code from mav_state_machine_msgs/StartStopTask.msg[0m
[ 84%] [34m[1mGenerating Lisp code from mav_state_machine_msgs/RunTaskService.srv[0m
[ 84%] Built target mav_state_machine_msgs_generate_messages_lisp
[35m[1mScanning dependencies of target mav_state_machine_msgs_generate_messages_nodejs[0m
[ 92%] [34m[1mGenerating Javascript code from mav_state_machine_msgs/StartStopTask.msg[0m
[100%] [34m[1mGenerating Javascript code from mav_state_machine_msgs/RunTaskService.srv[0m
[100%] Built target mav_state_machine_msgs_generate_messages_nodejs
[35m[1mScanning dependencies of target mav_state_machine_msgs_generate_messages[0m
[100%] Built target mav_state_machine_msgs_generate_messages
